Flow report for rom
Tue Mar 18 18:31:16 2025
Quartus Prime Version 20.1.1 Build 720 11/11/2020 SJ Lite Edition


---------------------
; Table of Contents ;
---------------------
  1. Legal Notice
  2. Flow Summary
  3. Flow Settings
  4. Flow Non-Default Global Settings
  5. Flow Elapsed Time
  6. Flow OS Summary
  7. Flow Log
  8. Flow Messages
  9. Flow Suppressed Messages



----------------
; Legal Notice ;
----------------
Copyright (C) 2020  Intel Corporation. All rights reserved.
Your use of Intel Corporation's design tools, logic functions 
and other software and tools, and any partner logic 
functions, and any output files from any of the foregoing 
(including device programming or simulation files), and any 
associated documentation or information are expressly subject 
to the terms and conditions of the Intel Program License 
Subscription Agreement, the Intel Quartus Prime License Agreement,
the Intel FPGA IP License Agreement, or other applicable license
agreement, including, without limitation, that your use is for
the sole purpose of programming logic devices manufactured by
Intel and sold by Intel or its authorized distributors.  Please
refer to the applicable agreement for further details, at
https://fpgasoftware.intel.com/eula.



+----------------------------------------------------------------------------------+
; Flow Summary                                                                     ;
+------------------------------------+---------------------------------------------+
; Flow Status                        ; Successful - Tue Mar 18 18:31:16 2025       ;
; Quartus Prime Version              ; 20.1.1 Build 720 11/11/2020 SJ Lite Edition ;
; Revision Name                      ; rom                                         ;
; Top-level Entity Name              ; cpuC                                        ;
; Family                             ; Cyclone 10 LP                               ;
; Total logic elements               ; 253 / 6,272 ( 4 % )                         ;
;     Total combinational functions  ; 243 / 6,272 ( 4 % )                         ;
;     Dedicated logic registers      ; 42 / 6,272 ( < 1 % )                        ;
; Total registers                    ; 42                                          ;
; Total pins                         ; 19 / 89 ( 21 % )                            ;
; Total virtual pins                 ; 0                                           ;
; Total memory bits                  ; 2,048 / 276,480 ( < 1 % )                   ;
; Embedded Multiplier 9-bit elements ; 0 / 30 ( 0 % )                              ;
; Total PLLs                         ; 0 / 2 ( 0 % )                               ;
; Device                             ; 10CL006YE144C6G                             ;
; Timing Models                      ; Final                                       ;
+------------------------------------+---------------------------------------------+


+-----------------------------------------+
; Flow Settings                           ;
+-------------------+---------------------+
; Option            ; Setting             ;
+-------------------+---------------------+
; Start date & time ; 03/18/2025 18:30:51 ;
; Main task         ; Compilation         ;
; Revision Name     ; rom                 ;
+-------------------+---------------------+


+-------------------------------------------------------------------------------------------------------------------------------------------------+
; Flow Non-Default Global Settings                                                                                                                ;
+--------------------------------------+----------------------------------------+---------------+-------------+-----------------------------------+
; Assignment Name                      ; Value                                  ; Default Value ; Entity Name ; Section Id                        ;
+--------------------------------------+----------------------------------------+---------------+-------------+-----------------------------------+
; COMPILER_SIGNATURE_ID                ; 2543488198581.174229385113444          ; --            ; --          ; --                                ;
; EDA_DESIGN_INSTANCE_NAME             ; NA                                     ; --            ; --          ; ROM_tb                            ;
; EDA_DESIGN_INSTANCE_NAME             ; NA                                     ; --            ; --          ; regfile_tb                        ;
; EDA_DESIGN_INSTANCE_NAME             ; NA                                     ; --            ; --          ; regfile2_tb                       ;
; EDA_DESIGN_INSTANCE_NAME             ; NA                                     ; --            ; --          ; flag_tb                           ;
; EDA_DESIGN_INSTANCE_NAME             ; NA                                     ; --            ; --          ; cpuC_tb                           ;
; EDA_DESIGN_INSTANCE_NAME             ; NA                                     ; --            ; --          ; RAM_tb                            ;
; EDA_DESIGN_INSTANCE_NAME             ; NA                                     ; --            ; --          ; cpuA_tb                           ;
; EDA_DESIGN_INSTANCE_NAME             ; NA                                     ; --            ; --          ; cpuB_tb                           ;
; EDA_DESIGN_INSTANCE_NAME             ; NA                                     ; --            ; --          ; ROM2_tb                           ;
; EDA_DESIGN_INSTANCE_NAME             ; NA                                     ; --            ; --          ; mux2_tb                           ;
; EDA_DESIGN_INSTANCE_NAME             ; NA                                     ; --            ; --          ; RAM2_tb                           ;
; EDA_DESIGN_INSTANCE_NAME             ; NA                                     ; --            ; --          ; alu_tb                            ;
; EDA_DESIGN_INSTANCE_NAME             ; NA                                     ; --            ; --          ; alu2_tb                           ;
; EDA_GENERATE_FUNCTIONAL_NETLIST      ; Off                                    ; --            ; --          ; eda_board_design_timing           ;
; EDA_GENERATE_FUNCTIONAL_NETLIST      ; Off                                    ; --            ; --          ; eda_board_design_boundary_scan    ;
; EDA_GENERATE_FUNCTIONAL_NETLIST      ; Off                                    ; --            ; --          ; eda_board_design_signal_integrity ;
; EDA_GENERATE_FUNCTIONAL_NETLIST      ; Off                                    ; --            ; --          ; eda_board_design_symbol           ;
; EDA_NATIVELINK_SIMULATION_TEST_BENCH ; cpuC_tb                                ; --            ; --          ; eda_simulation                    ;
; EDA_OUTPUT_DATA_FORMAT               ; Verilog Hdl                            ; --            ; --          ; eda_simulation                    ;
; EDA_SIMULATION_TOOL                  ; ModelSim-Altera (Verilog)              ; <None>        ; --          ; --                                ;
; EDA_TEST_BENCH_ENABLE_STATUS         ; TEST_BENCH_MODE                        ; --            ; --          ; eda_simulation                    ;
; EDA_TEST_BENCH_FILE                  ; ROM_tb.v                               ; --            ; --          ; ROM_tb                            ;
; EDA_TEST_BENCH_FILE                  ; regfile_tb.v                           ; --            ; --          ; regfile_tb                        ;
; EDA_TEST_BENCH_FILE                  ; regfile2_tb.v                          ; --            ; --          ; regfile2_tb                       ;
; EDA_TEST_BENCH_FILE                  ; flag_tb.v                              ; --            ; --          ; flag_tb                           ;
; EDA_TEST_BENCH_FILE                  ; cpuC_tb.v                              ; --            ; --          ; cpuC_tb                           ;
; EDA_TEST_BENCH_FILE                  ; RAM_tb.v                               ; --            ; --          ; RAM_tb                            ;
; EDA_TEST_BENCH_FILE                  ; cpuA_tb.v                              ; --            ; --          ; cpuA_tb                           ;
; EDA_TEST_BENCH_FILE                  ; cpuB_tb.v                              ; --            ; --          ; cpuB_tb                           ;
; EDA_TEST_BENCH_FILE                  ; ROM2_tb.v                              ; --            ; --          ; ROM2_tb                           ;
; EDA_TEST_BENCH_FILE                  ; mux2_tb.v                              ; --            ; --          ; mux2_tb                           ;
; EDA_TEST_BENCH_FILE                  ; RAM2_tb.v                              ; --            ; --          ; RAM2_tb                           ;
; EDA_TEST_BENCH_FILE                  ; alu_tb.v                               ; --            ; --          ; alu_tb                            ;
; EDA_TEST_BENCH_FILE                  ; alu2_tb.v                              ; --            ; --          ; alu2_tb                           ;
; EDA_TEST_BENCH_MODULE_NAME           ; ROM_tb                                 ; --            ; --          ; ROM_tb                            ;
; EDA_TEST_BENCH_MODULE_NAME           ; regfile_tb                             ; --            ; --          ; regfile_tb                        ;
; EDA_TEST_BENCH_MODULE_NAME           ; regfile2_tb                            ; --            ; --          ; regfile2_tb                       ;
; EDA_TEST_BENCH_MODULE_NAME           ; flag_tb                                ; --            ; --          ; flag_tb                           ;
; EDA_TEST_BENCH_MODULE_NAME           ; cpuC_tb                                ; --            ; --          ; cpuC_tb                           ;
; EDA_TEST_BENCH_MODULE_NAME           ; RAM_tb                                 ; --            ; --          ; RAM_tb                            ;
; EDA_TEST_BENCH_MODULE_NAME           ; cpuA_tb                                ; --            ; --          ; cpuA_tb                           ;
; EDA_TEST_BENCH_MODULE_NAME           ; cpuB_tb                                ; --            ; --          ; cpuB_tb                           ;
; EDA_TEST_BENCH_MODULE_NAME           ; ROM2_tb                                ; --            ; --          ; ROM2_tb                           ;
; EDA_TEST_BENCH_MODULE_NAME           ; mux2_tb                                ; --            ; --          ; mux2_tb                           ;
; EDA_TEST_BENCH_MODULE_NAME           ; RAM2_tb                                ; --            ; --          ; RAM2_tb                           ;
; EDA_TEST_BENCH_MODULE_NAME           ; alu_tb                                 ; --            ; --          ; alu_tb                            ;
; EDA_TEST_BENCH_MODULE_NAME           ; alu2_tb                                ; --            ; --          ; alu2_tb                           ;
; EDA_TEST_BENCH_NAME                  ; ROM_tb                                 ; --            ; --          ; eda_simulation                    ;
; EDA_TEST_BENCH_NAME                  ; ROM2_tb                                ; --            ; --          ; eda_simulation                    ;
; EDA_TEST_BENCH_NAME                  ; regfile_tb                             ; --            ; --          ; eda_simulation                    ;
; EDA_TEST_BENCH_NAME                  ; regfile2_tb                            ; --            ; --          ; eda_simulation                    ;
; EDA_TEST_BENCH_NAME                  ; alu_tb                                 ; --            ; --          ; eda_simulation                    ;
; EDA_TEST_BENCH_NAME                  ; alu2_tb                                ; --            ; --          ; eda_simulation                    ;
; EDA_TEST_BENCH_NAME                  ; RAM_tb                                 ; --            ; --          ; eda_simulation                    ;
; EDA_TEST_BENCH_NAME                  ; RAM2_tb                                ; --            ; --          ; eda_simulation                    ;
; EDA_TEST_BENCH_NAME                  ; flag_tb                                ; --            ; --          ; eda_simulation                    ;
; EDA_TEST_BENCH_NAME                  ; cpuA_tb                                ; --            ; --          ; eda_simulation                    ;
; EDA_TEST_BENCH_NAME                  ; mux2_tb                                ; --            ; --          ; eda_simulation                    ;
; EDA_TEST_BENCH_NAME                  ; cpuB_tb                                ; --            ; --          ; eda_simulation                    ;
; EDA_TEST_BENCH_NAME                  ; cpuC_tb                                ; --            ; --          ; eda_simulation                    ;
; EDA_TIME_SCALE                       ; 1 ps                                   ; --            ; --          ; eda_simulation                    ;
; MISC_FILE                            ; cpurom_inst.v                          ; --            ; --          ; --                                ;
; MISC_FILE                            ; cpurom_bb.v                            ; --            ; --          ; --                                ;
; MISC_FILE                            ; cpurom2_inst.v                         ; --            ; --          ; --                                ;
; MISC_FILE                            ; cpurom2_bb.v                           ; --            ; --          ; --                                ;
; MISC_FILE                            ; cpuram_inst.v                          ; --            ; --          ; --                                ;
; MISC_FILE                            ; cpuram_bb.v                            ; --            ; --          ; --                                ;
; MISC_FILE                            ; cpuram2_inst.v                         ; --            ; --          ; --                                ;
; MISC_FILE                            ; cpuram2_bb.v                           ; --            ; --          ; --                                ;
; PARTITION_COLOR                      ; -- (Not supported for targeted family) ; --            ; cpuC        ; Top                               ;
; PARTITION_FITTER_PRESERVATION_LEVEL  ; -- (Not supported for targeted family) ; --            ; cpuC        ; Top                               ;
; PARTITION_NETLIST_TYPE               ; -- (Not supported for targeted family) ; --            ; cpuC        ; Top                               ;
; PROJECT_OUTPUT_DIRECTORY             ; output_files                           ; --            ; --          ; --                                ;
; TOP_LEVEL_ENTITY                     ; cpuC                                   ; rom           ; --          ; --                                ;
+--------------------------------------+----------------------------------------+---------------+-------------+-----------------------------------+


+--------------------------------------------------------------------------------------------------------------------------+
; Flow Elapsed Time                                                                                                        ;
+----------------------+--------------+-------------------------+---------------------+------------------------------------+
; Module Name          ; Elapsed Time ; Average Processors Used ; Peak Virtual Memory ; Total CPU Time (on all processors) ;
+----------------------+--------------+-------------------------+---------------------+------------------------------------+
; Analysis & Synthesis ; 00:00:09     ; 1.0                     ; 4792 MB             ; 00:00:22                           ;
; Fitter               ; 00:00:07     ; 1.2                     ; 5718 MB             ; 00:00:09                           ;
; Assembler            ; 00:00:01     ; 1.0                     ; 4684 MB             ; 00:00:01                           ;
; Timing Analyzer      ; 00:00:02     ; 1.1                     ; 4826 MB             ; 00:00:02                           ;
; EDA Netlist Writer   ; 00:00:01     ; 1.0                     ; 4642 MB             ; 00:00:00                           ;
; Total                ; 00:00:20     ; --                      ; --                  ; 00:00:34                           ;
+----------------------+--------------+-------------------------+---------------------+------------------------------------+


+------------------------------------------------------------------------------------+
; Flow OS Summary                                                                    ;
+----------------------+------------------+------------+------------+----------------+
; Module Name          ; Machine Hostname ; OS Name    ; OS Version ; Processor type ;
+----------------------+------------------+------------+------------+----------------+
; Analysis & Synthesis ; Ngsanchong       ; Windows 10 ; 10.0       ; x86_64         ;
; Fitter               ; Ngsanchong       ; Windows 10 ; 10.0       ; x86_64         ;
; Assembler            ; Ngsanchong       ; Windows 10 ; 10.0       ; x86_64         ;
; Timing Analyzer      ; Ngsanchong       ; Windows 10 ; 10.0       ; x86_64         ;
; EDA Netlist Writer   ; Ngsanchong       ; Windows 10 ; 10.0       ; x86_64         ;
+----------------------+------------------+------------+------------+----------------+


------------
; Flow Log ;
------------
quartus_map --read_settings_files=on --write_settings_files=off rom -c rom
quartus_fit --read_settings_files=off --write_settings_files=off rom -c rom
quartus_asm --read_settings_files=off --write_settings_files=off rom -c rom
quartus_sta rom -c rom
quartus_eda --read_settings_files=off --write_settings_files=off rom -c rom



