Timing Analyzer report for rom
Thu Mar 06 15:57:27 2025
Quartus Prime Version 20.1.1 Build 720 11/11/2020 SJ Lite Edition


---------------------
; Table of Contents ;
---------------------
  1. Legal Notice
  2. Timing Analyzer Summary
  3. Parallel Compilation
  4. Clocks
  5. Slow 1200mV 85C Model Fmax Summary
  6. Timing Closure Recommendations
  7. Slow 1200mV 85C Model Setup Summary
  8. Slow 1200mV 85C Model Hold Summary
  9. Slow 1200mV 85C Model Recovery Summary
 10. Slow 1200mV 85C Model Removal Summary
 11. Slow 1200mV 85C Model Minimum Pulse Width Summary
 12. Slow 1200mV 85C Model Setup: 'cs[0]'
 13. Slow 1200mV 85C Model Hold: 'cs[0]'
 14. Slow 1200mV 85C Model Metastability Summary
 15. Slow 1200mV 0C Model Fmax Summary
 16. Slow 1200mV 0C Model Setup Summary
 17. Slow 1200mV 0C Model Hold Summary
 18. Slow 1200mV 0C Model Recovery Summary
 19. Slow 1200mV 0C Model Removal Summary
 20. Slow 1200mV 0C Model Minimum Pulse Width Summary
 21. Slow 1200mV 0C Model Setup: 'cs[0]'
 22. Slow 1200mV 0C Model Hold: 'cs[0]'
 23. Slow 1200mV 0C Model Metastability Summary
 24. Fast 1200mV 0C Model Setup Summary
 25. Fast 1200mV 0C Model Hold Summary
 26. Fast 1200mV 0C Model Recovery Summary
 27. Fast 1200mV 0C Model Removal Summary
 28. Fast 1200mV 0C Model Minimum Pulse Width Summary
 29. Fast 1200mV 0C Model Setup: 'cs[0]'
 30. Fast 1200mV 0C Model Hold: 'cs[0]'
 31. Fast 1200mV 0C Model Metastability Summary
 32. Multicorner Timing Analysis Summary
 33. Board Trace Model Assignments
 34. Input Transition Times
 35. Signal Integrity Metrics (Slow 1200mv 0c Model)
 36. Signal Integrity Metrics (Slow 1200mv 85c Model)
 37. Signal Integrity Metrics (Fast 1200mv 0c Model)
 38. Setup Transfers
 39. Hold Transfers
 40. Report TCCS
 41. Report RSKM
 42. Unconstrained Paths Summary
 43. Clock Status Summary
 44. Unconstrained Input Ports
 45. Unconstrained Output Ports
 46. Unconstrained Input Ports
 47. Unconstrained Output Ports
 48. Timing Analyzer Messages



----------------
; Legal Notice ;
----------------
Copyright (C) 2020  Intel Corporation. All rights reserved.
Your use of Intel Corporation's design tools, logic functions 
and other software and tools, and any partner logic 
functions, and any output files from any of the foregoing 
(including device programming or simulation files), and any 
associated documentation or information are expressly subject 
to the terms and conditions of the Intel Program License 
Subscription Agreement, the Intel Quartus Prime License Agreement,
the Intel FPGA IP License Agreement, or other applicable license
agreement, including, without limitation, that your use is for
the sole purpose of programming logic devices manufactured by
Intel and sold by Intel or its authorized distributors.  Please
refer to the applicable agreement for further details, at
https://fpgasoftware.intel.com/eula.



+-----------------------------------------------------------------------------+
; Timing Analyzer Summary                                                     ;
+-----------------------+-----------------------------------------------------+
; Quartus Prime Version ; Version 20.1.1 Build 720 11/11/2020 SJ Lite Edition ;
; Timing Analyzer       ; Timing Analyzer                                     ;
; Revision Name         ; rom                                                 ;
; Device Family         ; Cyclone 10 LP                                       ;
; Device Name           ; 10CL006YE144C6G                                     ;
; Timing Models         ; Final                                               ;
; Delay Model           ; Combined                                            ;
; Rise/Fall Delays      ; Enabled                                             ;
+-----------------------+-----------------------------------------------------+


+------------------------------------------+
; Parallel Compilation                     ;
+----------------------------+-------------+
; Processors                 ; Number      ;
+----------------------------+-------------+
; Number detected on machine ; 16          ;
; Maximum allowed            ; 8           ;
;                            ;             ;
; Average used               ; 1.11        ;
; Maximum used               ; 8           ;
;                            ;             ;
; Usage by Processor         ; % Time Used ;
;     Processor 1            ; 100.0%      ;
;     Processors 2-8         ;   1.6%      ;
+----------------------------+-------------+


+-----------------------------------------------------------------------------------------------------------------------------------------------------------------------------------+
; Clocks                                                                                                                                                                            ;
+------------+------+--------+------------+-------+-------+------------+-----------+-------------+-------+--------+-----------+------------+----------+--------+--------+-----------+
; Clock Name ; Type ; Period ; Frequency  ; Rise  ; Fall  ; Duty Cycle ; Divide by ; Multiply by ; Phase ; Offset ; Edge List ; Edge Shift ; Inverted ; Master ; Source ; Targets   ;
+------------+------+--------+------------+-------+-------+------------+-----------+-------------+-------+--------+-----------+------------+----------+--------+--------+-----------+
; cs[0]      ; Base ; 1.000  ; 1000.0 MHz ; 0.000 ; 0.500 ;            ;           ;             ;       ;        ;           ;            ;          ;        ;        ; { cs[0] } ;
+------------+------+--------+------------+-------+-------+------------+-----------+-------------+-------+--------+-----------+------------+----------+--------+--------+-----------+


+---------------------------------------------------------------------------------------------------+
; Slow 1200mV 85C Model Fmax Summary                                                                ;
+------------+-----------------+------------+-------------------------------------------------------+
; Fmax       ; Restricted Fmax ; Clock Name ; Note                                                  ;
+------------+-----------------+------------+-------------------------------------------------------+
; 218.34 MHz ; 170.53 MHz      ; cs[0]      ; limit due to high minimum pulse width violation (tch) ;
+------------+-----------------+------------+-------------------------------------------------------+
This panel reports FMAX for every clock in the design, regardless of the user-specified clock periods.  FMAX is only computed for paths where the source and destination registers or ports are driven by the same clock.  Paths of different clocks, including generated clocks, are ignored.  For paths between a clock and its inversion, FMAX is computed as if the rising and falling edges are scaled along with FMAX, such that the duty cycle (in terms of a percentage) is maintained. Altera recommends that you always use clock constraints and other slack reports for sign-off analysis.


----------------------------------
; Timing Closure Recommendations ;
----------------------------------
HTML report is unavailable in plain text report export.


+-------------------------------------+
; Slow 1200mV 85C Model Setup Summary ;
+-------+--------+--------------------+
; Clock ; Slack  ; End Point TNS      ;
+-------+--------+--------------------+
; cs[0] ; -1.790 ; -14.448            ;
+-------+--------+--------------------+


+------------------------------------+
; Slow 1200mV 85C Model Hold Summary ;
+-------+--------+-------------------+
; Clock ; Slack  ; End Point TNS     ;
+-------+--------+-------------------+
; cs[0] ; -0.265 ; -1.216            ;
+-------+--------+-------------------+


------------------------------------------
; Slow 1200mV 85C Model Recovery Summary ;
------------------------------------------
No paths to report.


-----------------------------------------
; Slow 1200mV 85C Model Removal Summary ;
-----------------------------------------
No paths to report.


+---------------------------------------------------+
; Slow 1200mV 85C Model Minimum Pulse Width Summary ;
+-------+--------+----------------------------------+
; Clock ; Slack  ; End Point TNS                    ;
+-------+--------+----------------------------------+
; cs[0] ; -3.000 ; -13.344                          ;
+-------+--------+----------------------------------+


+------------------------------------------------------------------------------------------------------------+
; Slow 1200mV 85C Model Setup: 'cs[0]'                                                                       ;
+--------+-----------+-----------------+--------------+-------------+--------------+------------+------------+
; Slack  ; From Node ; To Node         ; Launch Clock ; Latch Clock ; Relationship ; Clock Skew ; Data Delay ;
+--------+-----------+-----------------+--------------+-------------+--------------+------------+------------+
; -1.790 ; cs[0]     ; s[7]$latch      ; cs[0]        ; cs[0]       ; 0.500        ; 4.036      ; 5.587      ;
; -1.710 ; cs[0]     ; s[5]$latch      ; cs[0]        ; cs[0]       ; 0.500        ; 4.030      ; 5.608      ;
; -1.708 ; cs[0]     ; s[4]$latch      ; cs[0]        ; cs[0]       ; 0.500        ; 4.030      ; 5.608      ;
; -1.688 ; cs[0]     ; s[6]$latch      ; cs[0]        ; cs[0]       ; 0.500        ; 4.036      ; 5.592      ;
; -1.684 ; cs[0]     ; s[1]$latch      ; cs[0]        ; cs[0]       ; 0.500        ; 4.030      ; 5.475      ;
; -1.558 ; cs[0]     ; s[2]$latch      ; cs[0]        ; cs[0]       ; 0.500        ; 4.143      ; 5.573      ;
; -1.533 ; cs[0]     ; s[3]$latch      ; cs[0]        ; cs[0]       ; 0.500        ; 4.030      ; 5.423      ;
; -1.403 ; cs[0]     ; s[0]$latch      ; cs[0]        ; cs[0]       ; 0.500        ; 4.142      ; 5.421      ;
; -1.374 ; cs[0]     ; carry_out$latch ; cs[0]        ; cs[0]       ; 0.500        ; 2.369      ; 3.230      ;
; -1.089 ; cs[0]     ; carry_out$latch ; cs[0]        ; cs[0]       ; 1.000        ; 2.369      ; 3.445      ;
; -1.068 ; cs[0]     ; s[7]$latch      ; cs[0]        ; cs[0]       ; 1.000        ; 4.036      ; 5.365      ;
; -0.984 ; cs[0]     ; s[5]$latch      ; cs[0]        ; cs[0]       ; 1.000        ; 4.030      ; 5.382      ;
; -0.983 ; cs[0]     ; s[4]$latch      ; cs[0]        ; cs[0]       ; 1.000        ; 4.030      ; 5.383      ;
; -0.964 ; cs[0]     ; s[6]$latch      ; cs[0]        ; cs[0]       ; 1.000        ; 4.036      ; 5.368      ;
; -0.956 ; cs[0]     ; s[1]$latch      ; cs[0]        ; cs[0]       ; 1.000        ; 4.030      ; 5.247      ;
; -0.883 ; cs[0]     ; s[3]$latch      ; cs[0]        ; cs[0]       ; 1.000        ; 4.030      ; 5.273      ;
; -0.820 ; cs[0]     ; s[2]$latch      ; cs[0]        ; cs[0]       ; 1.000        ; 4.143      ; 5.335      ;
; -0.699 ; cs[0]     ; s[0]$latch      ; cs[0]        ; cs[0]       ; 1.000        ; 4.142      ; 5.217      ;
+--------+-----------+-----------------+--------------+-------------+--------------+------------+------------+


+------------------------------------------------------------------------------------------------------------+
; Slow 1200mV 85C Model Hold: 'cs[0]'                                                                        ;
+--------+-----------+-----------------+--------------+-------------+--------------+------------+------------+
; Slack  ; From Node ; To Node         ; Launch Clock ; Latch Clock ; Relationship ; Clock Skew ; Data Delay ;
+--------+-----------+-----------------+--------------+-------------+--------------+------------+------------+
; -0.265 ; cs[0]     ; s[2]$latch      ; cs[0]        ; cs[0]       ; 0.000        ; 4.299      ; 4.034      ;
; -0.234 ; cs[0]     ; s[6]$latch      ; cs[0]        ; cs[0]       ; 0.000        ; 4.187      ; 3.953      ;
; -0.224 ; cs[0]     ; s[0]$latch      ; cs[0]        ; cs[0]       ; 0.000        ; 4.298      ; 4.074      ;
; -0.191 ; cs[0]     ; s[3]$latch      ; cs[0]        ; cs[0]       ; 0.000        ; 4.181      ; 3.990      ;
; -0.121 ; cs[0]     ; s[5]$latch      ; cs[0]        ; cs[0]       ; 0.000        ; 4.182      ; 4.061      ;
; -0.097 ; cs[0]     ; s[1]$latch      ; cs[0]        ; cs[0]       ; 0.000        ; 4.181      ; 4.084      ;
; -0.084 ; cs[0]     ; s[7]$latch      ; cs[0]        ; cs[0]       ; 0.000        ; 4.187      ; 4.103      ;
; 0.071  ; cs[0]     ; s[4]$latch      ; cs[0]        ; cs[0]       ; 0.000        ; 4.181      ; 4.252      ;
; 0.408  ; cs[0]     ; s[2]$latch      ; cs[0]        ; cs[0]       ; -0.500       ; 4.299      ; 4.227      ;
; 0.414  ; cs[0]     ; s[0]$latch      ; cs[0]        ; cs[0]       ; -0.500       ; 4.298      ; 4.232      ;
; 0.422  ; cs[0]     ; s[3]$latch      ; cs[0]        ; cs[0]       ; -0.500       ; 4.181      ; 4.123      ;
; 0.523  ; cs[0]     ; s[6]$latch      ; cs[0]        ; cs[0]       ; -0.500       ; 4.187      ; 4.230      ;
; 0.568  ; cs[0]     ; s[5]$latch      ; cs[0]        ; cs[0]       ; -0.500       ; 4.182      ; 4.270      ;
; 0.606  ; cs[0]     ; s[1]$latch      ; cs[0]        ; cs[0]       ; -0.500       ; 4.181      ; 4.307      ;
; 0.648  ; cs[0]     ; s[7]$latch      ; cs[0]        ; cs[0]       ; -0.500       ; 4.187      ; 4.355      ;
; 0.709  ; cs[0]     ; s[4]$latch      ; cs[0]        ; cs[0]       ; -0.500       ; 4.181      ; 4.410      ;
; 0.797  ; cs[0]     ; carry_out$latch ; cs[0]        ; cs[0]       ; 0.000        ; 2.449      ; 3.246      ;
; 1.082  ; cs[0]     ; carry_out$latch ; cs[0]        ; cs[0]       ; -0.500       ; 2.449      ; 3.051      ;
+--------+-----------+-----------------+--------------+-------------+--------------+------------+------------+


-----------------------------------------------
; Slow 1200mV 85C Model Metastability Summary ;
-----------------------------------------------
No synchronizer chains to report.


+--------------------------------------------------------------------------------------------------+
; Slow 1200mV 0C Model Fmax Summary                                                                ;
+-----------+-----------------+------------+-------------------------------------------------------+
; Fmax      ; Restricted Fmax ; Clock Name ; Note                                                  ;
+-----------+-----------------+------------+-------------------------------------------------------+
; 252.4 MHz ; 193.95 MHz      ; cs[0]      ; limit due to high minimum pulse width violation (tch) ;
+-----------+-----------------+------------+-------------------------------------------------------+
This panel reports FMAX for every clock in the design, regardless of the user-specified clock periods.  FMAX is only computed for paths where the source and destination registers or ports are driven by the same clock.  Paths of different clocks, including generated clocks, are ignored.  For paths between a clock and its inversion, FMAX is computed as if the rising and falling edges are scaled along with FMAX, such that the duty cycle (in terms of a percentage) is maintained. Altera recommends that you always use clock constraints and other slack reports for sign-off analysis.


+------------------------------------+
; Slow 1200mV 0C Model Setup Summary ;
+-------+--------+-------------------+
; Clock ; Slack  ; End Point TNS     ;
+-------+--------+-------------------+
; cs[0] ; -1.481 ; -11.895           ;
+-------+--------+-------------------+


+-----------------------------------+
; Slow 1200mV 0C Model Hold Summary ;
+-------+--------+------------------+
; Clock ; Slack  ; End Point TNS    ;
+-------+--------+------------------+
; cs[0] ; -0.259 ; -1.030           ;
+-------+--------+------------------+


-----------------------------------------
; Slow 1200mV 0C Model Recovery Summary ;
-----------------------------------------
No paths to report.


----------------------------------------
; Slow 1200mV 0C Model Removal Summary ;
----------------------------------------
No paths to report.


+--------------------------------------------------+
; Slow 1200mV 0C Model Minimum Pulse Width Summary ;
+-------+--------+---------------------------------+
; Clock ; Slack  ; End Point TNS                   ;
+-------+--------+---------------------------------+
; cs[0] ; -3.000 ; -12.808                         ;
+-------+--------+---------------------------------+


+------------------------------------------------------------------------------------------------------------+
; Slow 1200mV 0C Model Setup: 'cs[0]'                                                                        ;
+--------+-----------+-----------------+--------------+-------------+--------------+------------+------------+
; Slack  ; From Node ; To Node         ; Launch Clock ; Latch Clock ; Relationship ; Clock Skew ; Data Delay ;
+--------+-----------+-----------------+--------------+-------------+--------------+------------+------------+
; -1.481 ; cs[0]     ; s[7]$latch      ; cs[0]        ; cs[0]       ; 0.500        ; 3.715      ; 5.031      ;
; -1.397 ; cs[0]     ; s[5]$latch      ; cs[0]        ; cs[0]       ; 0.500        ; 3.710      ; 5.032      ;
; -1.379 ; cs[0]     ; s[4]$latch      ; cs[0]        ; cs[0]       ; 0.500        ; 3.709      ; 5.015      ;
; -1.374 ; cs[0]     ; s[1]$latch      ; cs[0]        ; cs[0]       ; 0.500        ; 3.709      ; 4.918      ;
; -1.374 ; cs[0]     ; s[6]$latch      ; cs[0]        ; cs[0]       ; 0.500        ; 3.715      ; 5.015      ;
; -1.260 ; cs[0]     ; carry_out$latch ; cs[0]        ; cs[0]       ; 0.500        ; 2.152      ; 3.004      ;
; -1.259 ; cs[0]     ; s[3]$latch      ; cs[0]        ; cs[0]       ; 0.500        ; 3.711      ; 4.887      ;
; -1.244 ; cs[0]     ; s[2]$latch      ; cs[0]        ; cs[0]       ; 0.500        ; 3.811      ; 4.983      ;
; -1.127 ; cs[0]     ; s[0]$latch      ; cs[0]        ; cs[0]       ; 0.500        ; 3.810      ; 4.871      ;
; -0.880 ; cs[0]     ; s[7]$latch      ; cs[0]        ; cs[0]       ; 1.000        ; 3.715      ; 4.930      ;
; -0.887 ; cs[0]     ; carry_out$latch ; cs[0]        ; cs[0]       ; 1.000        ; 2.152      ; 3.131      ;
; -0.775 ; cs[0]     ; s[1]$latch      ; cs[0]        ; cs[0]       ; 1.000        ; 3.709      ; 4.819      ;
; -0.771 ; cs[0]     ; s[6]$latch      ; cs[0]        ; cs[0]       ; 1.000        ; 3.715      ; 4.912      ;
; -0.757 ; cs[0]     ; s[5]$latch      ; cs[0]        ; cs[0]       ; 1.000        ; 3.710      ; 4.892      ;
; -0.749 ; cs[0]     ; s[4]$latch      ; cs[0]        ; cs[0]       ; 1.000        ; 3.709      ; 4.885      ;
; -0.728 ; cs[0]     ; s[3]$latch      ; cs[0]        ; cs[0]       ; 1.000        ; 3.711      ; 4.856      ;
; -0.663 ; cs[0]     ; s[2]$latch      ; cs[0]        ; cs[0]       ; 1.000        ; 3.811      ; 4.902      ;
; -0.546 ; cs[0]     ; s[0]$latch      ; cs[0]        ; cs[0]       ; 1.000        ; 3.810      ; 4.790      ;
+--------+-----------+-----------------+--------------+-------------+--------------+------------+------------+


+------------------------------------------------------------------------------------------------------------+
; Slow 1200mV 0C Model Hold: 'cs[0]'                                                                         ;
+--------+-----------+-----------------+--------------+-------------+--------------+------------+------------+
; Slack  ; From Node ; To Node         ; Launch Clock ; Latch Clock ; Relationship ; Clock Skew ; Data Delay ;
+--------+-----------+-----------------+--------------+-------------+--------------+------------+------------+
; -0.259 ; cs[0]     ; s[0]$latch      ; cs[0]        ; cs[0]       ; 0.000        ; 3.951      ; 3.692      ;
; -0.220 ; cs[0]     ; s[2]$latch      ; cs[0]        ; cs[0]       ; 0.000        ; 3.952      ; 3.732      ;
; -0.206 ; cs[0]     ; s[6]$latch      ; cs[0]        ; cs[0]       ; 0.000        ; 3.852      ; 3.646      ;
; -0.153 ; cs[0]     ; s[3]$latch      ; cs[0]        ; cs[0]       ; 0.000        ; 3.849      ; 3.696      ;
; -0.074 ; cs[0]     ; s[5]$latch      ; cs[0]        ; cs[0]       ; 0.000        ; 3.847      ; 3.773      ;
; -0.068 ; cs[0]     ; s[1]$latch      ; cs[0]        ; cs[0]       ; 0.000        ; 3.846      ; 3.778      ;
; -0.050 ; cs[0]     ; s[7]$latch      ; cs[0]        ; cs[0]       ; 0.000        ; 3.852      ; 3.802      ;
; 0.083  ; cs[0]     ; s[4]$latch      ; cs[0]        ; cs[0]       ; 0.000        ; 3.847      ; 3.930      ;
; 0.324  ; cs[0]     ; s[2]$latch      ; cs[0]        ; cs[0]       ; -0.500       ; 3.952      ; 3.796      ;
; 0.343  ; cs[0]     ; s[3]$latch      ; cs[0]        ; cs[0]       ; -0.500       ; 3.849      ; 3.712      ;
; 0.355  ; cs[0]     ; s[0]$latch      ; cs[0]        ; cs[0]       ; -0.500       ; 3.951      ; 3.826      ;
; 0.428  ; cs[0]     ; s[6]$latch      ; cs[0]        ; cs[0]       ; -0.500       ; 3.852      ; 3.800      ;
; 0.489  ; cs[0]     ; s[5]$latch      ; cs[0]        ; cs[0]       ; -0.500       ; 3.847      ; 3.856      ;
; 0.527  ; cs[0]     ; s[1]$latch      ; cs[0]        ; cs[0]       ; -0.500       ; 3.846      ; 3.893      ;
; 0.552  ; cs[0]     ; s[7]$latch      ; cs[0]        ; cs[0]       ; -0.500       ; 3.852      ; 3.924      ;
; 0.588  ; cs[0]     ; s[4]$latch      ; cs[0]        ; cs[0]       ; -0.500       ; 3.847      ; 3.955      ;
; 0.726  ; cs[0]     ; carry_out$latch ; cs[0]        ; cs[0]       ; 0.000        ; 2.221      ; 2.947      ;
; 1.048  ; cs[0]     ; carry_out$latch ; cs[0]        ; cs[0]       ; -0.500       ; 2.221      ; 2.789      ;
+--------+-----------+-----------------+--------------+-------------+--------------+------------+------------+


----------------------------------------------
; Slow 1200mV 0C Model Metastability Summary ;
----------------------------------------------
No synchronizer chains to report.


+------------------------------------+
; Fast 1200mV 0C Model Setup Summary ;
+-------+--------+-------------------+
; Clock ; Slack  ; End Point TNS     ;
+-------+--------+-------------------+
; cs[0] ; -1.150 ; -8.656            ;
+-------+--------+-------------------+


+-----------------------------------+
; Fast 1200mV 0C Model Hold Summary ;
+-------+--------+------------------+
; Clock ; Slack  ; End Point TNS    ;
+-------+--------+------------------+
; cs[0] ; -0.231 ; -1.210           ;
+-------+--------+------------------+


-----------------------------------------
; Fast 1200mV 0C Model Recovery Summary ;
-----------------------------------------
No paths to report.


----------------------------------------
; Fast 1200mV 0C Model Removal Summary ;
----------------------------------------
No paths to report.


+--------------------------------------------------+
; Fast 1200mV 0C Model Minimum Pulse Width Summary ;
+-------+--------+---------------------------------+
; Clock ; Slack  ; End Point TNS                   ;
+-------+--------+---------------------------------+
; cs[0] ; -3.000 ; -11.711                         ;
+-------+--------+---------------------------------+


+------------------------------------------------------------------------------------------------------------+
; Fast 1200mV 0C Model Setup: 'cs[0]'                                                                        ;
+--------+-----------+-----------------+--------------+-------------+--------------+------------+------------+
; Slack  ; From Node ; To Node         ; Launch Clock ; Latch Clock ; Relationship ; Clock Skew ; Data Delay ;
+--------+-----------+-----------------+--------------+-------------+--------------+------------+------------+
; -1.150 ; cs[0]     ; s[7]$latch      ; cs[0]        ; cs[0]       ; 0.500        ; 2.261      ; 3.493      ;
; -1.105 ; cs[0]     ; s[5]$latch      ; cs[0]        ; cs[0]       ; 0.500        ; 2.257      ; 3.507      ;
; -1.085 ; cs[0]     ; s[4]$latch      ; cs[0]        ; cs[0]       ; 0.500        ; 2.259      ; 3.491      ;
; -1.084 ; cs[0]     ; s[1]$latch      ; cs[0]        ; cs[0]       ; 0.500        ; 2.258      ; 3.423      ;
; -1.082 ; cs[0]     ; s[6]$latch      ; cs[0]        ; cs[0]       ; 0.500        ; 2.261      ; 3.488      ;
; -1.005 ; cs[0]     ; s[3]$latch      ; cs[0]        ; cs[0]       ; 0.500        ; 2.259      ; 3.404      ;
; -1.002 ; cs[0]     ; s[2]$latch      ; cs[0]        ; cs[0]       ; 0.500        ; 2.318      ; 3.472      ;
; -0.912 ; cs[0]     ; s[0]$latch      ; cs[0]        ; cs[0]       ; 0.500        ; 2.317      ; 3.383      ;
; -0.203 ; cs[0]     ; carry_out$latch ; cs[0]        ; cs[0]       ; 1.000        ; 1.647      ; 2.277      ;
; -0.231 ; cs[0]     ; carry_out$latch ; cs[0]        ; cs[0]       ; 0.500        ; 1.647      ; 1.805      ;
; -0.139 ; cs[0]     ; s[7]$latch      ; cs[0]        ; cs[0]       ; 1.000        ; 2.261      ; 2.982      ;
; -0.081 ; cs[0]     ; s[5]$latch      ; cs[0]        ; cs[0]       ; 1.000        ; 2.257      ; 2.983      ;
; -0.081 ; cs[0]     ; s[1]$latch      ; cs[0]        ; cs[0]       ; 1.000        ; 2.258      ; 2.920      ;
; -0.077 ; cs[0]     ; s[4]$latch      ; cs[0]        ; cs[0]       ; 1.000        ; 2.259      ; 2.983      ;
; -0.068 ; cs[0]     ; s[6]$latch      ; cs[0]        ; cs[0]       ; 1.000        ; 2.261      ; 2.974      ;
; -0.019 ; cs[0]     ; s[3]$latch      ; cs[0]        ; cs[0]       ; 1.000        ; 2.259      ; 2.918      ;
; 0.015  ; cs[0]     ; s[2]$latch      ; cs[0]        ; cs[0]       ; 1.000        ; 2.318      ; 2.955      ;
; 0.086  ; cs[0]     ; s[0]$latch      ; cs[0]        ; cs[0]       ; 1.000        ; 2.317      ; 2.885      ;
+--------+-----------+-----------------+--------------+-------------+--------------+------------+------------+


+------------------------------------------------------------------------------------------------------------+
; Fast 1200mV 0C Model Hold: 'cs[0]'                                                                         ;
+--------+-----------+-----------------+--------------+-------------+--------------+------------+------------+
; Slack  ; From Node ; To Node         ; Launch Clock ; Latch Clock ; Relationship ; Clock Skew ; Data Delay ;
+--------+-----------+-----------------+--------------+-------------+--------------+------------+------------+
; -0.231 ; cs[0]     ; s[2]$latch      ; cs[0]        ; cs[0]       ; 0.000        ; 2.405      ; 2.174      ;
; -0.202 ; cs[0]     ; s[3]$latch      ; cs[0]        ; cs[0]       ; 0.000        ; 2.344      ; 2.142      ;
; -0.193 ; cs[0]     ; s[6]$latch      ; cs[0]        ; cs[0]       ; 0.000        ; 2.345      ; 2.152      ;
; -0.177 ; cs[0]     ; s[0]$latch      ; cs[0]        ; cs[0]       ; 0.000        ; 2.405      ; 2.228      ;
; -0.124 ; cs[0]     ; s[1]$latch      ; cs[0]        ; cs[0]       ; 0.000        ; 2.343      ; 2.219      ;
; -0.120 ; cs[0]     ; s[5]$latch      ; cs[0]        ; cs[0]       ; 0.000        ; 2.341      ; 2.221      ;
; -0.100 ; cs[0]     ; s[7]$latch      ; cs[0]        ; cs[0]       ; 0.000        ; 2.345      ; 2.245      ;
; -0.063 ; cs[0]     ; s[4]$latch      ; cs[0]        ; cs[0]       ; 0.000        ; 2.343      ; 2.280      ;
; 0.443  ; cs[0]     ; carry_out$latch ; cs[0]        ; cs[0]       ; -0.500       ; 1.692      ; 1.655      ;
; 0.412  ; cs[0]     ; carry_out$latch ; cs[0]        ; cs[0]       ; 0.000        ; 1.692      ; 2.104      ;
; 0.704  ; cs[0]     ; s[0]$latch      ; cs[0]        ; cs[0]       ; -0.500       ; 2.405      ; 2.629      ;
; 0.818  ; cs[0]     ; s[3]$latch      ; cs[0]        ; cs[0]       ; -0.500       ; 2.344      ; 2.682      ;
; 0.818  ; cs[0]     ; s[2]$latch      ; cs[0]        ; cs[0]       ; -0.500       ; 2.405      ; 2.743      ;
; 0.888  ; cs[0]     ; s[6]$latch      ; cs[0]        ; cs[0]       ; -0.500       ; 2.345      ; 2.753      ;
; 0.937  ; cs[0]     ; s[1]$latch      ; cs[0]        ; cs[0]       ; -0.500       ; 2.343      ; 2.800      ;
; 0.937  ; cs[0]     ; s[5]$latch      ; cs[0]        ; cs[0]       ; -0.500       ; 2.341      ; 2.798      ;
; 0.975  ; cs[0]     ; s[4]$latch      ; cs[0]        ; cs[0]       ; -0.500       ; 2.343      ; 2.838      ;
; 0.977  ; cs[0]     ; s[7]$latch      ; cs[0]        ; cs[0]       ; -0.500       ; 2.345      ; 2.842      ;
+--------+-----------+-----------------+--------------+-------------+--------------+------------+------------+


----------------------------------------------
; Fast 1200mV 0C Model Metastability Summary ;
----------------------------------------------
No synchronizer chains to report.


+--------------------------------------------------------------------------------+
; Multicorner Timing Analysis Summary                                            ;
+------------------+---------+--------+----------+---------+---------------------+
; Clock            ; Setup   ; Hold   ; Recovery ; Removal ; Minimum Pulse Width ;
+------------------+---------+--------+----------+---------+---------------------+
; Worst-case Slack ; -1.790  ; -0.265 ; N/A      ; N/A     ; -3.000              ;
;  cs[0]           ; -1.790  ; -0.265 ; N/A      ; N/A     ; -3.000              ;
; Design-wide TNS  ; -14.448 ; -1.216 ; 0.0      ; 0.0     ; -13.344             ;
;  cs[0]           ; -14.448 ; -1.216 ; N/A      ; N/A     ; -13.344             ;
+------------------+---------+--------+----------+---------+---------------------+


+------------------------------------------------------------------------------------------------------------------------------------------------------------------------------------------------------------------------------------------------------------------------------------------------------------------------------------------------------------------------------------------------------------------+
; Board Trace Model Assignments                                                                                                                                                                                                                                                                                                                                                                                    ;
+---------------+--------------+-------------------+-------------------------+-------------------------+---------------+---------------------+----------------+------------------+--------+------------------+------------------------+------------------------+--------------+---------------+-----------------+-------+---------------------+--------------------+---------------+-----------------+-------------+
; Pin           ; I/O Standard ; Near Tline Length ; Near Tline L per Length ; Near Tline C per Length ; Near Series R ; Near Differential R ; Near Pull-up R ; Near Pull-down R ; Near C ; Far Tline Length ; Far Tline L per Length ; Far Tline C per Length ; Far Series R ; Far Pull-up R ; Far Pull-down R ; Far C ; Termination Voltage ; Far Differential R ; EBD File Name ; EBD Signal Name ; EBD Far-end ;
+---------------+--------------+-------------------+-------------------------+-------------------------+---------------+---------------------+----------------+------------------+--------+------------------+------------------------+------------------------+--------------+---------------+-----------------+-------+---------------------+--------------------+---------------+-----------------+-------------+
; s[0]          ; 2.5 V        ; 0 in              ; 0 H/in                  ; 0 F/in                  ; short         ; -                   ; open           ; open             ; open   ; 0 in             ; 0 H/in                 ; 0 F/in                 ; short        ; open          ; open            ; open  ; 0 V                 ; -                  ; n/a           ; n/a             ; n/a         ;
; s[1]          ; 2.5 V        ; 0 in              ; 0 H/in                  ; 0 F/in                  ; short         ; -                   ; open           ; open             ; open   ; 0 in             ; 0 H/in                 ; 0 F/in                 ; short        ; open          ; open            ; open  ; 0 V                 ; -                  ; n/a           ; n/a             ; n/a         ;
; s[2]          ; 2.5 V        ; 0 in              ; 0 H/in                  ; 0 F/in                  ; short         ; -                   ; open           ; open             ; open   ; 0 in             ; 0 H/in                 ; 0 F/in                 ; short        ; open          ; open            ; open  ; 0 V                 ; -                  ; n/a           ; n/a             ; n/a         ;
; s[3]          ; 2.5 V        ; 0 in              ; 0 H/in                  ; 0 F/in                  ; short         ; -                   ; open           ; open             ; open   ; 0 in             ; 0 H/in                 ; 0 F/in                 ; short        ; open          ; open            ; open  ; 0 V                 ; -                  ; n/a           ; n/a             ; n/a         ;
; s[4]          ; 2.5 V        ; 0 in              ; 0 H/in                  ; 0 F/in                  ; short         ; -                   ; open           ; open             ; open   ; 0 in             ; 0 H/in                 ; 0 F/in                 ; short        ; open          ; open            ; open  ; 0 V                 ; -                  ; n/a           ; n/a             ; n/a         ;
; s[5]          ; 2.5 V        ; 0 in              ; 0 H/in                  ; 0 F/in                  ; short         ; -                   ; open           ; open             ; open   ; 0 in             ; 0 H/in                 ; 0 F/in                 ; short        ; open          ; open            ; open  ; 0 V                 ; -                  ; n/a           ; n/a             ; n/a         ;
; s[6]          ; 2.5 V        ; 0 in              ; 0 H/in                  ; 0 F/in                  ; short         ; -                   ; open           ; open             ; open   ; 0 in             ; 0 H/in                 ; 0 F/in                 ; short        ; open          ; open            ; open  ; 0 V                 ; -                  ; n/a           ; n/a             ; n/a         ;
; s[7]          ; 2.5 V        ; 0 in              ; 0 H/in                  ; 0 F/in                  ; short         ; -                   ; open           ; open             ; open   ; 0 in             ; 0 H/in                 ; 0 F/in                 ; short        ; open          ; open            ; open  ; 0 V                 ; -                  ; n/a           ; n/a             ; n/a         ;
; zero          ; 2.5 V        ; 0 in              ; 0 H/in                  ; 0 F/in                  ; short         ; -                   ; open           ; open             ; open   ; 0 in             ; 0 H/in                 ; 0 F/in                 ; short        ; open          ; open            ; open  ; 0 V                 ; -                  ; n/a           ; n/a             ; n/a         ;
; carry_out     ; 2.5 V        ; 0 in              ; 0 H/in                  ; 0 F/in                  ; short         ; -                   ; open           ; open             ; open   ; 0 in             ; 0 H/in                 ; 0 F/in                 ; short        ; open          ; open            ; open  ; 0 V                 ; -                  ; n/a           ; n/a             ; n/a         ;
; ~ALTERA_DCLK~ ; 2.5 V        ; 0 in              ; 0 H/in                  ; 0 F/in                  ; short         ; -                   ; open           ; open             ; open   ; 0 in             ; 0 H/in                 ; 0 F/in                 ; short        ; open          ; open            ; open  ; 0 V                 ; -                  ; n/a           ; n/a             ; n/a         ;
; ~ALTERA_nCEO~ ; 2.5 V        ; 0 in              ; 0 H/in                  ; 0 F/in                  ; short         ; -                   ; open           ; open             ; open   ; 0 in             ; 0 H/in                 ; 0 F/in                 ; short        ; open          ; open            ; open  ; 0 V                 ; -                  ; n/a           ; n/a             ; n/a         ;
+---------------+--------------+-------------------+-------------------------+-------------------------+---------------+---------------------+----------------+------------------+--------+------------------+------------------------+------------------------+--------------+---------------+-----------------+-------+---------------------+--------------------+---------------+-----------------+-------------+


+----------------------------------------------------------------------------+
; Input Transition Times                                                     ;
+-------------------------+--------------+-----------------+-----------------+
; Pin                     ; I/O Standard ; 10-90 Rise Time ; 90-10 Fall Time ;
+-------------------------+--------------+-----------------+-----------------+
; cs[0]                   ; 2.5 V        ; 2000 ps         ; 2000 ps         ;
; data_b[7]               ; 2.5 V        ; 2000 ps         ; 2000 ps         ;
; data_a[7]               ; 2.5 V        ; 2000 ps         ; 2000 ps         ;
; data_b[6]               ; 2.5 V        ; 2000 ps         ; 2000 ps         ;
; data_a[6]               ; 2.5 V        ; 2000 ps         ; 2000 ps         ;
; data_b[5]               ; 2.5 V        ; 2000 ps         ; 2000 ps         ;
; data_a[5]               ; 2.5 V        ; 2000 ps         ; 2000 ps         ;
; data_b[4]               ; 2.5 V        ; 2000 ps         ; 2000 ps         ;
; data_a[4]               ; 2.5 V        ; 2000 ps         ; 2000 ps         ;
; data_b[3]               ; 2.5 V        ; 2000 ps         ; 2000 ps         ;
; data_a[3]               ; 2.5 V        ; 2000 ps         ; 2000 ps         ;
; data_b[2]               ; 2.5 V        ; 2000 ps         ; 2000 ps         ;
; data_a[2]               ; 2.5 V        ; 2000 ps         ; 2000 ps         ;
; data_b[1]               ; 2.5 V        ; 2000 ps         ; 2000 ps         ;
; data_a[1]               ; 2.5 V        ; 2000 ps         ; 2000 ps         ;
; data_b[0]               ; 2.5 V        ; 2000 ps         ; 2000 ps         ;
; data_a[0]               ; 2.5 V        ; 2000 ps         ; 2000 ps         ;
; carry_in                ; 2.5 V        ; 2000 ps         ; 2000 ps         ;
; cs[2]                   ; 2.5 V        ; 2000 ps         ; 2000 ps         ;
; cs[1]                   ; 2.5 V        ; 2000 ps         ; 2000 ps         ;
; ~ALTERA_ASDO_DATA1~     ; 2.5 V        ; 2000 ps         ; 2000 ps         ;
; ~ALTERA_FLASH_nCE_nCSO~ ; 2.5 V        ; 2000 ps         ; 2000 ps         ;
; ~ALTERA_DATA0~          ; 2.5 V        ; 2000 ps         ; 2000 ps         ;
+-------------------------+--------------+-----------------+-----------------+


+--------------------------------------------------------------------------------------------------------------------------------------------------------------------------------------------------------------------------------------------------------------------------------------------------------------------------------------------------------------------------------------------------------------------------------------------------------------------------------------------------------------------------------------------------------------------------------------------------------------------------------------------------------------------------------------------+
; Signal Integrity Metrics (Slow 1200mv 0c Model)                                                                                                                                                                                                                                                                                                                                                                                                                                                                                                                                                                                                                                            ;
+---------------+--------------+---------------------+---------------------+------------------------------+------------------------------+---------------------+---------------------+--------------------------------------+--------------------------------------+-----------------------------+-----------------------------+----------------------------+----------------------------+-----------------------------+-----------------------------+--------------------+--------------------+-------------------------------------+-------------------------------------+----------------------------+----------------------------+---------------------------+---------------------------+
; Pin           ; I/O Standard ; Board Delay on Rise ; Board Delay on Fall ; Steady State Voh at FPGA Pin ; Steady State Vol at FPGA Pin ; Voh Max at FPGA Pin ; Vol Min at FPGA Pin ; Ringback Voltage on Rise at FPGA Pin ; Ringback Voltage on Fall at FPGA Pin ; 10-90 Rise Time at FPGA Pin ; 90-10 Fall Time at FPGA Pin ; Monotonic Rise at FPGA Pin ; Monotonic Fall at FPGA Pin ; Steady State Voh at Far-end ; Steady State Vol at Far-end ; Voh Max at Far-end ; Vol Min at Far-end ; Ringback Voltage on Rise at Far-end ; Ringback Voltage on Fall at Far-end ; 10-90 Rise Time at Far-end ; 90-10 Fall Time at Far-end ; Monotonic Rise at Far-end ; Monotonic Fall at Far-end ;
+---------------+--------------+---------------------+---------------------+------------------------------+------------------------------+---------------------+---------------------+--------------------------------------+--------------------------------------+-----------------------------+-----------------------------+----------------------------+----------------------------+-----------------------------+-----------------------------+--------------------+--------------------+-------------------------------------+-------------------------------------+----------------------------+----------------------------+---------------------------+---------------------------+
; s[0]          ; 2.5 V        ; 0 s                 ; 0 s                 ; 2.32 V                       ; 5.95e-09 V                   ; 2.38 V              ; -0.016 V            ; 0.22 V                               ; 0.025 V                              ; 3.06e-10 s                  ; 3.3e-10 s                   ; Yes                        ; Yes                        ; 2.32 V                      ; 5.95e-09 V                  ; 2.38 V             ; -0.016 V           ; 0.22 V                              ; 0.025 V                             ; 3.06e-10 s                 ; 3.3e-10 s                  ; Yes                       ; Yes                       ;
; s[1]          ; 2.5 V        ; 0 s                 ; 0 s                 ; 2.32 V                       ; 5.95e-09 V                   ; 2.38 V              ; -0.016 V            ; 0.22 V                               ; 0.025 V                              ; 3.06e-10 s                  ; 3.3e-10 s                   ; Yes                        ; Yes                        ; 2.32 V                      ; 5.95e-09 V                  ; 2.38 V             ; -0.016 V           ; 0.22 V                              ; 0.025 V                             ; 3.06e-10 s                 ; 3.3e-10 s                  ; Yes                       ; Yes                       ;
; s[2]          ; 2.5 V        ; 0 s                 ; 0 s                 ; 2.32 V                       ; 5.95e-09 V                   ; 2.38 V              ; -0.016 V            ; 0.22 V                               ; 0.025 V                              ; 3.06e-10 s                  ; 3.3e-10 s                   ; Yes                        ; Yes                        ; 2.32 V                      ; 5.95e-09 V                  ; 2.38 V             ; -0.016 V           ; 0.22 V                              ; 0.025 V                             ; 3.06e-10 s                 ; 3.3e-10 s                  ; Yes                       ; Yes                       ;
; s[3]          ; 2.5 V        ; 0 s                 ; 0 s                 ; 2.32 V                       ; 5.95e-09 V                   ; 2.38 V              ; -0.016 V            ; 0.22 V                               ; 0.025 V                              ; 3.06e-10 s                  ; 3.3e-10 s                   ; Yes                        ; Yes                        ; 2.32 V                      ; 5.95e-09 V                  ; 2.38 V             ; -0.016 V           ; 0.22 V                              ; 0.025 V                             ; 3.06e-10 s                 ; 3.3e-10 s                  ; Yes                       ; Yes                       ;
; s[4]          ; 2.5 V        ; 0 s                 ; 0 s                 ; 2.32 V                       ; 4.44e-09 V                   ; 2.39 V              ; -0.0265 V           ; 0.2 V                                ; 0.033 V                              ; 2.94e-10 s                  ; 3.12e-10 s                  ; Yes                        ; Yes                        ; 2.32 V                      ; 4.44e-09 V                  ; 2.39 V             ; -0.0265 V          ; 0.2 V                               ; 0.033 V                             ; 2.94e-10 s                 ; 3.12e-10 s                 ; Yes                       ; Yes                       ;
; s[5]          ; 2.5 V        ; 0 s                 ; 0 s                 ; 2.32 V                       ; 5.95e-09 V                   ; 2.38 V              ; -0.016 V            ; 0.22 V                               ; 0.025 V                              ; 3.06e-10 s                  ; 3.3e-10 s                   ; Yes                        ; Yes                        ; 2.32 V                      ; 5.95e-09 V                  ; 2.38 V             ; -0.016 V           ; 0.22 V                              ; 0.025 V                             ; 3.06e-10 s                 ; 3.3e-10 s                  ; Yes                       ; Yes                       ;
; s[6]          ; 2.5 V        ; 0 s                 ; 0 s                 ; 2.32 V                       ; 4.44e-09 V                   ; 2.38 V              ; -0.0145 V           ; 0.169 V                              ; 0.026 V                              ; 4.83e-10 s                  ; 4.71e-10 s                  ; Yes                        ; Yes                        ; 2.32 V                      ; 4.44e-09 V                  ; 2.38 V             ; -0.0145 V          ; 0.169 V                             ; 0.026 V                             ; 4.83e-10 s                 ; 4.71e-10 s                 ; Yes                       ; Yes                       ;
; s[7]          ; 2.5 V        ; 0 s                 ; 0 s                 ; 2.32 V                       ; 4.44e-09 V                   ; 2.39 V              ; -0.0265 V           ; 0.2 V                                ; 0.033 V                              ; 2.94e-10 s                  ; 3.12e-10 s                  ; Yes                        ; Yes                        ; 2.32 V                      ; 4.44e-09 V                  ; 2.39 V             ; -0.0265 V          ; 0.2 V                               ; 0.033 V                             ; 2.94e-10 s                 ; 3.12e-10 s                 ; Yes                       ; Yes                       ;
; zero          ; 2.5 V        ; 0 s                 ; 0 s                 ; 2.32 V                       ; 4.44e-09 V                   ; 2.39 V              ; -0.0265 V           ; 0.2 V                                ; 0.033 V                              ; 2.94e-10 s                  ; 3.12e-10 s                  ; Yes                        ; Yes                        ; 2.32 V                      ; 4.44e-09 V                  ; 2.39 V             ; -0.0265 V          ; 0.2 V                               ; 0.033 V                             ; 2.94e-10 s                 ; 3.12e-10 s                 ; Yes                       ; Yes                       ;
; carry_out     ; 2.5 V        ; 0 s                 ; 0 s                 ; 2.32 V                       ; 5.95e-09 V                   ; 2.38 V              ; -0.016 V            ; 0.22 V                               ; 0.025 V                              ; 3.06e-10 s                  ; 3.3e-10 s                   ; Yes                        ; Yes                        ; 2.32 V                      ; 5.95e-09 V                  ; 2.38 V             ; -0.016 V           ; 0.22 V                              ; 0.025 V                             ; 3.06e-10 s                 ; 3.3e-10 s                  ; Yes                       ; Yes                       ;
; ~ALTERA_DCLK~ ; 2.5 V        ; 0 s                 ; 0 s                 ; 2.32 V                       ; 3.45e-09 V                   ; 2.38 V              ; -0.0609 V           ; 0.148 V                              ; 0.095 V                              ; 2.82e-10 s                  ; 2.59e-10 s                  ; Yes                        ; Yes                        ; 2.32 V                      ; 3.45e-09 V                  ; 2.38 V             ; -0.0609 V          ; 0.148 V                             ; 0.095 V                             ; 2.82e-10 s                 ; 2.59e-10 s                 ; Yes                       ; Yes                       ;
; ~ALTERA_nCEO~ ; 2.5 V        ; 0 s                 ; 0 s                 ; 2.32 V                       ; 5.61e-09 V                   ; 2.38 V              ; -0.00274 V          ; 0.141 V                              ; 0.006 V                              ; 4.7e-10 s                   ; 6.02e-10 s                  ; Yes                        ; Yes                        ; 2.32 V                      ; 5.61e-09 V                  ; 2.38 V             ; -0.00274 V         ; 0.141 V                             ; 0.006 V                             ; 4.7e-10 s                  ; 6.02e-10 s                 ; Yes                       ; Yes                       ;
+---------------+--------------+---------------------+---------------------+------------------------------+------------------------------+---------------------+---------------------+--------------------------------------+--------------------------------------+-----------------------------+-----------------------------+----------------------------+----------------------------+-----------------------------+-----------------------------+--------------------+--------------------+-------------------------------------+-------------------------------------+----------------------------+----------------------------+---------------------------+---------------------------+


+--------------------------------------------------------------------------------------------------------------------------------------------------------------------------------------------------------------------------------------------------------------------------------------------------------------------------------------------------------------------------------------------------------------------------------------------------------------------------------------------------------------------------------------------------------------------------------------------------------------------------------------------------------------------------------------------+
; Signal Integrity Metrics (Slow 1200mv 85c Model)                                                                                                                                                                                                                                                                                                                                                                                                                                                                                                                                                                                                                                           ;
+---------------+--------------+---------------------+---------------------+------------------------------+------------------------------+---------------------+---------------------+--------------------------------------+--------------------------------------+-----------------------------+-----------------------------+----------------------------+----------------------------+-----------------------------+-----------------------------+--------------------+--------------------+-------------------------------------+-------------------------------------+----------------------------+----------------------------+---------------------------+---------------------------+
; Pin           ; I/O Standard ; Board Delay on Rise ; Board Delay on Fall ; Steady State Voh at FPGA Pin ; Steady State Vol at FPGA Pin ; Voh Max at FPGA Pin ; Vol Min at FPGA Pin ; Ringback Voltage on Rise at FPGA Pin ; Ringback Voltage on Fall at FPGA Pin ; 10-90 Rise Time at FPGA Pin ; 90-10 Fall Time at FPGA Pin ; Monotonic Rise at FPGA Pin ; Monotonic Fall at FPGA Pin ; Steady State Voh at Far-end ; Steady State Vol at Far-end ; Voh Max at Far-end ; Vol Min at Far-end ; Ringback Voltage on Rise at Far-end ; Ringback Voltage on Fall at Far-end ; 10-90 Rise Time at Far-end ; 90-10 Fall Time at Far-end ; Monotonic Rise at Far-end ; Monotonic Fall at Far-end ;
+---------------+--------------+---------------------+---------------------+------------------------------+------------------------------+---------------------+---------------------+--------------------------------------+--------------------------------------+-----------------------------+-----------------------------+----------------------------+----------------------------+-----------------------------+-----------------------------+--------------------+--------------------+-------------------------------------+-------------------------------------+----------------------------+----------------------------+---------------------------+---------------------------+
; s[0]          ; 2.5 V        ; 0 s                 ; 0 s                 ; 2.32 V                       ; 1.06e-06 V                   ; 2.36 V              ; -0.00724 V          ; 0.107 V                              ; 0.02 V                               ; 4.5e-10 s                   ; 4.25e-10 s                  ; Yes                        ; Yes                        ; 2.32 V                      ; 1.06e-06 V                  ; 2.36 V             ; -0.00724 V         ; 0.107 V                             ; 0.02 V                              ; 4.5e-10 s                  ; 4.25e-10 s                 ; Yes                       ; Yes                       ;
; s[1]          ; 2.5 V        ; 0 s                 ; 0 s                 ; 2.32 V                       ; 1.06e-06 V                   ; 2.36 V              ; -0.00724 V          ; 0.107 V                              ; 0.02 V                               ; 4.5e-10 s                   ; 4.25e-10 s                  ; Yes                        ; Yes                        ; 2.32 V                      ; 1.06e-06 V                  ; 2.36 V             ; -0.00724 V         ; 0.107 V                             ; 0.02 V                              ; 4.5e-10 s                  ; 4.25e-10 s                 ; Yes                       ; Yes                       ;
; s[2]          ; 2.5 V        ; 0 s                 ; 0 s                 ; 2.32 V                       ; 1.06e-06 V                   ; 2.36 V              ; -0.00724 V          ; 0.107 V                              ; 0.02 V                               ; 4.5e-10 s                   ; 4.25e-10 s                  ; Yes                        ; Yes                        ; 2.32 V                      ; 1.06e-06 V                  ; 2.36 V             ; -0.00724 V         ; 0.107 V                             ; 0.02 V                              ; 4.5e-10 s                  ; 4.25e-10 s                 ; Yes                       ; Yes                       ;
; s[3]          ; 2.5 V        ; 0 s                 ; 0 s                 ; 2.32 V                       ; 1.06e-06 V                   ; 2.36 V              ; -0.00724 V          ; 0.107 V                              ; 0.02 V                               ; 4.5e-10 s                   ; 4.25e-10 s                  ; Yes                        ; Yes                        ; 2.32 V                      ; 1.06e-06 V                  ; 2.36 V             ; -0.00724 V         ; 0.107 V                             ; 0.02 V                              ; 4.5e-10 s                  ; 4.25e-10 s                 ; Yes                       ; Yes                       ;
; s[4]          ; 2.5 V        ; 0 s                 ; 0 s                 ; 2.32 V                       ; 7.16e-07 V                   ; 2.36 V              ; -0.00476 V          ; 0.096 V                              ; 0.013 V                              ; 4.39e-10 s                  ; 4.15e-10 s                  ; Yes                        ; Yes                        ; 2.32 V                      ; 7.16e-07 V                  ; 2.36 V             ; -0.00476 V         ; 0.096 V                             ; 0.013 V                             ; 4.39e-10 s                 ; 4.15e-10 s                 ; Yes                       ; Yes                       ;
; s[5]          ; 2.5 V        ; 0 s                 ; 0 s                 ; 2.32 V                       ; 1.06e-06 V                   ; 2.36 V              ; -0.00724 V          ; 0.107 V                              ; 0.02 V                               ; 4.5e-10 s                   ; 4.25e-10 s                  ; Yes                        ; Yes                        ; 2.32 V                      ; 1.06e-06 V                  ; 2.36 V             ; -0.00724 V         ; 0.107 V                             ; 0.02 V                              ; 4.5e-10 s                  ; 4.25e-10 s                 ; Yes                       ; Yes                       ;
; s[6]          ; 2.5 V        ; 0 s                 ; 0 s                 ; 2.32 V                       ; 7.16e-07 V                   ; 2.35 V              ; -0.00832 V          ; 0.101 V                              ; 0.024 V                              ; 6.39e-10 s                  ; 6e-10 s                     ; Yes                        ; Yes                        ; 2.32 V                      ; 7.16e-07 V                  ; 2.35 V             ; -0.00832 V         ; 0.101 V                             ; 0.024 V                             ; 6.39e-10 s                 ; 6e-10 s                    ; Yes                       ; Yes                       ;
; s[7]          ; 2.5 V        ; 0 s                 ; 0 s                 ; 2.32 V                       ; 7.16e-07 V                   ; 2.36 V              ; -0.00476 V          ; 0.096 V                              ; 0.013 V                              ; 4.39e-10 s                  ; 4.15e-10 s                  ; Yes                        ; Yes                        ; 2.32 V                      ; 7.16e-07 V                  ; 2.36 V             ; -0.00476 V         ; 0.096 V                             ; 0.013 V                             ; 4.39e-10 s                 ; 4.15e-10 s                 ; Yes                       ; Yes                       ;
; zero          ; 2.5 V        ; 0 s                 ; 0 s                 ; 2.32 V                       ; 7.16e-07 V                   ; 2.36 V              ; -0.00476 V          ; 0.096 V                              ; 0.013 V                              ; 4.39e-10 s                  ; 4.15e-10 s                  ; Yes                        ; Yes                        ; 2.32 V                      ; 7.16e-07 V                  ; 2.36 V             ; -0.00476 V         ; 0.096 V                             ; 0.013 V                             ; 4.39e-10 s                 ; 4.15e-10 s                 ; Yes                       ; Yes                       ;
; carry_out     ; 2.5 V        ; 0 s                 ; 0 s                 ; 2.32 V                       ; 1.06e-06 V                   ; 2.36 V              ; -0.00724 V          ; 0.107 V                              ; 0.02 V                               ; 4.5e-10 s                   ; 4.25e-10 s                  ; Yes                        ; Yes                        ; 2.32 V                      ; 1.06e-06 V                  ; 2.36 V             ; -0.00724 V         ; 0.107 V                             ; 0.02 V                              ; 4.5e-10 s                  ; 4.25e-10 s                 ; Yes                       ; Yes                       ;
; ~ALTERA_DCLK~ ; 2.5 V        ; 0 s                 ; 0 s                 ; 2.32 V                       ; 5.74e-07 V                   ; 2.36 V              ; -0.0201 V           ; 0.072 V                              ; 0.033 V                              ; 4.04e-10 s                  ; 3.29e-10 s                  ; Yes                        ; Yes                        ; 2.32 V                      ; 5.74e-07 V                  ; 2.36 V             ; -0.0201 V          ; 0.072 V                             ; 0.033 V                             ; 4.04e-10 s                 ; 3.29e-10 s                 ; Yes                       ; Yes                       ;
; ~ALTERA_nCEO~ ; 2.5 V        ; 0 s                 ; 0 s                 ; 2.32 V                       ; 9.45e-07 V                   ; 2.35 V              ; -0.00643 V          ; 0.081 V                              ; 0.031 V                              ; 5.31e-10 s                  ; 7.59e-10 s                  ; Yes                        ; Yes                        ; 2.32 V                      ; 9.45e-07 V                  ; 2.35 V             ; -0.00643 V         ; 0.081 V                             ; 0.031 V                             ; 5.31e-10 s                 ; 7.59e-10 s                 ; Yes                       ; Yes                       ;
+---------------+--------------+---------------------+---------------------+------------------------------+------------------------------+---------------------+---------------------+--------------------------------------+--------------------------------------+-----------------------------+-----------------------------+----------------------------+----------------------------+-----------------------------+-----------------------------+--------------------+--------------------+-------------------------------------+-------------------------------------+----------------------------+----------------------------+---------------------------+---------------------------+


+--------------------------------------------------------------------------------------------------------------------------------------------------------------------------------------------------------------------------------------------------------------------------------------------------------------------------------------------------------------------------------------------------------------------------------------------------------------------------------------------------------------------------------------------------------------------------------------------------------------------------------------------------------------------------------------------+
; Signal Integrity Metrics (Fast 1200mv 0c Model)                                                                                                                                                                                                                                                                                                                                                                                                                                                                                                                                                                                                                                            ;
+---------------+--------------+---------------------+---------------------+------------------------------+------------------------------+---------------------+---------------------+--------------------------------------+--------------------------------------+-----------------------------+-----------------------------+----------------------------+----------------------------+-----------------------------+-----------------------------+--------------------+--------------------+-------------------------------------+-------------------------------------+----------------------------+----------------------------+---------------------------+---------------------------+
; Pin           ; I/O Standard ; Board Delay on Rise ; Board Delay on Fall ; Steady State Voh at FPGA Pin ; Steady State Vol at FPGA Pin ; Voh Max at FPGA Pin ; Vol Min at FPGA Pin ; Ringback Voltage on Rise at FPGA Pin ; Ringback Voltage on Fall at FPGA Pin ; 10-90 Rise Time at FPGA Pin ; 90-10 Fall Time at FPGA Pin ; Monotonic Rise at FPGA Pin ; Monotonic Fall at FPGA Pin ; Steady State Voh at Far-end ; Steady State Vol at Far-end ; Voh Max at Far-end ; Vol Min at Far-end ; Ringback Voltage on Rise at Far-end ; Ringback Voltage on Fall at Far-end ; 10-90 Rise Time at Far-end ; 90-10 Fall Time at Far-end ; Monotonic Rise at Far-end ; Monotonic Fall at Far-end ;
+---------------+--------------+---------------------+---------------------+------------------------------+------------------------------+---------------------+---------------------+--------------------------------------+--------------------------------------+-----------------------------+-----------------------------+----------------------------+----------------------------+-----------------------------+-----------------------------+--------------------+--------------------+-------------------------------------+-------------------------------------+----------------------------+----------------------------+---------------------------+---------------------------+
; s[0]          ; 2.5 V        ; 0 s                 ; 0 s                 ; 2.62 V                       ; 4.05e-08 V                   ; 2.72 V              ; -0.0349 V           ; 0.173 V                              ; 0.1 V                                ; 2.72e-10 s                  ; 2.69e-10 s                  ; Yes                        ; Yes                        ; 2.62 V                      ; 4.05e-08 V                  ; 2.72 V             ; -0.0349 V          ; 0.173 V                             ; 0.1 V                               ; 2.72e-10 s                 ; 2.69e-10 s                 ; Yes                       ; Yes                       ;
; s[1]          ; 2.5 V        ; 0 s                 ; 0 s                 ; 2.62 V                       ; 4.05e-08 V                   ; 2.72 V              ; -0.0349 V           ; 0.173 V                              ; 0.1 V                                ; 2.72e-10 s                  ; 2.69e-10 s                  ; Yes                        ; Yes                        ; 2.62 V                      ; 4.05e-08 V                  ; 2.72 V             ; -0.0349 V          ; 0.173 V                             ; 0.1 V                               ; 2.72e-10 s                 ; 2.69e-10 s                 ; Yes                       ; Yes                       ;
; s[2]          ; 2.5 V        ; 0 s                 ; 0 s                 ; 2.62 V                       ; 4.05e-08 V                   ; 2.72 V              ; -0.0349 V           ; 0.173 V                              ; 0.1 V                                ; 2.72e-10 s                  ; 2.69e-10 s                  ; Yes                        ; Yes                        ; 2.62 V                      ; 4.05e-08 V                  ; 2.72 V             ; -0.0349 V          ; 0.173 V                             ; 0.1 V                               ; 2.72e-10 s                 ; 2.69e-10 s                 ; Yes                       ; Yes                       ;
; s[3]          ; 2.5 V        ; 0 s                 ; 0 s                 ; 2.62 V                       ; 4.05e-08 V                   ; 2.72 V              ; -0.0349 V           ; 0.173 V                              ; 0.1 V                                ; 2.72e-10 s                  ; 2.69e-10 s                  ; Yes                        ; Yes                        ; 2.62 V                      ; 4.05e-08 V                  ; 2.72 V             ; -0.0349 V          ; 0.173 V                             ; 0.1 V                               ; 2.72e-10 s                 ; 2.69e-10 s                 ; Yes                       ; Yes                       ;
; s[4]          ; 2.5 V        ; 0 s                 ; 0 s                 ; 2.62 V                       ; 2.74e-08 V                   ; 2.73 V              ; -0.0384 V           ; 0.169 V                              ; 0.089 V                              ; 2.7e-10 s                   ; 2.62e-10 s                  ; Yes                        ; Yes                        ; 2.62 V                      ; 2.74e-08 V                  ; 2.73 V             ; -0.0384 V          ; 0.169 V                             ; 0.089 V                             ; 2.7e-10 s                  ; 2.62e-10 s                 ; Yes                       ; Yes                       ;
; s[5]          ; 2.5 V        ; 0 s                 ; 0 s                 ; 2.62 V                       ; 4.05e-08 V                   ; 2.72 V              ; -0.0349 V           ; 0.173 V                              ; 0.1 V                                ; 2.72e-10 s                  ; 2.69e-10 s                  ; Yes                        ; Yes                        ; 2.62 V                      ; 4.05e-08 V                  ; 2.72 V             ; -0.0349 V          ; 0.173 V                             ; 0.1 V                               ; 2.72e-10 s                 ; 2.69e-10 s                 ; Yes                       ; Yes                       ;
; s[6]          ; 2.5 V        ; 0 s                 ; 0 s                 ; 2.62 V                       ; 2.74e-08 V                   ; 2.71 V              ; -0.0317 V           ; 0.148 V                              ; 0.064 V                              ; 4.51e-10 s                  ; 4.15e-10 s                  ; No                         ; Yes                        ; 2.62 V                      ; 2.74e-08 V                  ; 2.71 V             ; -0.0317 V          ; 0.148 V                             ; 0.064 V                             ; 4.51e-10 s                 ; 4.15e-10 s                 ; No                        ; Yes                       ;
; s[7]          ; 2.5 V        ; 0 s                 ; 0 s                 ; 2.62 V                       ; 2.74e-08 V                   ; 2.73 V              ; -0.0384 V           ; 0.169 V                              ; 0.089 V                              ; 2.7e-10 s                   ; 2.62e-10 s                  ; Yes                        ; Yes                        ; 2.62 V                      ; 2.74e-08 V                  ; 2.73 V             ; -0.0384 V          ; 0.169 V                             ; 0.089 V                             ; 2.7e-10 s                  ; 2.62e-10 s                 ; Yes                       ; Yes                       ;
; zero          ; 2.5 V        ; 0 s                 ; 0 s                 ; 2.62 V                       ; 2.74e-08 V                   ; 2.73 V              ; -0.0384 V           ; 0.169 V                              ; 0.089 V                              ; 2.7e-10 s                   ; 2.62e-10 s                  ; Yes                        ; Yes                        ; 2.62 V                      ; 2.74e-08 V                  ; 2.73 V             ; -0.0384 V          ; 0.169 V                             ; 0.089 V                             ; 2.7e-10 s                  ; 2.62e-10 s                 ; Yes                       ; Yes                       ;
; carry_out     ; 2.5 V        ; 0 s                 ; 0 s                 ; 2.62 V                       ; 4.05e-08 V                   ; 2.72 V              ; -0.0349 V           ; 0.173 V                              ; 0.1 V                                ; 2.72e-10 s                  ; 2.69e-10 s                  ; Yes                        ; Yes                        ; 2.62 V                      ; 4.05e-08 V                  ; 2.72 V             ; -0.0349 V          ; 0.173 V                             ; 0.1 V                               ; 2.72e-10 s                 ; 2.69e-10 s                 ; Yes                       ; Yes                       ;
; ~ALTERA_DCLK~ ; 2.5 V        ; 0 s                 ; 0 s                 ; 2.62 V                       ; 2.22e-08 V                   ; 2.74 V              ; -0.06 V             ; 0.158 V                              ; 0.08 V                               ; 2.68e-10 s                  ; 2.19e-10 s                  ; Yes                        ; Yes                        ; 2.62 V                      ; 2.22e-08 V                  ; 2.74 V             ; -0.06 V            ; 0.158 V                             ; 0.08 V                              ; 2.68e-10 s                 ; 2.19e-10 s                 ; Yes                       ; Yes                       ;
; ~ALTERA_nCEO~ ; 2.5 V        ; 0 s                 ; 0 s                 ; 2.62 V                       ; 3.54e-08 V                   ; 2.7 V               ; -0.00943 V          ; 0.276 V                              ; 0.035 V                              ; 3.19e-10 s                  ; 4.99e-10 s                  ; No                         ; Yes                        ; 2.62 V                      ; 3.54e-08 V                  ; 2.7 V              ; -0.00943 V         ; 0.276 V                             ; 0.035 V                             ; 3.19e-10 s                 ; 4.99e-10 s                 ; No                        ; Yes                       ;
+---------------+--------------+---------------------+---------------------+------------------------------+------------------------------+---------------------+---------------------+--------------------------------------+--------------------------------------+-----------------------------+-----------------------------+----------------------------+----------------------------+-----------------------------+-----------------------------+--------------------+--------------------+-------------------------------------+-------------------------------------+----------------------------+----------------------------+---------------------------+---------------------------+


+-------------------------------------------------------------------+
; Setup Transfers                                                   ;
+------------+----------+----------+----------+----------+----------+
; From Clock ; To Clock ; RR Paths ; FR Paths ; RF Paths ; FF Paths ;
+------------+----------+----------+----------+----------+----------+
; cs[0]      ; cs[0]    ; 16       ; 16       ; 1        ; 1        ;
+------------+----------+----------+----------+----------+----------+
Entries labeled "false path" only account for clock-to-clock false paths and not path-based false paths. As a result, actual path counts may be lower than reported.


+-------------------------------------------------------------------+
; Hold Transfers                                                    ;
+------------+----------+----------+----------+----------+----------+
; From Clock ; To Clock ; RR Paths ; FR Paths ; RF Paths ; FF Paths ;
+------------+----------+----------+----------+----------+----------+
; cs[0]      ; cs[0]    ; 16       ; 16       ; 1        ; 1        ;
+------------+----------+----------+----------+----------+----------+
Entries labeled "false path" only account for clock-to-clock false paths and not path-based false paths. As a result, actual path counts may be lower than reported.


---------------
; Report TCCS ;
---------------
No dedicated SERDES Transmitter circuitry present in device or used in design


---------------
; Report RSKM ;
---------------
No non-DPA dedicated SERDES Receiver circuitry present in device or used in design


+------------------------------------------------+
; Unconstrained Paths Summary                    ;
+---------------------------------+-------+------+
; Property                        ; Setup ; Hold ;
+---------------------------------+-------+------+
; Illegal Clocks                  ; 0     ; 0    ;
; Unconstrained Clocks            ; 0     ; 0    ;
; Unconstrained Input Ports       ; 20    ; 20   ;
; Unconstrained Input Port Paths  ; 190   ; 190  ;
; Unconstrained Output Ports      ; 10    ; 10   ;
; Unconstrained Output Port Paths ; 37    ; 37   ;
+---------------------------------+-------+------+


+-------------------------------------+
; Clock Status Summary                ;
+--------+-------+------+-------------+
; Target ; Clock ; Type ; Status      ;
+--------+-------+------+-------------+
; cs[0]  ; cs[0] ; Base ; Constrained ;
+--------+-------+------+-------------+


+---------------------------------------------------------------------------------------------------+
; Unconstrained Input Ports                                                                         ;
+------------+--------------------------------------------------------------------------------------+
; Input Port ; Comment                                                                              ;
+------------+--------------------------------------------------------------------------------------+
; carry_in   ; No input delay, min/max delays, false-path exceptions, or max skew assignments found ;
; cs[0]      ; No input delay, min/max delays, false-path exceptions, or max skew assignments found ;
; cs[1]      ; No input delay, min/max delays, false-path exceptions, or max skew assignments found ;
; cs[2]      ; No input delay, min/max delays, false-path exceptions, or max skew assignments found ;
; data_a[0]  ; No input delay, min/max delays, false-path exceptions, or max skew assignments found ;
; data_a[1]  ; No input delay, min/max delays, false-path exceptions, or max skew assignments found ;
; data_a[2]  ; No input delay, min/max delays, false-path exceptions, or max skew assignments found ;
; data_a[3]  ; No input delay, min/max delays, false-path exceptions, or max skew assignments found ;
; data_a[4]  ; No input delay, min/max delays, false-path exceptions, or max skew assignments found ;
; data_a[5]  ; No input delay, min/max delays, false-path exceptions, or max skew assignments found ;
; data_a[6]  ; No input delay, min/max delays, false-path exceptions, or max skew assignments found ;
; data_a[7]  ; No input delay, min/max delays, false-path exceptions, or max skew assignments found ;
; data_b[0]  ; No input delay, min/max delays, false-path exceptions, or max skew assignments found ;
; data_b[1]  ; No input delay, min/max delays, false-path exceptions, or max skew assignments found ;
; data_b[2]  ; No input delay, min/max delays, false-path exceptions, or max skew assignments found ;
; data_b[3]  ; No input delay, min/max delays, false-path exceptions, or max skew assignments found ;
; data_b[4]  ; No input delay, min/max delays, false-path exceptions, or max skew assignments found ;
; data_b[5]  ; No input delay, min/max delays, false-path exceptions, or max skew assignments found ;
; data_b[6]  ; No input delay, min/max delays, false-path exceptions, or max skew assignments found ;
; data_b[7]  ; No input delay, min/max delays, false-path exceptions, or max skew assignments found ;
+------------+--------------------------------------------------------------------------------------+


+-----------------------------------------------------------------------------------------------------+
; Unconstrained Output Ports                                                                          ;
+-------------+---------------------------------------------------------------------------------------+
; Output Port ; Comment                                                                               ;
+-------------+---------------------------------------------------------------------------------------+
; carry_out   ; No output delay, min/max delays, false-path exceptions, or max skew assignments found ;
; s[0]        ; No output delay, min/max delays, false-path exceptions, or max skew assignments found ;
; s[1]        ; No output delay, min/max delays, false-path exceptions, or max skew assignments found ;
; s[2]        ; No output delay, min/max delays, false-path exceptions, or max skew assignments found ;
; s[3]        ; No output delay, min/max delays, false-path exceptions, or max skew assignments found ;
; s[4]        ; No output delay, min/max delays, false-path exceptions, or max skew assignments found ;
; s[5]        ; No output delay, min/max delays, false-path exceptions, or max skew assignments found ;
; s[6]        ; No output delay, min/max delays, false-path exceptions, or max skew assignments found ;
; s[7]        ; No output delay, min/max delays, false-path exceptions, or max skew assignments found ;
; zero        ; No output delay, min/max delays, false-path exceptions, or max skew assignments found ;
+-------------+---------------------------------------------------------------------------------------+


+---------------------------------------------------------------------------------------------------+
; Unconstrained Input Ports                                                                         ;
+------------+--------------------------------------------------------------------------------------+
; Input Port ; Comment                                                                              ;
+------------+--------------------------------------------------------------------------------------+
; carry_in   ; No input delay, min/max delays, false-path exceptions, or max skew assignments found ;
; cs[0]      ; No input delay, min/max delays, false-path exceptions, or max skew assignments found ;
; cs[1]      ; No input delay, min/max delays, false-path exceptions, or max skew assignments found ;
; cs[2]      ; No input delay, min/max delays, false-path exceptions, or max skew assignments found ;
; data_a[0]  ; No input delay, min/max delays, false-path exceptions, or max skew assignments found ;
; data_a[1]  ; No input delay, min/max delays, false-path exceptions, or max skew assignments found ;
; data_a[2]  ; No input delay, min/max delays, false-path exceptions, or max skew assignments found ;
; data_a[3]  ; No input delay, min/max delays, false-path exceptions, or max skew assignments found ;
; data_a[4]  ; No input delay, min/max delays, false-path exceptions, or max skew assignments found ;
; data_a[5]  ; No input delay, min/max delays, false-path exceptions, or max skew assignments found ;
; data_a[6]  ; No input delay, min/max delays, false-path exceptions, or max skew assignments found ;
; data_a[7]  ; No input delay, min/max delays, false-path exceptions, or max skew assignments found ;
; data_b[0]  ; No input delay, min/max delays, false-path exceptions, or max skew assignments found ;
; data_b[1]  ; No input delay, min/max delays, false-path exceptions, or max skew assignments found ;
; data_b[2]  ; No input delay, min/max delays, false-path exceptions, or max skew assignments found ;
; data_b[3]  ; No input delay, min/max delays, false-path exceptions, or max skew assignments found ;
; data_b[4]  ; No input delay, min/max delays, false-path exceptions, or max skew assignments found ;
; data_b[5]  ; No input delay, min/max delays, false-path exceptions, or max skew assignments found ;
; data_b[6]  ; No input delay, min/max delays, false-path exceptions, or max skew assignments found ;
; data_b[7]  ; No input delay, min/max delays, false-path exceptions, or max skew assignments found ;
+------------+--------------------------------------------------------------------------------------+


+-----------------------------------------------------------------------------------------------------+
; Unconstrained Output Ports                                                                          ;
+-------------+---------------------------------------------------------------------------------------+
; Output Port ; Comment                                                                               ;
+-------------+---------------------------------------------------------------------------------------+
; carry_out   ; No output delay, min/max delays, false-path exceptions, or max skew assignments found ;
; s[0]        ; No output delay, min/max delays, false-path exceptions, or max skew assignments found ;
; s[1]        ; No output delay, min/max delays, false-path exceptions, or max skew assignments found ;
; s[2]        ; No output delay, min/max delays, false-path exceptions, or max skew assignments found ;
; s[3]        ; No output delay, min/max delays, false-path exceptions, or max skew assignments found ;
; s[4]        ; No output delay, min/max delays, false-path exceptions, or max skew assignments found ;
; s[5]        ; No output delay, min/max delays, false-path exceptions, or max skew assignments found ;
; s[6]        ; No output delay, min/max delays, false-path exceptions, or max skew assignments found ;
; s[7]        ; No output delay, min/max delays, false-path exceptions, or max skew assignments found ;
; zero        ; No output delay, min/max delays, false-path exceptions, or max skew assignments found ;
+-------------+---------------------------------------------------------------------------------------+


+--------------------------+
; Timing Analyzer Messages ;
+--------------------------+
Info: *******************************************************************
Info: Running Quartus Prime Timing Analyzer
    Info: Version 20.1.1 Build 720 11/11/2020 SJ Lite Edition
    Info: Processing started: Thu Mar 06 15:57:25 2025
Info: Command: quartus_sta rom -c rom
Info: qsta_default_script.tcl version: #1
Warning (18236): Number of processors has not been specified which may cause overloading on shared machines.  Set the global assignment NUM_PARALLEL_PROCESSORS in your QSF to an appropriate value for best performance.
Info (20030): Parallel compilation is enabled and will use 8 of the 8 processors detected
Info (21076): High junction temperature operating condition is not set. Assuming a default value of '85'.
Info (21076): Low junction temperature operating condition is not set. Assuming a default value of '0'.
Warning (335093): The Timing Analyzer is analyzing 9 combinational loops as latches. For more details, run the Check Timing command in the Timing Analyzer or view the "User-Specified and Inferred Latches" table in the Analysis & Synthesis report.
Critical Warning (332012): Synopsys Design Constraints File file not found: 'rom.sdc'. A Synopsys Design Constraints File is required by the Timing Analyzer to get proper timing constraints. Without it, the Compiler will not properly optimize the design.
Info (332142): No user constrained base clocks found in the design. Calling "derive_clocks -period 1.0"
Info (332105): Deriving Clocks
    Info (332105): create_clock -period 1.000 -name cs[0] cs[0]
Info (332097): The following timing edges are non-unate.  The Timing Analyzer will assume pos-unate behavior for these edges in the clock network.
    Info (332098): Cell: Mux9~0  from: datad  to: combout
Info (332143): No user constrained clock uncertainty found in the design. Calling "derive_clock_uncertainty"
Info (332123): Deriving Clock Uncertainty. Please refer to report_sdc in the Timing Analyzer to see clock uncertainties.
Info: Found TIMING_ANALYZER_REPORT_SCRIPT_INCLUDE_DEFAULT_ANALYSIS = ON
Info: Analyzing Slow 1200mV 85C Model
Critical Warning (332148): Timing requirements not met
    Info (11105): For recommendations on closing timing, run Report Timing Closure Recommendations in the Timing Analyzer.
Info (332146): Worst-case setup slack is -1.790
    Info (332119):     Slack       End Point TNS Clock 
    Info (332119): ========= =================== =====================
    Info (332119):    -1.790             -14.448 cs[0] 
Info (332146): Worst-case hold slack is -0.265
    Info (332119):     Slack       End Point TNS Clock 
    Info (332119): ========= =================== =====================
    Info (332119):    -0.265              -1.216 cs[0] 
Info (332140): No Recovery paths to report
Info (332140): No Removal paths to report
Info (332146): Worst-case minimum pulse width slack is -3.000
    Info (332119):     Slack       End Point TNS Clock 
    Info (332119): ========= =================== =====================
    Info (332119):    -3.000             -13.344 cs[0] 
Info: Analyzing Slow 1200mV 0C Model
Info (334003): Started post-fitting delay annotation
Info (334004): Delay annotation completed successfully
Info (332097): The following timing edges are non-unate.  The Timing Analyzer will assume pos-unate behavior for these edges in the clock network.
    Info (332098): Cell: Mux9~0  from: datad  to: combout
Info (332123): Deriving Clock Uncertainty. Please refer to report_sdc in the Timing Analyzer to see clock uncertainties.
Critical Warning (332148): Timing requirements not met
    Info (11105): For recommendations on closing timing, run Report Timing Closure Recommendations in the Timing Analyzer.
Info (332146): Worst-case setup slack is -1.481
    Info (332119):     Slack       End Point TNS Clock 
    Info (332119): ========= =================== =====================
    Info (332119):    -1.481             -11.895 cs[0] 
Info (332146): Worst-case hold slack is -0.259
    Info (332119):     Slack       End Point TNS Clock 
    Info (332119): ========= =================== =====================
    Info (332119):    -0.259              -1.030 cs[0] 
Info (332140): No Recovery paths to report
Info (332140): No Removal paths to report
Info (332146): Worst-case minimum pulse width slack is -3.000
    Info (332119):     Slack       End Point TNS Clock 
    Info (332119): ========= =================== =====================
    Info (332119):    -3.000             -12.808 cs[0] 
Info: Analyzing Fast 1200mV 0C Model
Info (332097): The following timing edges are non-unate.  The Timing Analyzer will assume pos-unate behavior for these edges in the clock network.
    Info (332098): Cell: Mux9~0  from: datad  to: combout
Info (332123): Deriving Clock Uncertainty. Please refer to report_sdc in the Timing Analyzer to see clock uncertainties.
Critical Warning (332148): Timing requirements not met
    Info (11105): For recommendations on closing timing, run Report Timing Closure Recommendations in the Timing Analyzer.
Info (332146): Worst-case setup slack is -1.150
    Info (332119):     Slack       End Point TNS Clock 
    Info (332119): ========= =================== =====================
    Info (332119):    -1.150              -8.656 cs[0] 
Info (332146): Worst-case hold slack is -0.231
    Info (332119):     Slack       End Point TNS Clock 
    Info (332119): ========= =================== =====================
    Info (332119):    -0.231              -1.210 cs[0] 
Info (332140): No Recovery paths to report
Info (332140): No Removal paths to report
Info (332146): Worst-case minimum pulse width slack is -3.000
    Info (332119):     Slack       End Point TNS Clock 
    Info (332119): ========= =================== =====================
    Info (332119):    -3.000             -11.711 cs[0] 
Info (332102): Design is not fully constrained for setup requirements
Info (332102): Design is not fully constrained for hold requirements
Info: Quartus Prime Timing Analyzer was successful. 0 errors, 6 warnings
    Info: Peak virtual memory: 4821 megabytes
    Info: Processing ended: Thu Mar 06 15:57:27 2025
    Info: Elapsed time: 00:00:02
    Info: Total CPU time (on all processors): 00:00:01


