Analysis & Elaboration report for rom
Thu Mar 06 16:16:23 2025
Quartus Prime Version 20.1.1 Build 720 11/11/2020 SJ Lite Edition


---------------------
; Table of Contents ;
---------------------
  1. Legal Notice
  2. Analysis & Elaboration Summary
  3. Parallel Compilation
  4. Analysis & Elaboration Settings
  5. Analysis & Elaboration Messages



----------------
; Legal Notice ;
----------------
Copyright (C) 2020  Intel Corporation. All rights reserved.
Your use of Intel Corporation's design tools, logic functions 
and other software and tools, and any partner logic 
functions, and any output files from any of the foregoing 
(including device programming or simulation files), and any 
associated documentation or information are expressly subject 
to the terms and conditions of the Intel Program License 
Subscription Agreement, the Intel Quartus Prime License Agreement,
the Intel FPGA IP License Agreement, or other applicable license
agreement, including, without limitation, that your use is for
the sole purpose of programming logic devices manufactured by
Intel and sold by Intel or its authorized distributors.  Please
refer to the applicable agreement for further details, at
https://fpgasoftware.intel.com/eula.



+----------------------------------------------------------------------------------+
; Analysis & Elaboration Summary                                                   ;
+------------------------------------+---------------------------------------------+
; Analysis & Elaboration Status      ; Successful - Thu Mar 06 16:16:23 2025       ;
; Quartus Prime Version              ; 20.1.1 Build 720 11/11/2020 SJ Lite Edition ;
; Revision Name                      ; rom                                         ;
; Top-level Entity Name              ; alu2                                        ;
; Family                             ; Cyclone 10 LP                               ;
; Total logic elements               ; N/A until Partition Merge                   ;
;     Total combinational functions  ; N/A until Partition Merge                   ;
;     Dedicated logic registers      ; N/A until Partition Merge                   ;
; Total registers                    ; N/A until Partition Merge                   ;
; Total pins                         ; N/A until Partition Merge                   ;
; Total virtual pins                 ; N/A until Partition Merge                   ;
; Total memory bits                  ; N/A until Partition Merge                   ;
; Embedded Multiplier 9-bit elements ; N/A until Partition Merge                   ;
; Total PLLs                         ; N/A until Partition Merge                   ;
+------------------------------------+---------------------------------------------+


+------------------------------------------+
; Parallel Compilation                     ;
+----------------------------+-------------+
; Processors                 ; Number      ;
+----------------------------+-------------+
; Number detected on machine ; 16          ;
; Maximum allowed            ; 8           ;
;                            ;             ;
; Average used               ; 1.00        ;
; Maximum used               ; 1           ;
;                            ;             ;
; Usage by Processor         ; % Time Used ;
;     Processor 1            ; 100.0%      ;
+----------------------------+-------------+


+------------------------------------------------------------------------------------------------------------+
; Analysis & Elaboration Settings                                                                            ;
+------------------------------------------------------------------+--------------------+--------------------+
; Option                                                           ; Setting            ; Default Value      ;
+------------------------------------------------------------------+--------------------+--------------------+
; Top-level entity name                                            ; alu2               ; rom                ;
; Family name                                                      ; Cyclone 10 LP      ; Cyclone V          ;
; Use smart compilation                                            ; Off                ; Off                ;
; Enable parallel Assembler and Timing Analyzer during compilation ; On                 ; On                 ;
; Enable compact report table                                      ; Off                ; Off                ;
; Restructure Multiplexers                                         ; Auto               ; Auto               ;
; Create Debugging Nodes for IP Cores                              ; Off                ; Off                ;
; Preserve fewer node names                                        ; On                 ; On                 ;
; Intel FPGA IP Evaluation Mode                                    ; Enable             ; Enable             ;
; Verilog Version                                                  ; Verilog_2001       ; Verilog_2001       ;
; VHDL Version                                                     ; VHDL_1993          ; VHDL_1993          ;
; State Machine Processing                                         ; Auto               ; Auto               ;
; Safe State Machine                                               ; Off                ; Off                ;
; Extract Verilog State Machines                                   ; On                 ; On                 ;
; Extract VHDL State Machines                                      ; On                 ; On                 ;
; Ignore Verilog initial constructs                                ; Off                ; Off                ;
; Iteration limit for constant Verilog loops                       ; 5000               ; 5000               ;
; Iteration limit for non-constant Verilog loops                   ; 250                ; 250                ;
; Add Pass-Through Logic to Inferred RAMs                          ; On                 ; On                 ;
; Infer RAMs from Raw Logic                                        ; On                 ; On                 ;
; Parallel Synthesis                                               ; On                 ; On                 ;
; DSP Block Balancing                                              ; Auto               ; Auto               ;
; NOT Gate Push-Back                                               ; On                 ; On                 ;
; Power-Up Don't Care                                              ; On                 ; On                 ;
; Remove Redundant Logic Cells                                     ; Off                ; Off                ;
; Remove Duplicate Registers                                       ; On                 ; On                 ;
; Ignore CARRY Buffers                                             ; Off                ; Off                ;
; Ignore CASCADE Buffers                                           ; Off                ; Off                ;
; Ignore GLOBAL Buffers                                            ; Off                ; Off                ;
; Ignore ROW GLOBAL Buffers                                        ; Off                ; Off                ;
; Ignore LCELL Buffers                                             ; Off                ; Off                ;
; Ignore SOFT Buffers                                              ; On                 ; On                 ;
; Limit AHDL Integers to 32 Bits                                   ; Off                ; Off                ;
; Optimization Technique                                           ; Balanced           ; Balanced           ;
; Carry Chain Length                                               ; 70                 ; 70                 ;
; Auto Carry Chains                                                ; On                 ; On                 ;
; Auto Open-Drain Pins                                             ; On                 ; On                 ;
; Perform WYSIWYG Primitive Resynthesis                            ; Off                ; Off                ;
; Auto ROM Replacement                                             ; On                 ; On                 ;
; Auto RAM Replacement                                             ; On                 ; On                 ;
; Auto DSP Block Replacement                                       ; On                 ; On                 ;
; Auto Shift Register Replacement                                  ; Auto               ; Auto               ;
; Allow Shift Register Merging across Hierarchies                  ; Auto               ; Auto               ;
; Auto Clock Enable Replacement                                    ; On                 ; On                 ;
; Strict RAM Replacement                                           ; Off                ; Off                ;
; Allow Synchronous Control Signals                                ; On                 ; On                 ;
; Force Use of Synchronous Clear Signals                           ; Off                ; Off                ;
; Auto RAM Block Balancing                                         ; On                 ; On                 ;
; Auto RAM to Logic Cell Conversion                                ; Off                ; Off                ;
; Auto Resource Sharing                                            ; Off                ; Off                ;
; Allow Any RAM Size For Recognition                               ; Off                ; Off                ;
; Allow Any ROM Size For Recognition                               ; Off                ; Off                ;
; Allow Any Shift Register Size For Recognition                    ; Off                ; Off                ;
; Use LogicLock Constraints during Resource Balancing              ; On                 ; On                 ;
; Ignore translate_off and synthesis_off directives                ; Off                ; Off                ;
; Timing-Driven Synthesis                                          ; On                 ; On                 ;
; Report Parameter Settings                                        ; On                 ; On                 ;
; Report Source Assignments                                        ; On                 ; On                 ;
; Report Connectivity Checks                                       ; On                 ; On                 ;
; Ignore Maximum Fan-Out Assignments                               ; Off                ; Off                ;
; Synchronization Register Chain Length                            ; 2                  ; 2                  ;
; Power Optimization During Synthesis                              ; Normal compilation ; Normal compilation ;
; HDL message level                                                ; Level2             ; Level2             ;
; Suppress Register Optimization Related Messages                  ; Off                ; Off                ;
; Number of Removed Registers Reported in Synthesis Report         ; 5000               ; 5000               ;
; Number of Swept Nodes Reported in Synthesis Report               ; 5000               ; 5000               ;
; Number of Inverted Registers Reported in Synthesis Report        ; 100                ; 100                ;
; Clock MUX Protection                                             ; On                 ; On                 ;
; Auto Gated Clock Conversion                                      ; Off                ; Off                ;
; Block Design Naming                                              ; Auto               ; Auto               ;
; SDC constraint protection                                        ; Off                ; Off                ;
; Synthesis Effort                                                 ; Auto               ; Auto               ;
; Shift Register Replacement - Allow Asynchronous Clear Signal     ; On                 ; On                 ;
; Pre-Mapping Resynthesis Optimization                             ; Off                ; Off                ;
; Analysis & Synthesis Message Level                               ; Medium             ; Medium             ;
; Disable Register Merging Across Hierarchies                      ; Auto               ; Auto               ;
; Resource Aware Inference For Block RAM                           ; On                 ; On                 ;
+------------------------------------------------------------------+--------------------+--------------------+


+---------------------------------+
; Analysis & Elaboration Messages ;
+---------------------------------+
Info: *******************************************************************
Info: Running Quartus Prime Analysis & Elaboration
    Info: Version 20.1.1 Build 720 11/11/2020 SJ Lite Edition
    Info: Processing started: Thu Mar 06 16:16:03 2025
Info: Command: quartus_map --read_settings_files=on --write_settings_files=off rom -c rom --analysis_and_elaboration
Warning (18236): Number of processors has not been specified which may cause overloading on shared machines.  Set the global assignment NUM_PARALLEL_PROCESSORS in your QSF to an appropriate value for best performance.
Info (20030): Parallel compilation is enabled and will use 8 of the 8 processors detected
Info (12021): Found 1 design units, including 1 entities, in source file cpurom.v
    Info (12023): Found entity 1: cpurom File: E:/QuartusPrime/Computer and Network Technology/Ex1/cpurom.v Line: 40
Info (12021): Found 1 design units, including 1 entities, in source file rom.v
    Info (12023): Found entity 1: ROM File: E:/QuartusPrime/Computer and Network Technology/Ex1/ROM.v Line: 1
Info (12021): Found 1 design units, including 1 entities, in source file addrgen.v
    Info (12023): Found entity 1: addrGen File: E:/QuartusPrime/Computer and Network Technology/Ex1/addrGen.v Line: 1
Info (12021): Found 1 design units, including 1 entities, in source file rom_tb.v
    Info (12023): Found entity 1: ROM_tb File: E:/QuartusPrime/Computer and Network Technology/Ex1/ROM_tb.v Line: 2
Info (12021): Found 1 design units, including 1 entities, in source file rom2.v
    Info (12023): Found entity 1: ROM2 File: E:/QuartusPrime/Computer and Network Technology/Ex1/ROM2.v Line: 1
Info (12021): Found 1 design units, including 1 entities, in source file rom2_tb.v
    Info (12023): Found entity 1: ROM2_tb File: E:/QuartusPrime/Computer and Network Technology/Ex1/ROM2_tb.v Line: 2
Info (12021): Found 1 design units, including 1 entities, in source file cpurom2.v
    Info (12023): Found entity 1: cpurom2 File: E:/QuartusPrime/Computer and Network Technology/Ex1/cpurom2.v Line: 40
Info (12021): Found 1 design units, including 1 entities, in source file regfile.v
    Info (12023): Found entity 1: regfile File: E:/QuartusPrime/Computer and Network Technology/Ex1/regfile.v Line: 1
Info (12021): Found 1 design units, including 1 entities, in source file regfile_tb.v
    Info (12023): Found entity 1: regfile_tb File: E:/QuartusPrime/Computer and Network Technology/Ex1/regfile_tb.v Line: 2
Info (12021): Found 1 design units, including 1 entities, in source file regfile2.v
    Info (12023): Found entity 1: regfile2 File: E:/QuartusPrime/Computer and Network Technology/Ex1/regfile2.v Line: 1
Info (12021): Found 1 design units, including 1 entities, in source file regfile2_tb.v
    Info (12023): Found entity 1: regfile2_tb File: E:/QuartusPrime/Computer and Network Technology/Ex1/regfile2_tb.v Line: 2
Info (12021): Found 1 design units, including 1 entities, in source file alu.v
    Info (12023): Found entity 1: alu File: E:/QuartusPrime/Computer and Network Technology/Ex1/alu.v Line: 1
Info (12021): Found 1 design units, including 1 entities, in source file alu_tb.v
    Info (12023): Found entity 1: alu_tb File: E:/QuartusPrime/Computer and Network Technology/Ex1/alu_tb.v Line: 2
Info (12021): Found 1 design units, including 1 entities, in source file alu2.v
    Info (12023): Found entity 1: alu2 File: E:/QuartusPrime/Computer and Network Technology/Ex1/alu2.v Line: 1
Info (12021): Found 1 design units, including 1 entities, in source file alu2_tb.v
    Info (12023): Found entity 1: alu2_tb File: E:/QuartusPrime/Computer and Network Technology/Ex1/alu2_tb.v Line: 2
Info (12127): Elaborating entity "alu2" for the top level hierarchy
Warning (10270): Verilog HDL Case Statement warning at alu2.v(9): incomplete case statement has no default case item File: E:/QuartusPrime/Computer and Network Technology/Ex1/alu2.v Line: 9
Warning (10240): Verilog HDL Always Construct warning at alu2.v(9): inferring latch(es) for variable "s", which holds its previous value in one or more paths through the always construct File: E:/QuartusPrime/Computer and Network Technology/Ex1/alu2.v Line: 9
Warning (10240): Verilog HDL Always Construct warning at alu2.v(9): inferring latch(es) for variable "carry_out", which holds its previous value in one or more paths through the always construct File: E:/QuartusPrime/Computer and Network Technology/Ex1/alu2.v Line: 9
Info (10041): Inferred latch for "carry_out" at alu2.v(9) File: E:/QuartusPrime/Computer and Network Technology/Ex1/alu2.v Line: 9
Info (10041): Inferred latch for "s[0]" at alu2.v(9) File: E:/QuartusPrime/Computer and Network Technology/Ex1/alu2.v Line: 9
Info (10041): Inferred latch for "s[1]" at alu2.v(9) File: E:/QuartusPrime/Computer and Network Technology/Ex1/alu2.v Line: 9
Info (10041): Inferred latch for "s[2]" at alu2.v(9) File: E:/QuartusPrime/Computer and Network Technology/Ex1/alu2.v Line: 9
Info (10041): Inferred latch for "s[3]" at alu2.v(9) File: E:/QuartusPrime/Computer and Network Technology/Ex1/alu2.v Line: 9
Info (10041): Inferred latch for "s[4]" at alu2.v(9) File: E:/QuartusPrime/Computer and Network Technology/Ex1/alu2.v Line: 9
Info (10041): Inferred latch for "s[5]" at alu2.v(9) File: E:/QuartusPrime/Computer and Network Technology/Ex1/alu2.v Line: 9
Info (10041): Inferred latch for "s[6]" at alu2.v(9) File: E:/QuartusPrime/Computer and Network Technology/Ex1/alu2.v Line: 9
Info (10041): Inferred latch for "s[7]" at alu2.v(9) File: E:/QuartusPrime/Computer and Network Technology/Ex1/alu2.v Line: 9
Info (10041): Inferred latch for "s[8]" at alu2.v(9) File: E:/QuartusPrime/Computer and Network Technology/Ex1/alu2.v Line: 9
Info (10041): Inferred latch for "s[9]" at alu2.v(9) File: E:/QuartusPrime/Computer and Network Technology/Ex1/alu2.v Line: 9
Info (10041): Inferred latch for "s[10]" at alu2.v(9) File: E:/QuartusPrime/Computer and Network Technology/Ex1/alu2.v Line: 9
Info (10041): Inferred latch for "s[11]" at alu2.v(9) File: E:/QuartusPrime/Computer and Network Technology/Ex1/alu2.v Line: 9
Info (10041): Inferred latch for "s[12]" at alu2.v(9) File: E:/QuartusPrime/Computer and Network Technology/Ex1/alu2.v Line: 9
Info (10041): Inferred latch for "s[13]" at alu2.v(9) File: E:/QuartusPrime/Computer and Network Technology/Ex1/alu2.v Line: 9
Info (10041): Inferred latch for "s[14]" at alu2.v(9) File: E:/QuartusPrime/Computer and Network Technology/Ex1/alu2.v Line: 9
Info (10041): Inferred latch for "s[15]" at alu2.v(9) File: E:/QuartusPrime/Computer and Network Technology/Ex1/alu2.v Line: 9
Info (10041): Inferred latch for "s[16]" at alu2.v(9) File: E:/QuartusPrime/Computer and Network Technology/Ex1/alu2.v Line: 9
Info (10041): Inferred latch for "s[17]" at alu2.v(9) File: E:/QuartusPrime/Computer and Network Technology/Ex1/alu2.v Line: 9
Info (10041): Inferred latch for "s[18]" at alu2.v(9) File: E:/QuartusPrime/Computer and Network Technology/Ex1/alu2.v Line: 9
Info (10041): Inferred latch for "s[19]" at alu2.v(9) File: E:/QuartusPrime/Computer and Network Technology/Ex1/alu2.v Line: 9
Info (10041): Inferred latch for "s[20]" at alu2.v(9) File: E:/QuartusPrime/Computer and Network Technology/Ex1/alu2.v Line: 9
Info (10041): Inferred latch for "s[21]" at alu2.v(9) File: E:/QuartusPrime/Computer and Network Technology/Ex1/alu2.v Line: 9
Info (10041): Inferred latch for "s[22]" at alu2.v(9) File: E:/QuartusPrime/Computer and Network Technology/Ex1/alu2.v Line: 9
Info (10041): Inferred latch for "s[23]" at alu2.v(9) File: E:/QuartusPrime/Computer and Network Technology/Ex1/alu2.v Line: 9
Info (10041): Inferred latch for "s[24]" at alu2.v(9) File: E:/QuartusPrime/Computer and Network Technology/Ex1/alu2.v Line: 9
Info (10041): Inferred latch for "s[25]" at alu2.v(9) File: E:/QuartusPrime/Computer and Network Technology/Ex1/alu2.v Line: 9
Info (10041): Inferred latch for "s[26]" at alu2.v(9) File: E:/QuartusPrime/Computer and Network Technology/Ex1/alu2.v Line: 9
Info (10041): Inferred latch for "s[27]" at alu2.v(9) File: E:/QuartusPrime/Computer and Network Technology/Ex1/alu2.v Line: 9
Info (10041): Inferred latch for "s[28]" at alu2.v(9) File: E:/QuartusPrime/Computer and Network Technology/Ex1/alu2.v Line: 9
Info (10041): Inferred latch for "s[29]" at alu2.v(9) File: E:/QuartusPrime/Computer and Network Technology/Ex1/alu2.v Line: 9
Info (10041): Inferred latch for "s[30]" at alu2.v(9) File: E:/QuartusPrime/Computer and Network Technology/Ex1/alu2.v Line: 9
Info (10041): Inferred latch for "s[31]" at alu2.v(9) File: E:/QuartusPrime/Computer and Network Technology/Ex1/alu2.v Line: 9
Info: Quartus Prime Analysis & Elaboration was successful. 0 errors, 4 warnings
    Info: Peak virtual memory: 4710 megabytes
    Info: Processing ended: Thu Mar 06 16:16:23 2025
    Info: Elapsed time: 00:00:20
    Info: Total CPU time (on all processors): 00:00:21


