Analysis & Elaboration report for rom
Tue Apr 08 22:58:17 2025
Quartus Prime Version 20.1.1 Build 720 11/11/2020 SJ Lite Edition


---------------------
; Table of Contents ;
---------------------
  1. Legal Notice
  2. Analysis & Elaboration Summary
  3. Parallel Compilation
  4. Analysis & Elaboration IP Cores Summary
  5. Source assignments for cpurom2:cpu_rom_inst|altsyncram:altsyncram_component|altsyncram_4o91:auto_generated
  6. Source assignments for cpuram2:cpu_ram_inst|altsyncram:altsyncram_component|altsyncram_6qg1:auto_generated
  7. Parameter Settings for User Entity Instance: cpurom2:cpu_rom_inst|altsyncram:altsyncram_component
  8. Parameter Settings for User Entity Instance: cpuram2:cpu_ram_inst|altsyncram:altsyncram_component
  9. altsyncram Parameter Settings by Entity Instance
 10. Analysis & Elaboration Settings
 11. Port Connectivity Checks: "cpuram2:cpu_ram_inst"
 12. Port Connectivity Checks: "controller22:controller22"
 13. Analysis & Elaboration Messages



----------------
; Legal Notice ;
----------------
Copyright (C) 2020  Intel Corporation. All rights reserved.
Your use of Intel Corporation's design tools, logic functions 
and other software and tools, and any partner logic 
functions, and any output files from any of the foregoing 
(including device programming or simulation files), and any 
associated documentation or information are expressly subject 
to the terms and conditions of the Intel Program License 
Subscription Agreement, the Intel Quartus Prime License Agreement,
the Intel FPGA IP License Agreement, or other applicable license
agreement, including, without limitation, that your use is for
the sole purpose of programming logic devices manufactured by
Intel and sold by Intel or its authorized distributors.  Please
refer to the applicable agreement for further details, at
https://fpgasoftware.intel.com/eula.



+----------------------------------------------------------------------------------+
; Analysis & Elaboration Summary                                                   ;
+------------------------------------+---------------------------------------------+
; Analysis & Elaboration Status      ; Successful - Tue Apr 08 22:58:17 2025       ;
; Quartus Prime Version              ; 20.1.1 Build 720 11/11/2020 SJ Lite Edition ;
; Revision Name                      ; rom                                         ;
; Top-level Entity Name              ; cpuG                                        ;
; Family                             ; Cyclone 10 LP                               ;
; Total logic elements               ; N/A until Partition Merge                   ;
;     Total combinational functions  ; N/A until Partition Merge                   ;
;     Dedicated logic registers      ; N/A until Partition Merge                   ;
; Total registers                    ; N/A until Partition Merge                   ;
; Total pins                         ; N/A until Partition Merge                   ;
; Total virtual pins                 ; N/A until Partition Merge                   ;
; Total memory bits                  ; N/A until Partition Merge                   ;
; Embedded Multiplier 9-bit elements ; N/A until Partition Merge                   ;
; Total PLLs                         ; N/A until Partition Merge                   ;
+------------------------------------+---------------------------------------------+


+------------------------------------------+
; Parallel Compilation                     ;
+----------------------------+-------------+
; Processors                 ; Number      ;
+----------------------------+-------------+
; Number detected on machine ; 16          ;
; Maximum allowed            ; 8           ;
;                            ;             ;
; Average used               ; 1.00        ;
; Maximum used               ; 1           ;
;                            ;             ;
; Usage by Processor         ; % Time Used ;
;     Processor 1            ; 100.0%      ;
+----------------------------+-------------+


+--------------------------------------------------------------------------------------------------------------+
; Analysis & Elaboration IP Cores Summary                                                                      ;
+--------+--------------+---------+--------------+--------------+----------------------------+-----------------+
; Vendor ; IP Core Name ; Version ; Release Date ; License Type ; Entity Instance            ; IP Include File ;
+--------+--------------+---------+--------------+--------------+----------------------------+-----------------+
; Altera ; RAM: 1-PORT  ; 20.1    ; N/A          ; N/A          ; |cpuG|cpuram2:cpu_ram_inst ; cpuram2.v       ;
; Altera ; ROM: 1-PORT  ; 20.1    ; N/A          ; N/A          ; |cpuG|cpurom2:cpu_rom_inst ; cpurom2.v       ;
+--------+--------------+---------+--------------+--------------+----------------------------+-----------------+


+------------------------------------------------------------------------------------------------------------+
; Source assignments for cpurom2:cpu_rom_inst|altsyncram:altsyncram_component|altsyncram_4o91:auto_generated ;
+---------------------------------+--------------------+------+----------------------------------------------+
; Assignment                      ; Value              ; From ; To                                           ;
+---------------------------------+--------------------+------+----------------------------------------------+
; OPTIMIZE_POWER_DURING_SYNTHESIS ; NORMAL_COMPILATION ; -    ; -                                            ;
+---------------------------------+--------------------+------+----------------------------------------------+


+------------------------------------------------------------------------------------------------------------+
; Source assignments for cpuram2:cpu_ram_inst|altsyncram:altsyncram_component|altsyncram_6qg1:auto_generated ;
+---------------------------------+--------------------+------+----------------------------------------------+
; Assignment                      ; Value              ; From ; To                                           ;
+---------------------------------+--------------------+------+----------------------------------------------+
; OPTIMIZE_POWER_DURING_SYNTHESIS ; NORMAL_COMPILATION ; -    ; -                                            ;
+---------------------------------+--------------------+------+----------------------------------------------+


+---------------------------------------------------------------------------------------------------+
; Parameter Settings for User Entity Instance: cpurom2:cpu_rom_inst|altsyncram:altsyncram_component ;
+------------------------------------+----------------------+---------------------------------------+
; Parameter Name                     ; Value                ; Type                                  ;
+------------------------------------+----------------------+---------------------------------------+
; BYTE_SIZE_BLOCK                    ; 8                    ; Untyped                               ;
; AUTO_CARRY_CHAINS                  ; ON                   ; AUTO_CARRY                            ;
; IGNORE_CARRY_BUFFERS               ; OFF                  ; IGNORE_CARRY                          ;
; AUTO_CASCADE_CHAINS                ; ON                   ; AUTO_CASCADE                          ;
; IGNORE_CASCADE_BUFFERS             ; OFF                  ; IGNORE_CASCADE                        ;
; WIDTH_BYTEENA                      ; 1                    ; Untyped                               ;
; OPERATION_MODE                     ; ROM                  ; Untyped                               ;
; WIDTH_A                            ; 32                   ; Signed Integer                        ;
; WIDTHAD_A                          ; 8                    ; Signed Integer                        ;
; NUMWORDS_A                         ; 256                  ; Signed Integer                        ;
; OUTDATA_REG_A                      ; UNREGISTERED         ; Untyped                               ;
; ADDRESS_ACLR_A                     ; NONE                 ; Untyped                               ;
; OUTDATA_ACLR_A                     ; NONE                 ; Untyped                               ;
; WRCONTROL_ACLR_A                   ; NONE                 ; Untyped                               ;
; INDATA_ACLR_A                      ; NONE                 ; Untyped                               ;
; BYTEENA_ACLR_A                     ; NONE                 ; Untyped                               ;
; WIDTH_B                            ; 1                    ; Untyped                               ;
; WIDTHAD_B                          ; 1                    ; Untyped                               ;
; NUMWORDS_B                         ; 1                    ; Untyped                               ;
; INDATA_REG_B                       ; CLOCK1               ; Untyped                               ;
; WRCONTROL_WRADDRESS_REG_B          ; CLOCK1               ; Untyped                               ;
; RDCONTROL_REG_B                    ; CLOCK1               ; Untyped                               ;
; ADDRESS_REG_B                      ; CLOCK1               ; Untyped                               ;
; OUTDATA_REG_B                      ; UNREGISTERED         ; Untyped                               ;
; BYTEENA_REG_B                      ; CLOCK1               ; Untyped                               ;
; INDATA_ACLR_B                      ; NONE                 ; Untyped                               ;
; WRCONTROL_ACLR_B                   ; NONE                 ; Untyped                               ;
; ADDRESS_ACLR_B                     ; NONE                 ; Untyped                               ;
; OUTDATA_ACLR_B                     ; NONE                 ; Untyped                               ;
; RDCONTROL_ACLR_B                   ; NONE                 ; Untyped                               ;
; BYTEENA_ACLR_B                     ; NONE                 ; Untyped                               ;
; WIDTH_BYTEENA_A                    ; 1                    ; Signed Integer                        ;
; WIDTH_BYTEENA_B                    ; 1                    ; Untyped                               ;
; RAM_BLOCK_TYPE                     ; AUTO                 ; Untyped                               ;
; BYTE_SIZE                          ; 8                    ; Untyped                               ;
; READ_DURING_WRITE_MODE_MIXED_PORTS ; DONT_CARE            ; Untyped                               ;
; READ_DURING_WRITE_MODE_PORT_A      ; NEW_DATA_NO_NBE_READ ; Untyped                               ;
; READ_DURING_WRITE_MODE_PORT_B      ; NEW_DATA_NO_NBE_READ ; Untyped                               ;
; INIT_FILE                          ; rom2.hex             ; Untyped                               ;
; INIT_FILE_LAYOUT                   ; PORT_A               ; Untyped                               ;
; MAXIMUM_DEPTH                      ; 0                    ; Untyped                               ;
; CLOCK_ENABLE_INPUT_A               ; BYPASS               ; Untyped                               ;
; CLOCK_ENABLE_INPUT_B               ; NORMAL               ; Untyped                               ;
; CLOCK_ENABLE_OUTPUT_A              ; BYPASS               ; Untyped                               ;
; CLOCK_ENABLE_OUTPUT_B              ; NORMAL               ; Untyped                               ;
; CLOCK_ENABLE_CORE_A                ; USE_INPUT_CLKEN      ; Untyped                               ;
; CLOCK_ENABLE_CORE_B                ; USE_INPUT_CLKEN      ; Untyped                               ;
; ENABLE_ECC                         ; FALSE                ; Untyped                               ;
; ECC_PIPELINE_STAGE_ENABLED         ; FALSE                ; Untyped                               ;
; WIDTH_ECCSTATUS                    ; 3                    ; Untyped                               ;
; DEVICE_FAMILY                      ; Cyclone 10 LP        ; Untyped                               ;
; CBXI_PARAMETER                     ; altsyncram_4o91      ; Untyped                               ;
+------------------------------------+----------------------+---------------------------------------+
Note: In order to hide this table in the UI and the text report file, please set the "Show Parameter Settings in Synthesis Report" option in "Analysis and Synthesis Settings -> More Settings" to "Off".


+---------------------------------------------------------------------------------------------------+
; Parameter Settings for User Entity Instance: cpuram2:cpu_ram_inst|altsyncram:altsyncram_component ;
+------------------------------------+----------------------+---------------------------------------+
; Parameter Name                     ; Value                ; Type                                  ;
+------------------------------------+----------------------+---------------------------------------+
; BYTE_SIZE_BLOCK                    ; 8                    ; Untyped                               ;
; AUTO_CARRY_CHAINS                  ; ON                   ; AUTO_CARRY                            ;
; IGNORE_CARRY_BUFFERS               ; OFF                  ; IGNORE_CARRY                          ;
; AUTO_CASCADE_CHAINS                ; ON                   ; AUTO_CASCADE                          ;
; IGNORE_CASCADE_BUFFERS             ; OFF                  ; IGNORE_CASCADE                        ;
; WIDTH_BYTEENA                      ; 1                    ; Untyped                               ;
; OPERATION_MODE                     ; SINGLE_PORT          ; Untyped                               ;
; WIDTH_A                            ; 32                   ; Signed Integer                        ;
; WIDTHAD_A                          ; 8                    ; Signed Integer                        ;
; NUMWORDS_A                         ; 256                  ; Signed Integer                        ;
; OUTDATA_REG_A                      ; UNREGISTERED         ; Untyped                               ;
; ADDRESS_ACLR_A                     ; NONE                 ; Untyped                               ;
; OUTDATA_ACLR_A                     ; CLEAR0               ; Untyped                               ;
; WRCONTROL_ACLR_A                   ; NONE                 ; Untyped                               ;
; INDATA_ACLR_A                      ; NONE                 ; Untyped                               ;
; BYTEENA_ACLR_A                     ; NONE                 ; Untyped                               ;
; WIDTH_B                            ; 1                    ; Untyped                               ;
; WIDTHAD_B                          ; 1                    ; Untyped                               ;
; NUMWORDS_B                         ; 1                    ; Untyped                               ;
; INDATA_REG_B                       ; CLOCK1               ; Untyped                               ;
; WRCONTROL_WRADDRESS_REG_B          ; CLOCK1               ; Untyped                               ;
; RDCONTROL_REG_B                    ; CLOCK1               ; Untyped                               ;
; ADDRESS_REG_B                      ; CLOCK1               ; Untyped                               ;
; OUTDATA_REG_B                      ; UNREGISTERED         ; Untyped                               ;
; BYTEENA_REG_B                      ; CLOCK1               ; Untyped                               ;
; INDATA_ACLR_B                      ; NONE                 ; Untyped                               ;
; WRCONTROL_ACLR_B                   ; NONE                 ; Untyped                               ;
; ADDRESS_ACLR_B                     ; NONE                 ; Untyped                               ;
; OUTDATA_ACLR_B                     ; NONE                 ; Untyped                               ;
; RDCONTROL_ACLR_B                   ; NONE                 ; Untyped                               ;
; BYTEENA_ACLR_B                     ; NONE                 ; Untyped                               ;
; WIDTH_BYTEENA_A                    ; 1                    ; Signed Integer                        ;
; WIDTH_BYTEENA_B                    ; 1                    ; Untyped                               ;
; RAM_BLOCK_TYPE                     ; AUTO                 ; Untyped                               ;
; BYTE_SIZE                          ; 8                    ; Untyped                               ;
; READ_DURING_WRITE_MODE_MIXED_PORTS ; DONT_CARE            ; Untyped                               ;
; READ_DURING_WRITE_MODE_PORT_A      ; NEW_DATA_NO_NBE_READ ; Untyped                               ;
; READ_DURING_WRITE_MODE_PORT_B      ; NEW_DATA_NO_NBE_READ ; Untyped                               ;
; INIT_FILE                          ; UNUSED               ; Untyped                               ;
; INIT_FILE_LAYOUT                   ; PORT_A               ; Untyped                               ;
; MAXIMUM_DEPTH                      ; 0                    ; Untyped                               ;
; CLOCK_ENABLE_INPUT_A               ; BYPASS               ; Untyped                               ;
; CLOCK_ENABLE_INPUT_B               ; NORMAL               ; Untyped                               ;
; CLOCK_ENABLE_OUTPUT_A              ; BYPASS               ; Untyped                               ;
; CLOCK_ENABLE_OUTPUT_B              ; NORMAL               ; Untyped                               ;
; CLOCK_ENABLE_CORE_A                ; USE_INPUT_CLKEN      ; Untyped                               ;
; CLOCK_ENABLE_CORE_B                ; USE_INPUT_CLKEN      ; Untyped                               ;
; ENABLE_ECC                         ; FALSE                ; Untyped                               ;
; ECC_PIPELINE_STAGE_ENABLED         ; FALSE                ; Untyped                               ;
; WIDTH_ECCSTATUS                    ; 3                    ; Untyped                               ;
; DEVICE_FAMILY                      ; Cyclone 10 LP        ; Untyped                               ;
; CBXI_PARAMETER                     ; altsyncram_6qg1      ; Untyped                               ;
+------------------------------------+----------------------+---------------------------------------+
Note: In order to hide this table in the UI and the text report file, please set the "Show Parameter Settings in Synthesis Report" option in "Analysis and Synthesis Settings -> More Settings" to "Off".


+--------------------------------------------------------------------------------------------------+
; altsyncram Parameter Settings by Entity Instance                                                 ;
+-------------------------------------------+------------------------------------------------------+
; Name                                      ; Value                                                ;
+-------------------------------------------+------------------------------------------------------+
; Number of entity instances                ; 2                                                    ;
; Entity Instance                           ; cpurom2:cpu_rom_inst|altsyncram:altsyncram_component ;
;     -- OPERATION_MODE                     ; ROM                                                  ;
;     -- WIDTH_A                            ; 32                                                   ;
;     -- NUMWORDS_A                         ; 256                                                  ;
;     -- OUTDATA_REG_A                      ; UNREGISTERED                                         ;
;     -- WIDTH_B                            ; 1                                                    ;
;     -- NUMWORDS_B                         ; 1                                                    ;
;     -- ADDRESS_REG_B                      ; CLOCK1                                               ;
;     -- OUTDATA_REG_B                      ; UNREGISTERED                                         ;
;     -- RAM_BLOCK_TYPE                     ; AUTO                                                 ;
;     -- READ_DURING_WRITE_MODE_MIXED_PORTS ; DONT_CARE                                            ;
; Entity Instance                           ; cpuram2:cpu_ram_inst|altsyncram:altsyncram_component ;
;     -- OPERATION_MODE                     ; SINGLE_PORT                                          ;
;     -- WIDTH_A                            ; 32                                                   ;
;     -- NUMWORDS_A                         ; 256                                                  ;
;     -- OUTDATA_REG_A                      ; UNREGISTERED                                         ;
;     -- WIDTH_B                            ; 1                                                    ;
;     -- NUMWORDS_B                         ; 1                                                    ;
;     -- ADDRESS_REG_B                      ; CLOCK1                                               ;
;     -- OUTDATA_REG_B                      ; UNREGISTERED                                         ;
;     -- RAM_BLOCK_TYPE                     ; AUTO                                                 ;
;     -- READ_DURING_WRITE_MODE_MIXED_PORTS ; DONT_CARE                                            ;
+-------------------------------------------+------------------------------------------------------+


+------------------------------------------------------------------------------------------------------------+
; Analysis & Elaboration Settings                                                                            ;
+------------------------------------------------------------------+--------------------+--------------------+
; Option                                                           ; Setting            ; Default Value      ;
+------------------------------------------------------------------+--------------------+--------------------+
; Top-level entity name                                            ; cpuG               ; rom                ;
; Family name                                                      ; Cyclone 10 LP      ; Cyclone V          ;
; Use smart compilation                                            ; Off                ; Off                ;
; Enable parallel Assembler and Timing Analyzer during compilation ; On                 ; On                 ;
; Enable compact report table                                      ; Off                ; Off                ;
; Restructure Multiplexers                                         ; Auto               ; Auto               ;
; Create Debugging Nodes for IP Cores                              ; Off                ; Off                ;
; Preserve fewer node names                                        ; On                 ; On                 ;
; Intel FPGA IP Evaluation Mode                                    ; Enable             ; Enable             ;
; Verilog Version                                                  ; Verilog_2001       ; Verilog_2001       ;
; VHDL Version                                                     ; VHDL_1993          ; VHDL_1993          ;
; State Machine Processing                                         ; Auto               ; Auto               ;
; Safe State Machine                                               ; Off                ; Off                ;
; Extract Verilog State Machines                                   ; On                 ; On                 ;
; Extract VHDL State Machines                                      ; On                 ; On                 ;
; Ignore Verilog initial constructs                                ; Off                ; Off                ;
; Iteration limit for constant Verilog loops                       ; 5000               ; 5000               ;
; Iteration limit for non-constant Verilog loops                   ; 250                ; 250                ;
; Add Pass-Through Logic to Inferred RAMs                          ; On                 ; On                 ;
; Infer RAMs from Raw Logic                                        ; On                 ; On                 ;
; Parallel Synthesis                                               ; On                 ; On                 ;
; DSP Block Balancing                                              ; Auto               ; Auto               ;
; NOT Gate Push-Back                                               ; On                 ; On                 ;
; Power-Up Don't Care                                              ; On                 ; On                 ;
; Remove Redundant Logic Cells                                     ; Off                ; Off                ;
; Remove Duplicate Registers                                       ; On                 ; On                 ;
; Ignore CARRY Buffers                                             ; Off                ; Off                ;
; Ignore CASCADE Buffers                                           ; Off                ; Off                ;
; Ignore GLOBAL Buffers                                            ; Off                ; Off                ;
; Ignore ROW GLOBAL Buffers                                        ; Off                ; Off                ;
; Ignore LCELL Buffers                                             ; Off                ; Off                ;
; Ignore SOFT Buffers                                              ; On                 ; On                 ;
; Limit AHDL Integers to 32 Bits                                   ; Off                ; Off                ;
; Optimization Technique                                           ; Balanced           ; Balanced           ;
; Carry Chain Length                                               ; 70                 ; 70                 ;
; Auto Carry Chains                                                ; On                 ; On                 ;
; Auto Open-Drain Pins                                             ; On                 ; On                 ;
; Perform WYSIWYG Primitive Resynthesis                            ; Off                ; Off                ;
; Auto ROM Replacement                                             ; On                 ; On                 ;
; Auto RAM Replacement                                             ; On                 ; On                 ;
; Auto DSP Block Replacement                                       ; On                 ; On                 ;
; Auto Shift Register Replacement                                  ; Auto               ; Auto               ;
; Allow Shift Register Merging across Hierarchies                  ; Auto               ; Auto               ;
; Auto Clock Enable Replacement                                    ; On                 ; On                 ;
; Strict RAM Replacement                                           ; Off                ; Off                ;
; Allow Synchronous Control Signals                                ; On                 ; On                 ;
; Force Use of Synchronous Clear Signals                           ; Off                ; Off                ;
; Auto RAM Block Balancing                                         ; On                 ; On                 ;
; Auto RAM to Logic Cell Conversion                                ; Off                ; Off                ;
; Auto Resource Sharing                                            ; Off                ; Off                ;
; Allow Any RAM Size For Recognition                               ; Off                ; Off                ;
; Allow Any ROM Size For Recognition                               ; Off                ; Off                ;
; Allow Any Shift Register Size For Recognition                    ; Off                ; Off                ;
; Use LogicLock Constraints during Resource Balancing              ; On                 ; On                 ;
; Ignore translate_off and synthesis_off directives                ; Off                ; Off                ;
; Timing-Driven Synthesis                                          ; On                 ; On                 ;
; Report Parameter Settings                                        ; On                 ; On                 ;
; Report Source Assignments                                        ; On                 ; On                 ;
; Report Connectivity Checks                                       ; On                 ; On                 ;
; Ignore Maximum Fan-Out Assignments                               ; Off                ; Off                ;
; Synchronization Register Chain Length                            ; 2                  ; 2                  ;
; Power Optimization During Synthesis                              ; Normal compilation ; Normal compilation ;
; HDL message level                                                ; Level2             ; Level2             ;
; Suppress Register Optimization Related Messages                  ; Off                ; Off                ;
; Number of Removed Registers Reported in Synthesis Report         ; 5000               ; 5000               ;
; Number of Swept Nodes Reported in Synthesis Report               ; 5000               ; 5000               ;
; Number of Inverted Registers Reported in Synthesis Report        ; 100                ; 100                ;
; Clock MUX Protection                                             ; On                 ; On                 ;
; Auto Gated Clock Conversion                                      ; Off                ; Off                ;
; Block Design Naming                                              ; Auto               ; Auto               ;
; SDC constraint protection                                        ; Off                ; Off                ;
; Synthesis Effort                                                 ; Auto               ; Auto               ;
; Shift Register Replacement - Allow Asynchronous Clear Signal     ; On                 ; On                 ;
; Pre-Mapping Resynthesis Optimization                             ; Off                ; Off                ;
; Analysis & Synthesis Message Level                               ; Medium             ; Medium             ;
; Disable Register Merging Across Hierarchies                      ; Auto               ; Auto               ;
; Resource Aware Inference For Block RAM                           ; On                 ; On                 ;
+------------------------------------------------------------------+--------------------+--------------------+


+-----------------------------------------------------------------------------------------------------------------------------------------------------------------------------------------------------------------+
; Port Connectivity Checks: "cpuram2:cpu_ram_inst"                                                                                                                                                                ;
+---------+-------+----------+------------------------------------------------------------------------------------------------------------------------------------------------------------------------------------+
; Port    ; Type  ; Severity ; Details                                                                                                                                                                            ;
+---------+-------+----------+------------------------------------------------------------------------------------------------------------------------------------------------------------------------------------+
; address ; Input ; Warning  ; Input port expression (32 bits) is wider than the input port (8 bits) it drives.  The 24 most-significant bit(s) in the expression will be dangling if they have no other fanouts. ;
+---------+-------+----------+------------------------------------------------------------------------------------------------------------------------------------------------------------------------------------+


+------------------------------------------------------------------------------------------------------------------------------------------------------+
; Port Connectivity Checks: "controller22:controller22"                                                                                                ;
+-------+--------+----------+--------------------------------------------------------------------------------------------------------------------------+
; Port  ; Type   ; Severity ; Details                                                                                                                  ;
+-------+--------+----------+--------------------------------------------------------------------------------------------------------------------------+
; alucs ; Output ; Warning  ; Output or bidir port (5 bits) is wider than the port expression (4 bits) it drives; bit(s) "alucs[4..4]" have no fanouts ;
+-------+--------+----------+--------------------------------------------------------------------------------------------------------------------------+


+---------------------------------+
; Analysis & Elaboration Messages ;
+---------------------------------+
Info: *******************************************************************
Info: Running Quartus Prime Analysis & Elaboration
    Info: Version 20.1.1 Build 720 11/11/2020 SJ Lite Edition
    Info: Processing started: Tue Apr 08 22:58:09 2025
Info: Command: quartus_map --read_settings_files=on --write_settings_files=off rom -c rom --analysis_and_elaboration
Warning (18236): Number of processors has not been specified which may cause overloading on shared machines.  Set the global assignment NUM_PARALLEL_PROCESSORS in your QSF to an appropriate value for best performance.
Info (20030): Parallel compilation is enabled and will use 8 of the 8 processors detected
Info (12021): Found 1 design units, including 1 entities, in source file cpurom.v
    Info (12023): Found entity 1: cpurom File: E:/QuartusPrime/Computer and Network Technology/Ex6/cpurom.v Line: 40
Info (12021): Found 1 design units, including 1 entities, in source file rom.v
    Info (12023): Found entity 1: ROM File: E:/QuartusPrime/Computer and Network Technology/Ex6/ROM.v Line: 1
Info (12021): Found 1 design units, including 1 entities, in source file addrgen.v
    Info (12023): Found entity 1: addrGen File: E:/QuartusPrime/Computer and Network Technology/Ex6/addrGen.v Line: 1
Info (12021): Found 1 design units, including 1 entities, in source file rom_tb.v
    Info (12023): Found entity 1: ROM_tb File: E:/QuartusPrime/Computer and Network Technology/Ex6/ROM_tb.v Line: 2
Info (12021): Found 1 design units, including 1 entities, in source file rom2.v
    Info (12023): Found entity 1: ROM2 File: E:/QuartusPrime/Computer and Network Technology/Ex6/ROM2.v Line: 1
Info (12021): Found 1 design units, including 1 entities, in source file rom2_tb.v
    Info (12023): Found entity 1: ROM2_tb File: E:/QuartusPrime/Computer and Network Technology/Ex6/ROM2_tb.v Line: 2
Info (12021): Found 1 design units, including 1 entities, in source file cpurom2.v
    Info (12023): Found entity 1: cpurom2 File: E:/QuartusPrime/Computer and Network Technology/Ex6/cpurom2.v Line: 40
Info (12021): Found 1 design units, including 1 entities, in source file regfile.v
    Info (12023): Found entity 1: regfile File: E:/QuartusPrime/Computer and Network Technology/Ex6/regfile.v Line: 1
Info (12021): Found 1 design units, including 1 entities, in source file regfile_tb.v
    Info (12023): Found entity 1: regfile_tb File: E:/QuartusPrime/Computer and Network Technology/Ex6/regfile_tb.v Line: 2
Info (12021): Found 1 design units, including 1 entities, in source file regfile2.v
    Info (12023): Found entity 1: regfile2 File: E:/QuartusPrime/Computer and Network Technology/Ex6/regfile2.v Line: 1
Info (12021): Found 1 design units, including 1 entities, in source file regfile2_tb.v
    Info (12023): Found entity 1: regfile2_tb File: E:/QuartusPrime/Computer and Network Technology/Ex6/regfile2_tb.v Line: 2
Info (12021): Found 1 design units, including 1 entities, in source file alu.v
    Info (12023): Found entity 1: alu File: E:/QuartusPrime/Computer and Network Technology/Ex6/alu.v Line: 1
Info (12021): Found 1 design units, including 1 entities, in source file alu_tb.v
    Info (12023): Found entity 1: alu_tb File: E:/QuartusPrime/Computer and Network Technology/Ex6/alu_tb.v Line: 2
Info (12021): Found 1 design units, including 1 entities, in source file alu2.v
    Info (12023): Found entity 1: alu2 File: E:/QuartusPrime/Computer and Network Technology/Ex6/alu2.v Line: 1
Info (12021): Found 1 design units, including 1 entities, in source file alu2_tb.v
    Info (12023): Found entity 1: alu2_tb File: E:/QuartusPrime/Computer and Network Technology/Ex6/alu2_tb.v Line: 2
Info (12021): Found 1 design units, including 1 entities, in source file cpuram.v
    Info (12023): Found entity 1: cpuram File: E:/QuartusPrime/Computer and Network Technology/Ex6/cpuram.v Line: 40
Info (12021): Found 1 design units, including 1 entities, in source file addrdatagen.v
    Info (12023): Found entity 1: addrDataGen File: E:/QuartusPrime/Computer and Network Technology/Ex6/addrDataGen.v Line: 1
Info (12021): Found 1 design units, including 1 entities, in source file ram.v
    Info (12023): Found entity 1: RAM File: E:/QuartusPrime/Computer and Network Technology/Ex6/RAM.v Line: 1
Info (12021): Found 1 design units, including 1 entities, in source file ram_tb.v
    Info (12023): Found entity 1: RAM_tb File: E:/QuartusPrime/Computer and Network Technology/Ex6/RAM_tb.v Line: 2
Info (12021): Found 1 design units, including 1 entities, in source file cpuram2.v
    Info (12023): Found entity 1: cpuram2 File: E:/QuartusPrime/Computer and Network Technology/Ex6/cpuram2.v Line: 40
Info (12021): Found 1 design units, including 1 entities, in source file addrdatagen2.v
    Info (12023): Found entity 1: addrDataGen2 File: E:/QuartusPrime/Computer and Network Technology/Ex6/addrDataGen2.v Line: 1
Info (12021): Found 1 design units, including 1 entities, in source file ram2.v
    Info (12023): Found entity 1: RAM2 File: E:/QuartusPrime/Computer and Network Technology/Ex6/RAM2.v Line: 1
Info (12021): Found 1 design units, including 1 entities, in source file ram2_tb.v
    Info (12023): Found entity 1: RAM2_tb File: E:/QuartusPrime/Computer and Network Technology/Ex6/RAM2_tb.v Line: 2
Info (12021): Found 1 design units, including 1 entities, in source file flag.v
    Info (12023): Found entity 1: flag File: E:/QuartusPrime/Computer and Network Technology/Ex6/flag.v Line: 1
Info (12021): Found 1 design units, including 1 entities, in source file cpua.v
    Info (12023): Found entity 1: cpuA File: E:/QuartusPrime/Computer and Network Technology/Ex6/cpuA.v Line: 1
Info (12021): Found 1 design units, including 1 entities, in source file cpua_tb.v
    Info (12023): Found entity 1: cpuA_tb File: E:/QuartusPrime/Computer and Network Technology/Ex6/cpuA_tb.v Line: 2
Info (12021): Found 1 design units, including 1 entities, in source file flag_tb.v
    Info (12023): Found entity 1: flag_tb File: E:/QuartusPrime/Computer and Network Technology/Ex6/flag_tb.v Line: 2
Info (12021): Found 1 design units, including 1 entities, in source file mux2.v
    Info (12023): Found entity 1: mux2 File: E:/QuartusPrime/Computer and Network Technology/Ex6/mux2.v Line: 1
Info (12021): Found 1 design units, including 1 entities, in source file mux2_tb.v
    Info (12023): Found entity 1: mux2_tb File: E:/QuartusPrime/Computer and Network Technology/Ex6/mux2_tb.v Line: 2
Info (12021): Found 1 design units, including 1 entities, in source file mux1.v
    Info (12023): Found entity 1: mux1 File: E:/QuartusPrime/Computer and Network Technology/Ex6/mux1.v Line: 1
Info (12021): Found 1 design units, including 1 entities, in source file cpub.v
    Info (12023): Found entity 1: cpuB File: E:/QuartusPrime/Computer and Network Technology/Ex6/cpuB.v Line: 1
Info (12021): Found 1 design units, including 1 entities, in source file cpub_tb.v
    Info (12023): Found entity 1: cpuB_tb File: E:/QuartusPrime/Computer and Network Technology/Ex6/cpuB_tb.v Line: 2
Info (12021): Found 1 design units, including 1 entities, in source file controller.v
    Info (12023): Found entity 1: controller File: E:/QuartusPrime/Computer and Network Technology/Ex6/controller.v Line: 1
Info (12021): Found 1 design units, including 1 entities, in source file cpuc.v
    Info (12023): Found entity 1: cpuC File: E:/QuartusPrime/Computer and Network Technology/Ex6/cpuC.v Line: 1
Info (12021): Found 1 design units, including 1 entities, in source file cpuc_tb.v
    Info (12023): Found entity 1: cpuC_tb File: E:/QuartusPrime/Computer and Network Technology/Ex6/cpuC_tb.v Line: 2
Info (12021): Found 1 design units, including 1 entities, in source file cpud.v
    Info (12023): Found entity 1: cpuD File: E:/QuartusPrime/Computer and Network Technology/Ex6/cpuD.v Line: 1
Info (12021): Found 1 design units, including 1 entities, in source file cpud_tb.v
    Info (12023): Found entity 1: cpuD_tb File: E:/QuartusPrime/Computer and Network Technology/Ex6/cpuD_tb.v Line: 2
Info (12021): Found 1 design units, including 1 entities, in source file cpue.v
    Info (12023): Found entity 1: cpuE File: E:/QuartusPrime/Computer and Network Technology/Ex6/cpuE.v Line: 1
Info (12021): Found 1 design units, including 1 entities, in source file cpue_tb.v
    Info (12023): Found entity 1: cpuE_tb File: E:/QuartusPrime/Computer and Network Technology/Ex6/cpuE_tb.v Line: 2
Info (12021): Found 1 design units, including 1 entities, in source file pc.v
    Info (12023): Found entity 1: PC File: E:/QuartusPrime/Computer and Network Technology/Ex6/PC.v Line: 1
Info (12021): Found 1 design units, including 1 entities, in source file controller2.v
    Info (12023): Found entity 1: controller2 File: E:/QuartusPrime/Computer and Network Technology/Ex6/controller2.v Line: 1
Info (12021): Found 1 design units, including 1 entities, in source file cpuf.v
    Info (12023): Found entity 1: cpuF File: E:/QuartusPrime/Computer and Network Technology/Ex6/cpuF.v Line: 1
Info (12021): Found 1 design units, including 1 entities, in source file cpuf_tb.v
    Info (12023): Found entity 1: cpuF_tb File: E:/QuartusPrime/Computer and Network Technology/Ex6/cpuF_tb.v Line: 2
Info (12021): Found 1 design units, including 1 entities, in source file pc2.v
    Info (12023): Found entity 1: PC2 File: E:/QuartusPrime/Computer and Network Technology/Ex6/PC2.v Line: 1
Info (12021): Found 1 design units, including 1 entities, in source file mux12.v
    Info (12023): Found entity 1: mux12 File: E:/QuartusPrime/Computer and Network Technology/Ex6/mux12.v Line: 1
Info (12021): Found 1 design units, including 1 entities, in source file mux22.v
    Info (12023): Found entity 1: mux22 File: E:/QuartusPrime/Computer and Network Technology/Ex6/mux22.v Line: 1
Info (12021): Found 1 design units, including 1 entities, in source file moveimm.v
    Info (12023): Found entity 1: moveImm File: E:/QuartusPrime/Computer and Network Technology/Ex6/moveImm.v Line: 1
Info (12021): Found 1 design units, including 1 entities, in source file cpug.v
    Info (12023): Found entity 1: cpuG File: E:/QuartusPrime/Computer and Network Technology/Ex6/cpuG.v Line: 1
Info (12021): Found 1 design units, including 1 entities, in source file cpug_tb.v
    Info (12023): Found entity 1: cpuG_tb File: E:/QuartusPrime/Computer and Network Technology/Ex6/cpuG_tb.v Line: 2
Info (12021): Found 1 design units, including 1 entities, in source file controller22.v
    Info (12023): Found entity 1: controller22 File: E:/QuartusPrime/Computer and Network Technology/Ex6/controller22.v Line: 1
Warning (10236): Verilog HDL Implicit Net warning at cpuC.v(96): created implicit net for "redges" File: E:/QuartusPrime/Computer and Network Technology/Ex6/cpuC.v Line: 96
Info (12127): Elaborating entity "cpuG" for the top level hierarchy
Warning (10036): Verilog HDL or VHDL warning at cpuG.v(10): object "shamt" assigned a value but never read File: E:/QuartusPrime/Computer and Network Technology/Ex6/cpuG.v Line: 10
Warning (10036): Verilog HDL or VHDL warning at cpuG.v(11): object "addr" assigned a value but never read File: E:/QuartusPrime/Computer and Network Technology/Ex6/cpuG.v Line: 11
Info (12128): Elaborating entity "moveImm" for hierarchy "moveImm:moveImm" File: E:/QuartusPrime/Computer and Network Technology/Ex6/cpuG.v Line: 58
Info (12128): Elaborating entity "mux22" for hierarchy "mux22:muxscrB" File: E:/QuartusPrime/Computer and Network Technology/Ex6/cpuG.v Line: 64
Info (12128): Elaborating entity "mux12" for hierarchy "mux12:muxnd" File: E:/QuartusPrime/Computer and Network Technology/Ex6/cpuG.v Line: 70
Info (12128): Elaborating entity "regfile2" for hierarchy "regfile2:regfile" File: E:/QuartusPrime/Computer and Network Technology/Ex6/cpuG.v Line: 87
Warning (10855): Verilog HDL warning at regfile2.v(13): initial value for variable rf should be constant File: E:/QuartusPrime/Computer and Network Technology/Ex6/regfile2.v Line: 13
Info (12128): Elaborating entity "alu2" for hierarchy "alu2:alu" File: E:/QuartusPrime/Computer and Network Technology/Ex6/cpuG.v Line: 96
Warning (10270): Verilog HDL Case Statement warning at alu2.v(9): incomplete case statement has no default case item File: E:/QuartusPrime/Computer and Network Technology/Ex6/alu2.v Line: 9
Warning (10240): Verilog HDL Always Construct warning at alu2.v(8): inferring latch(es) for variable "s", which holds its previous value in one or more paths through the always construct File: E:/QuartusPrime/Computer and Network Technology/Ex6/alu2.v Line: 8
Warning (10240): Verilog HDL Always Construct warning at alu2.v(8): inferring latch(es) for variable "carry_out", which holds its previous value in one or more paths through the always construct File: E:/QuartusPrime/Computer and Network Technology/Ex6/alu2.v Line: 8
Info (10041): Inferred latch for "carry_out" at alu2.v(8) File: E:/QuartusPrime/Computer and Network Technology/Ex6/alu2.v Line: 8
Info (10041): Inferred latch for "s[0]" at alu2.v(8) File: E:/QuartusPrime/Computer and Network Technology/Ex6/alu2.v Line: 8
Info (10041): Inferred latch for "s[1]" at alu2.v(8) File: E:/QuartusPrime/Computer and Network Technology/Ex6/alu2.v Line: 8
Info (10041): Inferred latch for "s[2]" at alu2.v(8) File: E:/QuartusPrime/Computer and Network Technology/Ex6/alu2.v Line: 8
Info (10041): Inferred latch for "s[3]" at alu2.v(8) File: E:/QuartusPrime/Computer and Network Technology/Ex6/alu2.v Line: 8
Info (10041): Inferred latch for "s[4]" at alu2.v(8) File: E:/QuartusPrime/Computer and Network Technology/Ex6/alu2.v Line: 8
Info (10041): Inferred latch for "s[5]" at alu2.v(8) File: E:/QuartusPrime/Computer and Network Technology/Ex6/alu2.v Line: 8
Info (10041): Inferred latch for "s[6]" at alu2.v(8) File: E:/QuartusPrime/Computer and Network Technology/Ex6/alu2.v Line: 8
Info (10041): Inferred latch for "s[7]" at alu2.v(8) File: E:/QuartusPrime/Computer and Network Technology/Ex6/alu2.v Line: 8
Info (10041): Inferred latch for "s[8]" at alu2.v(8) File: E:/QuartusPrime/Computer and Network Technology/Ex6/alu2.v Line: 8
Info (10041): Inferred latch for "s[9]" at alu2.v(8) File: E:/QuartusPrime/Computer and Network Technology/Ex6/alu2.v Line: 8
Info (10041): Inferred latch for "s[10]" at alu2.v(8) File: E:/QuartusPrime/Computer and Network Technology/Ex6/alu2.v Line: 8
Info (10041): Inferred latch for "s[11]" at alu2.v(8) File: E:/QuartusPrime/Computer and Network Technology/Ex6/alu2.v Line: 8
Info (10041): Inferred latch for "s[12]" at alu2.v(8) File: E:/QuartusPrime/Computer and Network Technology/Ex6/alu2.v Line: 8
Info (10041): Inferred latch for "s[13]" at alu2.v(8) File: E:/QuartusPrime/Computer and Network Technology/Ex6/alu2.v Line: 8
Info (10041): Inferred latch for "s[14]" at alu2.v(8) File: E:/QuartusPrime/Computer and Network Technology/Ex6/alu2.v Line: 8
Info (10041): Inferred latch for "s[15]" at alu2.v(8) File: E:/QuartusPrime/Computer and Network Technology/Ex6/alu2.v Line: 8
Info (10041): Inferred latch for "s[16]" at alu2.v(8) File: E:/QuartusPrime/Computer and Network Technology/Ex6/alu2.v Line: 8
Info (10041): Inferred latch for "s[17]" at alu2.v(8) File: E:/QuartusPrime/Computer and Network Technology/Ex6/alu2.v Line: 8
Info (10041): Inferred latch for "s[18]" at alu2.v(8) File: E:/QuartusPrime/Computer and Network Technology/Ex6/alu2.v Line: 8
Info (10041): Inferred latch for "s[19]" at alu2.v(8) File: E:/QuartusPrime/Computer and Network Technology/Ex6/alu2.v Line: 8
Info (10041): Inferred latch for "s[20]" at alu2.v(8) File: E:/QuartusPrime/Computer and Network Technology/Ex6/alu2.v Line: 8
Info (10041): Inferred latch for "s[21]" at alu2.v(8) File: E:/QuartusPrime/Computer and Network Technology/Ex6/alu2.v Line: 8
Info (10041): Inferred latch for "s[22]" at alu2.v(8) File: E:/QuartusPrime/Computer and Network Technology/Ex6/alu2.v Line: 8
Info (10041): Inferred latch for "s[23]" at alu2.v(8) File: E:/QuartusPrime/Computer and Network Technology/Ex6/alu2.v Line: 8
Info (10041): Inferred latch for "s[24]" at alu2.v(8) File: E:/QuartusPrime/Computer and Network Technology/Ex6/alu2.v Line: 8
Info (10041): Inferred latch for "s[25]" at alu2.v(8) File: E:/QuartusPrime/Computer and Network Technology/Ex6/alu2.v Line: 8
Info (10041): Inferred latch for "s[26]" at alu2.v(8) File: E:/QuartusPrime/Computer and Network Technology/Ex6/alu2.v Line: 8
Info (10041): Inferred latch for "s[27]" at alu2.v(8) File: E:/QuartusPrime/Computer and Network Technology/Ex6/alu2.v Line: 8
Info (10041): Inferred latch for "s[28]" at alu2.v(8) File: E:/QuartusPrime/Computer and Network Technology/Ex6/alu2.v Line: 8
Info (10041): Inferred latch for "s[29]" at alu2.v(8) File: E:/QuartusPrime/Computer and Network Technology/Ex6/alu2.v Line: 8
Info (10041): Inferred latch for "s[30]" at alu2.v(8) File: E:/QuartusPrime/Computer and Network Technology/Ex6/alu2.v Line: 8
Info (10041): Inferred latch for "s[31]" at alu2.v(8) File: E:/QuartusPrime/Computer and Network Technology/Ex6/alu2.v Line: 8
Info (12128): Elaborating entity "flag" for hierarchy "flag:flag" File: E:/QuartusPrime/Computer and Network Technology/Ex6/cpuG.v Line: 105
Info (12128): Elaborating entity "PC2" for hierarchy "PC2:PC2" File: E:/QuartusPrime/Computer and Network Technology/Ex6/cpuG.v Line: 113
Warning (10230): Verilog HDL assignment warning at PC2.v(18): truncated value with size 16 to match size of target (8) File: E:/QuartusPrime/Computer and Network Technology/Ex6/PC2.v Line: 18
Warning (10230): Verilog HDL assignment warning at PC2.v(21): truncated value with size 32 to match size of target (8) File: E:/QuartusPrime/Computer and Network Technology/Ex6/PC2.v Line: 21
Warning (10230): Verilog HDL assignment warning at PC2.v(24): truncated value with size 32 to match size of target (8) File: E:/QuartusPrime/Computer and Network Technology/Ex6/PC2.v Line: 24
Info (12128): Elaborating entity "cpurom2" for hierarchy "cpurom2:cpu_rom_inst" File: E:/QuartusPrime/Computer and Network Technology/Ex6/cpuG.v Line: 118
Info (12128): Elaborating entity "altsyncram" for hierarchy "cpurom2:cpu_rom_inst|altsyncram:altsyncram_component" File: E:/QuartusPrime/Computer and Network Technology/Ex6/cpurom2.v Line: 82
Info (12130): Elaborated megafunction instantiation "cpurom2:cpu_rom_inst|altsyncram:altsyncram_component" File: E:/QuartusPrime/Computer and Network Technology/Ex6/cpurom2.v Line: 82
Info (12133): Instantiated megafunction "cpurom2:cpu_rom_inst|altsyncram:altsyncram_component" with the following parameter: File: E:/QuartusPrime/Computer and Network Technology/Ex6/cpurom2.v Line: 82
    Info (12134): Parameter "address_aclr_a" = "NONE"
    Info (12134): Parameter "clock_enable_input_a" = "BYPASS"
    Info (12134): Parameter "clock_enable_output_a" = "BYPASS"
    Info (12134): Parameter "init_file" = "rom2.hex"
    Info (12134): Parameter "intended_device_family" = "Cyclone 10 LP"
    Info (12134): Parameter "lpm_hint" = "ENABLE_RUNTIME_MOD=NO"
    Info (12134): Parameter "lpm_type" = "altsyncram"
    Info (12134): Parameter "numwords_a" = "256"
    Info (12134): Parameter "operation_mode" = "ROM"
    Info (12134): Parameter "outdata_aclr_a" = "NONE"
    Info (12134): Parameter "outdata_reg_a" = "UNREGISTERED"
    Info (12134): Parameter "widthad_a" = "8"
    Info (12134): Parameter "width_a" = "32"
    Info (12134): Parameter "width_byteena_a" = "1"
Info (12021): Found 1 design units, including 1 entities, in source file db/altsyncram_4o91.tdf
    Info (12023): Found entity 1: altsyncram_4o91 File: E:/QuartusPrime/Computer and Network Technology/Ex6/db/altsyncram_4o91.tdf Line: 28
Info (12128): Elaborating entity "altsyncram_4o91" for hierarchy "cpurom2:cpu_rom_inst|altsyncram:altsyncram_component|altsyncram_4o91:auto_generated" File: e:/quartusprime/quartusprime/quartus/libraries/megafunctions/altsyncram.tdf Line: 792
Info (12128): Elaborating entity "controller22" for hierarchy "controller22:controller22" File: E:/QuartusPrime/Computer and Network Technology/Ex6/cpuG.v Line: 132
Warning (10240): Verilog HDL Always Construct warning at controller22.v(23): inferring latch(es) for variable "selscrB", which holds its previous value in one or more paths through the always construct File: E:/QuartusPrime/Computer and Network Technology/Ex6/controller22.v Line: 23
Warning (10240): Verilog HDL Always Construct warning at controller22.v(23): inferring latch(es) for variable "redges", which holds its previous value in one or more paths through the always construct File: E:/QuartusPrime/Computer and Network Technology/Ex6/controller22.v Line: 23
Warning (10240): Verilog HDL Always Construct warning at controller22.v(23): inferring latch(es) for variable "memtoreg", which holds its previous value in one or more paths through the always construct File: E:/QuartusPrime/Computer and Network Technology/Ex6/controller22.v Line: 23
Warning (10240): Verilog HDL Always Construct warning at controller22.v(23): inferring latch(es) for variable "flagwrite", which holds its previous value in one or more paths through the always construct File: E:/QuartusPrime/Computer and Network Technology/Ex6/controller22.v Line: 23
Warning (10240): Verilog HDL Always Construct warning at controller22.v(23): inferring latch(es) for variable "alucs", which holds its previous value in one or more paths through the always construct File: E:/QuartusPrime/Computer and Network Technology/Ex6/controller22.v Line: 23
Info (10041): Inferred latch for "alucs[0]" at controller22.v(48) File: E:/QuartusPrime/Computer and Network Technology/Ex6/controller22.v Line: 48
Info (10041): Inferred latch for "alucs[1]" at controller22.v(48) File: E:/QuartusPrime/Computer and Network Technology/Ex6/controller22.v Line: 48
Info (10041): Inferred latch for "alucs[2]" at controller22.v(48) File: E:/QuartusPrime/Computer and Network Technology/Ex6/controller22.v Line: 48
Info (10041): Inferred latch for "alucs[3]" at controller22.v(48) File: E:/QuartusPrime/Computer and Network Technology/Ex6/controller22.v Line: 48
Info (10041): Inferred latch for "alucs[4]" at controller22.v(48) File: E:/QuartusPrime/Computer and Network Technology/Ex6/controller22.v Line: 48
Info (10041): Inferred latch for "flagwrite" at controller22.v(48) File: E:/QuartusPrime/Computer and Network Technology/Ex6/controller22.v Line: 48
Info (10041): Inferred latch for "memtoreg" at controller22.v(48) File: E:/QuartusPrime/Computer and Network Technology/Ex6/controller22.v Line: 48
Info (10041): Inferred latch for "redges" at controller22.v(48) File: E:/QuartusPrime/Computer and Network Technology/Ex6/controller22.v Line: 48
Info (10041): Inferred latch for "selscrB" at controller22.v(48) File: E:/QuartusPrime/Computer and Network Technology/Ex6/controller22.v Line: 48
Info (12128): Elaborating entity "cpuram2" for hierarchy "cpuram2:cpu_ram_inst" File: E:/QuartusPrime/Computer and Network Technology/Ex6/cpuG.v Line: 140
Info (12128): Elaborating entity "altsyncram" for hierarchy "cpuram2:cpu_ram_inst|altsyncram:altsyncram_component" File: E:/QuartusPrime/Computer and Network Technology/Ex6/cpuram2.v Line: 89
Info (12130): Elaborated megafunction instantiation "cpuram2:cpu_ram_inst|altsyncram:altsyncram_component" File: E:/QuartusPrime/Computer and Network Technology/Ex6/cpuram2.v Line: 89
Info (12133): Instantiated megafunction "cpuram2:cpu_ram_inst|altsyncram:altsyncram_component" with the following parameter: File: E:/QuartusPrime/Computer and Network Technology/Ex6/cpuram2.v Line: 89
    Info (12134): Parameter "clock_enable_input_a" = "BYPASS"
    Info (12134): Parameter "clock_enable_output_a" = "BYPASS"
    Info (12134): Parameter "intended_device_family" = "Cyclone 10 LP"
    Info (12134): Parameter "lpm_hint" = "ENABLE_RUNTIME_MOD=NO"
    Info (12134): Parameter "lpm_type" = "altsyncram"
    Info (12134): Parameter "numwords_a" = "256"
    Info (12134): Parameter "operation_mode" = "SINGLE_PORT"
    Info (12134): Parameter "outdata_aclr_a" = "CLEAR0"
    Info (12134): Parameter "outdata_reg_a" = "UNREGISTERED"
    Info (12134): Parameter "power_up_uninitialized" = "FALSE"
    Info (12134): Parameter "read_during_write_mode_port_a" = "NEW_DATA_NO_NBE_READ"
    Info (12134): Parameter "widthad_a" = "8"
    Info (12134): Parameter "width_a" = "32"
    Info (12134): Parameter "width_byteena_a" = "1"
Info (12021): Found 1 design units, including 1 entities, in source file db/altsyncram_6qg1.tdf
    Info (12023): Found entity 1: altsyncram_6qg1 File: E:/QuartusPrime/Computer and Network Technology/Ex6/db/altsyncram_6qg1.tdf Line: 28
Info (12128): Elaborating entity "altsyncram_6qg1" for hierarchy "cpuram2:cpu_ram_inst|altsyncram:altsyncram_component|altsyncram_6qg1:auto_generated" File: e:/quartusprime/quartusprime/quartus/libraries/megafunctions/altsyncram.tdf Line: 792
Warning (12241): 2 hierarchies have connectivity warnings - see the Connectivity Checks report folder
Info: Quartus Prime Analysis & Elaboration was successful. 0 errors, 17 warnings
    Info: Peak virtual memory: 4732 megabytes
    Info: Processing ended: Tue Apr 08 22:58:17 2025
    Info: Elapsed time: 00:00:08
    Info: Total CPU time (on all processors): 00:00:20


