Flow report for EDA3
Sat Aug 17 15:55:36 2024
Quartus II 64-Bit Version 13.0.0 Build 156 04/24/2013 SJ Full Version


---------------------
; Table of Contents ;
---------------------
  1. Legal Notice
  2. Flow Summary
  3. Flow Settings
  4. Flow Non-Default Global Settings
  5. Flow Elapsed Time
  6. Flow OS Summary
  7. Flow Log
  8. Flow Messages
  9. Flow Suppressed Messages



----------------
; Legal Notice ;
----------------
Copyright (C) 1991-2013 Altera Corporation
Your use of Altera Corporation's design tools, logic functions 
and other software and tools, and its AMPP partner logic 
functions, and any output files from any of the foregoing 
(including device programming or simulation files), and any 
associated documentation or information are expressly subject 
to the terms and conditions of the Altera Program License 
Subscription Agreement, Altera MegaCore Function License 
Agreement, or other applicable license agreement, including, 
without limitation, that your use is for the sole purpose of 
programming logic devices manufactured by Altera and sold by 
Altera or its authorized distributors.  Please refer to the 
applicable agreement for further details.



+----------------------------------------------------------------------------------+
; Flow Summary                                                                     ;
+------------------------------------+---------------------------------------------+
; Flow Status                        ; Successful - Sat Aug 17 15:55:36 2024       ;
; Quartus II 64-Bit Version          ; 13.0.0 Build 156 04/24/2013 SJ Full Version ;
; Revision Name                      ; EDA3                                        ;
; Top-level Entity Name              ; EDA3_control                                ;
; Family                             ; Cyclone II                                  ;
; Device                             ; EP2C5Q208C8                                 ;
; Timing Models                      ; Final                                       ;
; Total logic elements               ; 368 / 4,608 ( 8 % )                         ;
;     Total combinational functions  ; 364 / 4,608 ( 8 % )                         ;
;     Dedicated logic registers      ; 53 / 4,608 ( 1 % )                          ;
; Total registers                    ; 53                                          ;
; Total pins                         ; 23 / 142 ( 16 % )                           ;
; Total virtual pins                 ; 0                                           ;
; Total memory bits                  ; 0 / 119,808 ( 0 % )                         ;
; Embedded Multiplier 9-bit elements ; 0 / 26 ( 0 % )                              ;
; Total PLLs                         ; 0 / 2 ( 0 % )                               ;
+------------------------------------+---------------------------------------------+


+-----------------------------------------+
; Flow Settings                           ;
+-------------------+---------------------+
; Option            ; Setting             ;
+-------------------+---------------------+
; Start date & time ; 08/17/2024 15:55:27 ;
; Main task         ; Compilation         ;
; Revision Name     ; EDA3                ;
+-------------------+---------------------+


+------------------------------------------------------------------------------------------------------------------------+
; Flow Non-Default Global Settings                                                                                       ;
+--------------------------------------+---------------------------------+---------------+--------------+----------------+
; Assignment Name                      ; Value                           ; Default Value ; Entity Name  ; Section Id     ;
+--------------------------------------+---------------------------------+---------------+--------------+----------------+
; COMPILER_SIGNATURE_ID                ; 150241221060648.172388132742980 ; --            ; --           ; --             ;
; EDA_DESIGN_INSTANCE_NAME             ; NA                              ; --            ; --           ; EDA3_testbench ;
; EDA_GENERATE_FUNCTIONAL_NETLIST      ; On                              ; --            ; --           ; eda_simulation ;
; EDA_NATIVELINK_SIMULATION_TEST_BENCH ; EDA3_testbench                  ; --            ; --           ; eda_simulation ;
; EDA_OUTPUT_DATA_FORMAT               ; Verilog Hdl                     ; --            ; --           ; eda_simulation ;
; EDA_RUN_TOOL_AUTOMATICALLY           ; On                              ; --            ; --           ; eda_simulation ;
; EDA_SIMULATION_TOOL                  ; ModelSim-Altera (Verilog)       ; <None>        ; --           ; --             ;
; EDA_TEST_BENCH_ENABLE_STATUS         ; TEST_BENCH_MODE                 ; --            ; --           ; eda_simulation ;
; EDA_TEST_BENCH_FILE                  ; EDA3_testbench.v                ; --            ; --           ; EDA3_testbench ;
; EDA_TEST_BENCH_MODULE_NAME           ; EDA3_testbench                  ; --            ; --           ; EDA3_testbench ;
; EDA_TEST_BENCH_NAME                  ; EDA3_testbench                  ; --            ; --           ; eda_simulation ;
; EDA_TIME_SCALE                       ; 1 ps                            ; --            ; --           ; eda_simulation ;
; MAX_CORE_JUNCTION_TEMP               ; 85                              ; --            ; --           ; --             ;
; MIN_CORE_JUNCTION_TEMP               ; 0                               ; --            ; --           ; --             ;
; PARTITION_COLOR                      ; 16764057                        ; --            ; EDA3_control ; Top            ;
; PARTITION_FITTER_PRESERVATION_LEVEL  ; PLACEMENT_AND_ROUTING           ; --            ; EDA3_control ; Top            ;
; PARTITION_NETLIST_TYPE               ; SOURCE                          ; --            ; EDA3_control ; Top            ;
; PROJECT_OUTPUT_DIRECTORY             ; output_files                    ; --            ; --           ; --             ;
; TOP_LEVEL_ENTITY                     ; EDA3_control                    ; EDA3          ; --           ; --             ;
+--------------------------------------+---------------------------------+---------------+--------------+----------------+


+-------------------------------------------------------------------------------------------------------------------------------+
; Flow Elapsed Time                                                                                                             ;
+---------------------------+--------------+-------------------------+---------------------+------------------------------------+
; Module Name               ; Elapsed Time ; Average Processors Used ; Peak Virtual Memory ; Total CPU Time (on all processors) ;
+---------------------------+--------------+-------------------------+---------------------+------------------------------------+
; Analysis & Synthesis      ; 00:00:01     ; 1.0                     ; 4613 MB             ; 00:00:01                           ;
; Fitter                    ; 00:00:04     ; 1.0                     ; 5503 MB             ; 00:00:02                           ;
; Assembler                 ; 00:00:00     ; 1.0                     ; 4560 MB             ; 00:00:00                           ;
; TimeQuest Timing Analyzer ; 00:00:00     ; 1.0                     ; 4582 MB             ; 00:00:00                           ;
; EDA Netlist Writer        ; 00:00:00     ; 1.0                     ; 4529 MB             ; 00:00:00                           ;
; Total                     ; 00:00:05     ; --                      ; --                  ; 00:00:03                           ;
+---------------------------+--------------+-------------------------+---------------------+------------------------------------+


+----------------------------------------------------------------------------------------+
; Flow OS Summary                                                                        ;
+---------------------------+------------------+-----------+------------+----------------+
; Module Name               ; Machine Hostname ; OS Name   ; OS Version ; Processor type ;
+---------------------------+------------------+-----------+------------+----------------+
; Analysis & Synthesis      ; Ngsanchong       ; Windows 7 ; 6.2        ; x86_64         ;
; Fitter                    ; Ngsanchong       ; Windows 7 ; 6.2        ; x86_64         ;
; Assembler                 ; Ngsanchong       ; Windows 7 ; 6.2        ; x86_64         ;
; TimeQuest Timing Analyzer ; Ngsanchong       ; Windows 7 ; 6.2        ; x86_64         ;
; EDA Netlist Writer        ; Ngsanchong       ; Windows 7 ; 6.2        ; x86_64         ;
+---------------------------+------------------+-----------+------------+----------------+


------------
; Flow Log ;
------------
quartus_map --read_settings_files=on --write_settings_files=off EDA3 -c EDA3
quartus_fit --read_settings_files=off --write_settings_files=off EDA3 -c EDA3
quartus_asm --read_settings_files=off --write_settings_files=off EDA3 -c EDA3
quartus_sta EDA3 -c EDA3
quartus_eda --read_settings_files=off --write_settings_files=off EDA3 -c EDA3



