Analysis & Synthesis report for EDA3
Fri Nov 29 23:11:56 2024
Quartus II 64-Bit Version 13.0.0 Build 156 04/24/2013 SJ Full Version


---------------------
; Table of Contents ;
---------------------
  1. Legal Notice
  2. Analysis & Synthesis Summary
  3. Analysis & Synthesis Settings
  4. Parallel Compilation
  5. Analysis & Synthesis Source Files Read
  6. Analysis & Synthesis Resource Usage Summary
  7. Analysis & Synthesis Resource Utilization by Entity
  8. State Machine - |EDA3_control|state
  9. Registers Removed During Synthesis
 10. General Register Statistics
 11. Multiplexer Restructuring Statistics (Restructuring Performed)
 12. Parameter Settings for User Entity Instance: Top-level Entity: |EDA3_control
 13. Parameter Settings for Inferred Entity Instance: lpm_divide:Div0
 14. Parameter Settings for Inferred Entity Instance: lpm_divide:Div1
 15. Parameter Settings for Inferred Entity Instance: lpm_mult:Mult0
 16. lpm_mult Parameter Settings by Entity Instance
 17. Elapsed Time Per Partition
 18. Analysis & Synthesis Messages



----------------
; Legal Notice ;
----------------
Copyright (C) 1991-2013 Altera Corporation
Your use of Altera Corporation's design tools, logic functions 
and other software and tools, and its AMPP partner logic 
functions, and any output files from any of the foregoing 
(including device programming or simulation files), and any 
associated documentation or information are expressly subject 
to the terms and conditions of the Altera Program License 
Subscription Agreement, Altera MegaCore Function License 
Agreement, or other applicable license agreement, including, 
without limitation, that your use is for the sole purpose of 
programming logic devices manufactured by Altera and sold by 
Altera or its authorized distributors.  Please refer to the 
applicable agreement for further details.



+----------------------------------------------------------------------------------+
; Analysis & Synthesis Summary                                                     ;
+------------------------------------+---------------------------------------------+
; Analysis & Synthesis Status        ; Successful - Fri Nov 29 23:11:56 2024       ;
; Quartus II 64-Bit Version          ; 13.0.0 Build 156 04/24/2013 SJ Full Version ;
; Revision Name                      ; EDA3                                        ;
; Top-level Entity Name              ; EDA3_control                                ;
; Family                             ; Cyclone II                                  ;
; Total logic elements               ; 367                                         ;
;     Total combinational functions  ; 364                                         ;
;     Dedicated logic registers      ; 53                                          ;
; Total registers                    ; 53                                          ;
; Total pins                         ; 23                                          ;
; Total virtual pins                 ; 0                                           ;
; Total memory bits                  ; 0                                           ;
; Embedded Multiplier 9-bit elements ; 0                                           ;
; Total PLLs                         ; 0                                           ;
+------------------------------------+---------------------------------------------+


+----------------------------------------------------------------------------------------------------------------------+
; Analysis & Synthesis Settings                                                                                        ;
+----------------------------------------------------------------------------+--------------------+--------------------+
; Option                                                                     ; Setting            ; Default Value      ;
+----------------------------------------------------------------------------+--------------------+--------------------+
; Device                                                                     ; EP2C5Q208C8        ;                    ;
; Top-level entity name                                                      ; EDA3_control       ; EDA3               ;
; Family name                                                                ; Cyclone II         ; Cyclone IV GX      ;
; Use smart compilation                                                      ; Off                ; Off                ;
; Enable parallel Assembler and TimeQuest Timing Analyzer during compilation ; On                 ; On                 ;
; Enable compact report table                                                ; Off                ; Off                ;
; Restructure Multiplexers                                                   ; Auto               ; Auto               ;
; Create Debugging Nodes for IP Cores                                        ; Off                ; Off                ;
; Preserve fewer node names                                                  ; On                 ; On                 ;
; Disable OpenCore Plus hardware evaluation                                  ; Off                ; Off                ;
; Verilog Version                                                            ; Verilog_2001       ; Verilog_2001       ;
; VHDL Version                                                               ; VHDL_1993          ; VHDL_1993          ;
; State Machine Processing                                                   ; Auto               ; Auto               ;
; Safe State Machine                                                         ; Off                ; Off                ;
; Extract Verilog State Machines                                             ; On                 ; On                 ;
; Extract VHDL State Machines                                                ; On                 ; On                 ;
; Ignore Verilog initial constructs                                          ; Off                ; Off                ;
; Iteration limit for constant Verilog loops                                 ; 5000               ; 5000               ;
; Iteration limit for non-constant Verilog loops                             ; 250                ; 250                ;
; Add Pass-Through Logic to Inferred RAMs                                    ; On                 ; On                 ;
; Infer RAMs from Raw Logic                                                  ; On                 ; On                 ;
; Parallel Synthesis                                                         ; On                 ; On                 ;
; DSP Block Balancing                                                        ; Auto               ; Auto               ;
; NOT Gate Push-Back                                                         ; On                 ; On                 ;
; Power-Up Don't Care                                                        ; On                 ; On                 ;
; Remove Redundant Logic Cells                                               ; Off                ; Off                ;
; Remove Duplicate Registers                                                 ; On                 ; On                 ;
; Ignore CARRY Buffers                                                       ; Off                ; Off                ;
; Ignore CASCADE Buffers                                                     ; Off                ; Off                ;
; Ignore GLOBAL Buffers                                                      ; Off                ; Off                ;
; Ignore ROW GLOBAL Buffers                                                  ; Off                ; Off                ;
; Ignore LCELL Buffers                                                       ; Off                ; Off                ;
; Ignore SOFT Buffers                                                        ; On                 ; On                 ;
; Limit AHDL Integers to 32 Bits                                             ; Off                ; Off                ;
; Optimization Technique                                                     ; Balanced           ; Balanced           ;
; Carry Chain Length                                                         ; 70                 ; 70                 ;
; Auto Carry Chains                                                          ; On                 ; On                 ;
; Auto Open-Drain Pins                                                       ; On                 ; On                 ;
; Perform WYSIWYG Primitive Resynthesis                                      ; Off                ; Off                ;
; Auto ROM Replacement                                                       ; On                 ; On                 ;
; Auto RAM Replacement                                                       ; On                 ; On                 ;
; Auto Shift Register Replacement                                            ; Auto               ; Auto               ;
; Allow Shift Register Merging across Hierarchies                            ; Auto               ; Auto               ;
; Auto Clock Enable Replacement                                              ; On                 ; On                 ;
; Strict RAM Replacement                                                     ; Off                ; Off                ;
; Allow Synchronous Control Signals                                          ; On                 ; On                 ;
; Force Use of Synchronous Clear Signals                                     ; Off                ; Off                ;
; Auto RAM to Logic Cell Conversion                                          ; Off                ; Off                ;
; Auto Resource Sharing                                                      ; Off                ; Off                ;
; Allow Any RAM Size For Recognition                                         ; Off                ; Off                ;
; Allow Any ROM Size For Recognition                                         ; Off                ; Off                ;
; Allow Any Shift Register Size For Recognition                              ; Off                ; Off                ;
; Use LogicLock Constraints during Resource Balancing                        ; On                 ; On                 ;
; Ignore translate_off and synthesis_off directives                          ; Off                ; Off                ;
; Timing-Driven Synthesis                                                    ; Off                ; Off                ;
; Report Parameter Settings                                                  ; On                 ; On                 ;
; Report Source Assignments                                                  ; On                 ; On                 ;
; Report Connectivity Checks                                                 ; On                 ; On                 ;
; Ignore Maximum Fan-Out Assignments                                         ; Off                ; Off                ;
; Synchronization Register Chain Length                                      ; 2                  ; 2                  ;
; PowerPlay Power Optimization                                               ; Normal compilation ; Normal compilation ;
; HDL message level                                                          ; Level2             ; Level2             ;
; Suppress Register Optimization Related Messages                            ; Off                ; Off                ;
; Number of Removed Registers Reported in Synthesis Report                   ; 5000               ; 5000               ;
; Number of Swept Nodes Reported in Synthesis Report                         ; 5000               ; 5000               ;
; Number of Inverted Registers Reported in Synthesis Report                  ; 100                ; 100                ;
; Clock MUX Protection                                                       ; On                 ; On                 ;
; Auto Gated Clock Conversion                                                ; Off                ; Off                ;
; Block Design Naming                                                        ; Auto               ; Auto               ;
; SDC constraint protection                                                  ; Off                ; Off                ;
; Synthesis Effort                                                           ; Auto               ; Auto               ;
; Shift Register Replacement - Allow Asynchronous Clear Signal               ; On                 ; On                 ;
; Pre-Mapping Resynthesis Optimization                                       ; Off                ; Off                ;
; Analysis & Synthesis Message Level                                         ; Medium             ; Medium             ;
; Disable Register Merging Across Hierarchies                                ; Auto               ; Auto               ;
; Resource Aware Inference For Block RAM                                     ; On                 ; On                 ;
; Synthesis Seed                                                             ; 1                  ; 1                  ;
+----------------------------------------------------------------------------+--------------------+--------------------+


+------------------------------------------+
; Parallel Compilation                     ;
+----------------------------+-------------+
; Processors                 ; Number      ;
+----------------------------+-------------+
; Number detected on machine ; 16          ;
; Maximum allowed            ; 8           ;
;                            ;             ;
; Average used               ; 1.00        ;
; Maximum used               ; 1           ;
;                            ;             ;
; Usage by Processor         ; % Time Used ;
;     Processor 1            ; 100.0%      ;
;     Processors 2-16        ;   0.0%      ;
+----------------------------+-------------+


+--------------------------------------------------------------------------------------------------------------------------------------------------------------------------------------------+
; Analysis & Synthesis Source Files Read                                                                                                                                                     ;
+----------------------------------+-----------------+------------------------------+----------------------------------------------------------------------------------------------+---------+
; File Name with User-Entered Path ; Used in Netlist ; File Type                    ; File Name with Absolute Path                                                                 ; Library ;
+----------------------------------+-----------------+------------------------------+----------------------------------------------------------------------------------------------+---------+
; EDA3_control.v                   ; yes             ; User Verilog HDL File        ; E:/altera/13.0/Digital Electronics/EDA3/EDA3_week14/EDA3_restored/EDA3_control.v             ;         ;
; lpm_divide.tdf                   ; yes             ; Megafunction                 ; e:/altera/13.0/quartus/libraries/megafunctions/lpm_divide.tdf                                ;         ;
; abs_divider.inc                  ; yes             ; Megafunction                 ; e:/altera/13.0/quartus/libraries/megafunctions/abs_divider.inc                               ;         ;
; sign_div_unsign.inc              ; yes             ; Megafunction                 ; e:/altera/13.0/quartus/libraries/megafunctions/sign_div_unsign.inc                           ;         ;
; aglobal130.inc                   ; yes             ; Megafunction                 ; e:/altera/13.0/quartus/libraries/megafunctions/aglobal130.inc                                ;         ;
; db/lpm_divide_iem.tdf            ; yes             ; Auto-Generated Megafunction  ; E:/altera/13.0/Digital Electronics/EDA3/EDA3_week14/EDA3_restored/db/lpm_divide_iem.tdf      ;         ;
; db/sign_div_unsign_slh.tdf       ; yes             ; Auto-Generated Megafunction  ; E:/altera/13.0/Digital Electronics/EDA3/EDA3_week14/EDA3_restored/db/sign_div_unsign_slh.tdf ;         ;
; db/alt_u_div_q2f.tdf             ; yes             ; Auto-Generated Megafunction  ; E:/altera/13.0/Digital Electronics/EDA3/EDA3_week14/EDA3_restored/db/alt_u_div_q2f.tdf       ;         ;
; db/add_sub_lkc.tdf               ; yes             ; Auto-Generated Megafunction  ; E:/altera/13.0/Digital Electronics/EDA3/EDA3_week14/EDA3_restored/db/add_sub_lkc.tdf         ;         ;
; db/add_sub_mkc.tdf               ; yes             ; Auto-Generated Megafunction  ; E:/altera/13.0/Digital Electronics/EDA3/EDA3_week14/EDA3_restored/db/add_sub_mkc.tdf         ;         ;
; db/lpm_divide_eem.tdf            ; yes             ; Auto-Generated Megafunction  ; E:/altera/13.0/Digital Electronics/EDA3/EDA3_week14/EDA3_restored/db/lpm_divide_eem.tdf      ;         ;
; db/sign_div_unsign_olh.tdf       ; yes             ; Auto-Generated Megafunction  ; E:/altera/13.0/Digital Electronics/EDA3/EDA3_week14/EDA3_restored/db/sign_div_unsign_olh.tdf ;         ;
; db/alt_u_div_i2f.tdf             ; yes             ; Auto-Generated Megafunction  ; E:/altera/13.0/Digital Electronics/EDA3/EDA3_week14/EDA3_restored/db/alt_u_div_i2f.tdf       ;         ;
; lpm_mult.tdf                     ; yes             ; Megafunction                 ; e:/altera/13.0/quartus/libraries/megafunctions/lpm_mult.tdf                                  ;         ;
; lpm_add_sub.inc                  ; yes             ; Megafunction                 ; e:/altera/13.0/quartus/libraries/megafunctions/lpm_add_sub.inc                               ;         ;
; multcore.inc                     ; yes             ; Megafunction                 ; e:/altera/13.0/quartus/libraries/megafunctions/multcore.inc                                  ;         ;
; bypassff.inc                     ; yes             ; Megafunction                 ; e:/altera/13.0/quartus/libraries/megafunctions/bypassff.inc                                  ;         ;
; altshift.inc                     ; yes             ; Megafunction                 ; e:/altera/13.0/quartus/libraries/megafunctions/altshift.inc                                  ;         ;
; multcore.tdf                     ; yes             ; Megafunction                 ; e:/altera/13.0/quartus/libraries/megafunctions/multcore.tdf                                  ;         ;
; csa_add.inc                      ; yes             ; Megafunction                 ; e:/altera/13.0/quartus/libraries/megafunctions/csa_add.inc                                   ;         ;
; mpar_add.inc                     ; yes             ; Megafunction                 ; e:/altera/13.0/quartus/libraries/megafunctions/mpar_add.inc                                  ;         ;
; muleabz.inc                      ; yes             ; Megafunction                 ; e:/altera/13.0/quartus/libraries/megafunctions/muleabz.inc                                   ;         ;
; mul_lfrg.inc                     ; yes             ; Megafunction                 ; e:/altera/13.0/quartus/libraries/megafunctions/mul_lfrg.inc                                  ;         ;
; mul_boothc.inc                   ; yes             ; Megafunction                 ; e:/altera/13.0/quartus/libraries/megafunctions/mul_boothc.inc                                ;         ;
; alt_ded_mult.inc                 ; yes             ; Megafunction                 ; e:/altera/13.0/quartus/libraries/megafunctions/alt_ded_mult.inc                              ;         ;
; alt_ded_mult_y.inc               ; yes             ; Megafunction                 ; e:/altera/13.0/quartus/libraries/megafunctions/alt_ded_mult_y.inc                            ;         ;
; dffpipe.inc                      ; yes             ; Megafunction                 ; e:/altera/13.0/quartus/libraries/megafunctions/dffpipe.inc                                   ;         ;
; mpar_add.tdf                     ; yes             ; Megafunction                 ; e:/altera/13.0/quartus/libraries/megafunctions/mpar_add.tdf                                  ;         ;
; lpm_add_sub.tdf                  ; yes             ; Megafunction                 ; e:/altera/13.0/quartus/libraries/megafunctions/lpm_add_sub.tdf                               ;         ;
; addcore.inc                      ; yes             ; Megafunction                 ; e:/altera/13.0/quartus/libraries/megafunctions/addcore.inc                                   ;         ;
; look_add.inc                     ; yes             ; Megafunction                 ; e:/altera/13.0/quartus/libraries/megafunctions/look_add.inc                                  ;         ;
; alt_stratix_add_sub.inc          ; yes             ; Megafunction                 ; e:/altera/13.0/quartus/libraries/megafunctions/alt_stratix_add_sub.inc                       ;         ;
; db/add_sub_3ch.tdf               ; yes             ; Auto-Generated Megafunction  ; E:/altera/13.0/Digital Electronics/EDA3/EDA3_week14/EDA3_restored/db/add_sub_3ch.tdf         ;         ;
; altshift.tdf                     ; yes             ; Megafunction                 ; e:/altera/13.0/quartus/libraries/megafunctions/altshift.tdf                                  ;         ;
+----------------------------------+-----------------+------------------------------+----------------------------------------------------------------------------------------------+---------+


+-----------------------------------------------------+
; Analysis & Synthesis Resource Usage Summary         ;
+---------------------------------------------+-------+
; Resource                                    ; Usage ;
+---------------------------------------------+-------+
; Estimated Total logic elements              ; 367   ;
;                                             ;       ;
; Total combinational functions               ; 364   ;
; Logic element usage by number of LUT inputs ;       ;
;     -- 4 input functions                    ; 107   ;
;     -- 3 input functions                    ; 119   ;
;     -- <=2 input functions                  ; 138   ;
;                                             ;       ;
; Logic elements by mode                      ;       ;
;     -- normal mode                          ; 250   ;
;     -- arithmetic mode                      ; 114   ;
;                                             ;       ;
; Total registers                             ; 53    ;
;     -- Dedicated logic registers            ; 53    ;
;     -- I/O registers                        ; 0     ;
;                                             ;       ;
; I/O pins                                    ; 23    ;
; Embedded Multiplier 9-bit elements          ; 0     ;
; Maximum fan-out node                        ; clk   ;
; Maximum fan-out                             ; 53    ;
; Total fan-out                               ; 1208  ;
; Average fan-out                             ; 2.75  ;
+---------------------------------------------+-------+


+------------------------------------------------------------------------------------------------------------------------------------------------------------------------------------------------------------------------------------------------------------------------------------------+
; Analysis & Synthesis Resource Utilization by Entity                                                                                                                                                                                                                                      ;
+---------------------------------------------+-------------------+--------------+-------------+--------------+---------+-----------+------+--------------+-----------------------------------------------------------------------------------------------------------------+--------------+
; Compilation Hierarchy Node                  ; LC Combinationals ; LC Registers ; Memory Bits ; DSP Elements ; DSP 9x9 ; DSP 18x18 ; Pins ; Virtual Pins ; Full Hierarchy Name                                                                                             ; Library Name ;
+---------------------------------------------+-------------------+--------------+-------------+--------------+---------+-----------+------+--------------+-----------------------------------------------------------------------------------------------------------------+--------------+
; |EDA3_control                               ; 364 (143)         ; 53 (53)      ; 0           ; 0            ; 0       ; 0         ; 23   ; 0            ; |EDA3_control                                                                                                   ;              ;
;    |lpm_divide:Div0|                        ; 158 (0)           ; 0 (0)        ; 0           ; 0            ; 0       ; 0         ; 0    ; 0            ; |EDA3_control|lpm_divide:Div0                                                                                   ;              ;
;       |lpm_divide_iem:auto_generated|       ; 158 (0)           ; 0 (0)        ; 0           ; 0            ; 0       ; 0         ; 0    ; 0            ; |EDA3_control|lpm_divide:Div0|lpm_divide_iem:auto_generated                                                     ;              ;
;          |sign_div_unsign_slh:divider|      ; 158 (0)           ; 0 (0)        ; 0           ; 0            ; 0       ; 0         ; 0    ; 0            ; |EDA3_control|lpm_divide:Div0|lpm_divide_iem:auto_generated|sign_div_unsign_slh:divider                         ;              ;
;             |alt_u_div_q2f:divider|         ; 158 (158)         ; 0 (0)        ; 0           ; 0            ; 0       ; 0         ; 0    ; 0            ; |EDA3_control|lpm_divide:Div0|lpm_divide_iem:auto_generated|sign_div_unsign_slh:divider|alt_u_div_q2f:divider   ;              ;
;    |lpm_divide:Div1|                        ; 46 (0)            ; 0 (0)        ; 0           ; 0            ; 0       ; 0         ; 0    ; 0            ; |EDA3_control|lpm_divide:Div1                                                                                   ;              ;
;       |lpm_divide_eem:auto_generated|       ; 46 (0)            ; 0 (0)        ; 0           ; 0            ; 0       ; 0         ; 0    ; 0            ; |EDA3_control|lpm_divide:Div1|lpm_divide_eem:auto_generated                                                     ;              ;
;          |sign_div_unsign_olh:divider|      ; 46 (0)            ; 0 (0)        ; 0           ; 0            ; 0       ; 0         ; 0    ; 0            ; |EDA3_control|lpm_divide:Div1|lpm_divide_eem:auto_generated|sign_div_unsign_olh:divider                         ;              ;
;             |alt_u_div_i2f:divider|         ; 46 (46)           ; 0 (0)        ; 0           ; 0            ; 0       ; 0         ; 0    ; 0            ; |EDA3_control|lpm_divide:Div1|lpm_divide_eem:auto_generated|sign_div_unsign_olh:divider|alt_u_div_i2f:divider   ;              ;
;    |lpm_mult:Mult0|                         ; 17 (0)            ; 0 (0)        ; 0           ; 0            ; 0       ; 0         ; 0    ; 0            ; |EDA3_control|lpm_mult:Mult0                                                                                    ;              ;
;       |multcore:mult_core|                  ; 17 (8)            ; 0 (0)        ; 0           ; 0            ; 0       ; 0         ; 0    ; 0            ; |EDA3_control|lpm_mult:Mult0|multcore:mult_core                                                                 ;              ;
;          |mpar_add:padder|                  ; 9 (0)             ; 0 (0)        ; 0           ; 0            ; 0       ; 0         ; 0    ; 0            ; |EDA3_control|lpm_mult:Mult0|multcore:mult_core|mpar_add:padder                                                 ;              ;
;             |lpm_add_sub:adder[0]|          ; 9 (0)             ; 0 (0)        ; 0           ; 0            ; 0       ; 0         ; 0    ; 0            ; |EDA3_control|lpm_mult:Mult0|multcore:mult_core|mpar_add:padder|lpm_add_sub:adder[0]                            ;              ;
;                |add_sub_3ch:auto_generated| ; 9 (9)             ; 0 (0)        ; 0           ; 0            ; 0       ; 0         ; 0    ; 0            ; |EDA3_control|lpm_mult:Mult0|multcore:mult_core|mpar_add:padder|lpm_add_sub:adder[0]|add_sub_3ch:auto_generated ;              ;
+---------------------------------------------+-------------------+--------------+-------------+--------------+---------+-----------+------+--------------+-----------------------------------------------------------------------------------------------------------------+--------------+
Note: For table entries with two numbers listed, the numbers in parentheses indicate the number of resources of the given type used by the specific entity alone. The numbers listed outside of parentheses indicate the total resources of the given type used by the specific entity and all of its sub-entities in the hierarchy.


Encoding Type:  One-Hot
+-------------------------------------------+
; State Machine - |EDA3_control|state       ;
+----------+----------+----------+----------+
; Name     ; state.s0 ; state.s2 ; state.s1 ;
+----------+----------+----------+----------+
; state.s0 ; 0        ; 0        ; 0        ;
; state.s1 ; 1        ; 0        ; 1        ;
; state.s2 ; 1        ; 1        ; 0        ;
+----------+----------+----------+----------+


+--------------------------------------------------------------------------------+
; Registers Removed During Synthesis                                             ;
+---------------------------------------+----------------------------------------+
; Register name                         ; Reason for Removal                     ;
+---------------------------------------+----------------------------------------+
; timer[0]                              ; Stuck at GND due to stuck port data_in ;
; Total Number of Removed Registers = 1 ;                                        ;
+---------------------------------------+----------------------------------------+


+------------------------------------------------------+
; General Register Statistics                          ;
+----------------------------------------------+-------+
; Statistic                                    ; Value ;
+----------------------------------------------+-------+
; Total registers                              ; 53    ;
; Number of registers using Synchronous Clear  ; 15    ;
; Number of registers using Synchronous Load   ; 3     ;
; Number of registers using Asynchronous Clear ; 0     ;
; Number of registers using Asynchronous Load  ; 0     ;
; Number of registers using Clock Enable       ; 31    ;
; Number of registers using Preset             ; 0     ;
+----------------------------------------------+-------+


+--------------------------------------------------------------------------------------------------------------------------------------------+
; Multiplexer Restructuring Statistics (Restructuring Performed)                                                                             ;
+--------------------+-----------+---------------+----------------------+------------------------+------------+------------------------------+
; Multiplexer Inputs ; Bus Width ; Baseline Area ; Area if Restructured ; Saving if Restructured ; Registered ; Example Multiplexer Output   ;
+--------------------+-----------+---------------+----------------------+------------------------+------------+------------------------------+
; 4:1                ; 12 bits   ; 24 LEs        ; 12 LEs               ; 12 LEs                 ; Yes        ; |EDA3_control|count10s[8]    ;
; 11:1               ; 3 bits    ; 21 LEs        ; 6 LEs                ; 15 LEs                 ; Yes        ; |EDA3_control|money1[0]~reg0 ;
; 11:1               ; 3 bits    ; 21 LEs        ; 6 LEs                ; 15 LEs                 ; Yes        ; |EDA3_control|time1[1]~reg0  ;
; 10:1               ; 5 bits    ; 30 LEs        ; 5 LEs                ; 25 LEs                 ; Yes        ; |EDA3_control|money1[3]~reg0 ;
; 11:1               ; 3 bits    ; 21 LEs        ; 9 LEs                ; 12 LEs                 ; Yes        ; |EDA3_control|time0[1]~reg0  ;
; 3:1                ; 14 bits   ; 28 LEs        ; 14 LEs               ; 14 LEs                 ; No         ; |EDA3_control|charge_time    ;
+--------------------+-----------+---------------+----------------------+------------------------+------------+------------------------------+


+------------------------------------------------------------------------------+
; Parameter Settings for User Entity Instance: Top-level Entity: |EDA3_control ;
+----------------+-------+-----------------------------------------------------+
; Parameter Name ; Value ; Type                                                ;
+----------------+-------+-----------------------------------------------------+
; s0             ; 00    ; Unsigned Binary                                     ;
; s1             ; 01    ; Unsigned Binary                                     ;
; s2             ; 10    ; Unsigned Binary                                     ;
; key_start      ; 1010  ; Unsigned Binary                                     ;
; key_clear      ; 1011  ; Unsigned Binary                                     ;
; key_confirm    ; 1100  ; Unsigned Binary                                     ;
+----------------+-------+-----------------------------------------------------+
Note: In order to hide this table in the UI and the text report file, please set the "Show Parameter Settings in Synthesis Report" option in "Analysis and Synthesis Settings -> More Settings" to "Off".


+------------------------------------------------------------------+
; Parameter Settings for Inferred Entity Instance: lpm_divide:Div0 ;
+------------------------+----------------+------------------------+
; Parameter Name         ; Value          ; Type                   ;
+------------------------+----------------+------------------------+
; LPM_WIDTHN             ; 14             ; Untyped                ;
; LPM_WIDTHD             ; 8              ; Untyped                ;
; LPM_NREPRESENTATION    ; UNSIGNED       ; Untyped                ;
; LPM_DREPRESENTATION    ; UNSIGNED       ; Untyped                ;
; LPM_PIPELINE           ; 0              ; Untyped                ;
; LPM_REMAINDERPOSITIVE  ; TRUE           ; Untyped                ;
; MAXIMIZE_SPEED         ; 5              ; Untyped                ;
; CBXI_PARAMETER         ; lpm_divide_iem ; Untyped                ;
; CARRY_CHAIN            ; MANUAL         ; Untyped                ;
; OPTIMIZE_FOR_SPEED     ; 5              ; Untyped                ;
; AUTO_CARRY_CHAINS      ; ON             ; AUTO_CARRY             ;
; IGNORE_CARRY_BUFFERS   ; OFF            ; IGNORE_CARRY           ;
; AUTO_CASCADE_CHAINS    ; ON             ; AUTO_CASCADE           ;
; IGNORE_CASCADE_BUFFERS ; OFF            ; IGNORE_CASCADE         ;
+------------------------+----------------+------------------------+
Note: In order to hide this table in the UI and the text report file, please set the "Show Parameter Settings in Synthesis Report" option in "Analysis and Synthesis Settings -> More Settings" to "Off".


+------------------------------------------------------------------+
; Parameter Settings for Inferred Entity Instance: lpm_divide:Div1 ;
+------------------------+----------------+------------------------+
; Parameter Name         ; Value          ; Type                   ;
+------------------------+----------------+------------------------+
; LPM_WIDTHN             ; 14             ; Untyped                ;
; LPM_WIDTHD             ; 4              ; Untyped                ;
; LPM_NREPRESENTATION    ; UNSIGNED       ; Untyped                ;
; LPM_DREPRESENTATION    ; UNSIGNED       ; Untyped                ;
; LPM_PIPELINE           ; 0              ; Untyped                ;
; LPM_REMAINDERPOSITIVE  ; TRUE           ; Untyped                ;
; MAXIMIZE_SPEED         ; 5              ; Untyped                ;
; CBXI_PARAMETER         ; lpm_divide_eem ; Untyped                ;
; CARRY_CHAIN            ; MANUAL         ; Untyped                ;
; OPTIMIZE_FOR_SPEED     ; 5              ; Untyped                ;
; AUTO_CARRY_CHAINS      ; ON             ; AUTO_CARRY             ;
; IGNORE_CARRY_BUFFERS   ; OFF            ; IGNORE_CARRY           ;
; AUTO_CASCADE_CHAINS    ; ON             ; AUTO_CASCADE           ;
; IGNORE_CASCADE_BUFFERS ; OFF            ; IGNORE_CASCADE         ;
+------------------------+----------------+------------------------+
Note: In order to hide this table in the UI and the text report file, please set the "Show Parameter Settings in Synthesis Report" option in "Analysis and Synthesis Settings -> More Settings" to "Off".


+-----------------------------------------------------------------------------------+
; Parameter Settings for Inferred Entity Instance: lpm_mult:Mult0                   ;
+------------------------------------------------+------------+---------------------+
; Parameter Name                                 ; Value      ; Type                ;
+------------------------------------------------+------------+---------------------+
; AUTO_CARRY_CHAINS                              ; ON         ; AUTO_CARRY          ;
; IGNORE_CARRY_BUFFERS                           ; OFF        ; IGNORE_CARRY        ;
; AUTO_CASCADE_CHAINS                            ; ON         ; AUTO_CASCADE        ;
; IGNORE_CASCADE_BUFFERS                         ; OFF        ; IGNORE_CASCADE      ;
; LPM_WIDTHA                                     ; 6          ; Untyped             ;
; LPM_WIDTHB                                     ; 8          ; Untyped             ;
; LPM_WIDTHP                                     ; 14         ; Untyped             ;
; LPM_WIDTHR                                     ; 14         ; Untyped             ;
; LPM_WIDTHS                                     ; 1          ; Untyped             ;
; LPM_REPRESENTATION                             ; UNSIGNED   ; Untyped             ;
; LPM_PIPELINE                                   ; 0          ; Untyped             ;
; LATENCY                                        ; 0          ; Untyped             ;
; INPUT_A_IS_CONSTANT                            ; NO         ; Untyped             ;
; INPUT_B_IS_CONSTANT                            ; YES        ; Untyped             ;
; USE_EAB                                        ; OFF        ; Untyped             ;
; MAXIMIZE_SPEED                                 ; 5          ; Untyped             ;
; DEVICE_FAMILY                                  ; Cyclone II ; Untyped             ;
; CARRY_CHAIN                                    ; MANUAL     ; Untyped             ;
; APEX20K_TECHNOLOGY_MAPPER                      ; LUT        ; TECH_MAPPER_APEX20K ;
; DEDICATED_MULTIPLIER_CIRCUITRY                 ; AUTO       ; Untyped             ;
; DEDICATED_MULTIPLIER_MIN_INPUT_WIDTH_FOR_AUTO  ; 0          ; Untyped             ;
; DEDICATED_MULTIPLIER_MIN_OUTPUT_WIDTH_FOR_AUTO ; 0          ; Untyped             ;
; CBXI_PARAMETER                                 ; NOTHING    ; Untyped             ;
; INPUT_A_FIXED_VALUE                            ; Bx         ; Untyped             ;
; INPUT_B_FIXED_VALUE                            ; Bx         ; Untyped             ;
; USE_AHDL_IMPLEMENTATION                        ; OFF        ; Untyped             ;
+------------------------------------------------+------------+---------------------+
Note: In order to hide this table in the UI and the text report file, please set the "Show Parameter Settings in Synthesis Report" option in "Analysis and Synthesis Settings -> More Settings" to "Off".


+--------------------------------------------------------+
; lpm_mult Parameter Settings by Entity Instance         ;
+---------------------------------------+----------------+
; Name                                  ; Value          ;
+---------------------------------------+----------------+
; Number of entity instances            ; 1              ;
; Entity Instance                       ; lpm_mult:Mult0 ;
;     -- LPM_WIDTHA                     ; 6              ;
;     -- LPM_WIDTHB                     ; 8              ;
;     -- LPM_WIDTHP                     ; 14             ;
;     -- LPM_REPRESENTATION             ; UNSIGNED       ;
;     -- INPUT_A_IS_CONSTANT            ; NO             ;
;     -- INPUT_B_IS_CONSTANT            ; YES            ;
;     -- USE_EAB                        ; OFF            ;
;     -- DEDICATED_MULTIPLIER_CIRCUITRY ; AUTO           ;
;     -- INPUT_A_FIXED_VALUE            ; Bx             ;
;     -- INPUT_B_FIXED_VALUE            ; Bx             ;
+---------------------------------------+----------------+


+-------------------------------+
; Elapsed Time Per Partition    ;
+----------------+--------------+
; Partition Name ; Elapsed Time ;
+----------------+--------------+
; Top            ; 00:00:01     ;
+----------------+--------------+


+-------------------------------+
; Analysis & Synthesis Messages ;
+-------------------------------+
Info: *******************************************************************
Info: Running Quartus II 64-Bit Analysis & Synthesis
    Info: Version 13.0.0 Build 156 04/24/2013 SJ Full Version
    Info: Processing started: Fri Nov 29 23:11:54 2024
Info: Command: quartus_map --read_settings_files=on --write_settings_files=off EDA3 -c EDA3
Info (11104): Parallel Compilation has detected 16 hyper-threaded processors. However, the extra hyper-threaded processors will not be used by default. Parallel Compilation will use 8 of the 8 physical processors detected instead.
Info (12021): Found 1 design units, including 1 entities, in source file eda3_coincharger.bdf
    Info (12023): Found entity 1: EDA3_coincharger
Info (12021): Found 1 design units, including 1 entities, in source file eda3_divider_250hz.v
    Info (12023): Found entity 1: EDA3_divider_250Hz
Info (12021): Found 1 design units, including 1 entities, in source file eda3_keyboard.v
    Info (12023): Found entity 1: EDA3_keyboard
Info (12021): Found 1 design units, including 1 entities, in source file eda3_display.v
    Info (12023): Found entity 1: EDA3_display
Info (12021): Found 1 design units, including 1 entities, in source file eda3_control.v
    Info (12023): Found entity 1: EDA3_control
Info (12021): Found 1 design units, including 1 entities, in source file eda3_testbench.v
    Info (12023): Found entity 1: EDA3_testbench
Info (12127): Elaborating entity "EDA3_control" for the top level hierarchy
Warning (10230): Verilog HDL assignment warning at EDA3_control.v(69): truncated value with size 32 to match size of target (4)
Warning (10230): Verilog HDL assignment warning at EDA3_control.v(70): truncated value with size 32 to match size of target (4)
Warning (10230): Verilog HDL assignment warning at EDA3_control.v(72): truncated value with size 32 to match size of target (4)
Warning (10230): Verilog HDL assignment warning at EDA3_control.v(73): truncated value with size 32 to match size of target (4)
Warning (10230): Verilog HDL assignment warning at EDA3_control.v(83): truncated value with size 32 to match size of target (6)
Warning (10230): Verilog HDL assignment warning at EDA3_control.v(84): truncated value with size 32 to match size of target (14)
Warning (10230): Verilog HDL assignment warning at EDA3_control.v(86): truncated value with size 32 to match size of target (12)
Warning (10230): Verilog HDL assignment warning at EDA3_control.v(98): truncated value with size 32 to match size of target (4)
Warning (10230): Verilog HDL assignment warning at EDA3_control.v(99): truncated value with size 32 to match size of target (4)
Info (278001): Inferred 3 megafunctions from design logic
    Info (278004): Inferred divider/modulo megafunction ("lpm_divide") from the following logic: "Div0"
    Info (278004): Inferred divider/modulo megafunction ("lpm_divide") from the following logic: "Div1"
    Info (278003): Inferred multiplier megafunction ("lpm_mult") from the following logic: "Mult0"
Info (12130): Elaborated megafunction instantiation "lpm_divide:Div0"
Info (12133): Instantiated megafunction "lpm_divide:Div0" with the following parameter:
    Info (12134): Parameter "LPM_WIDTHN" = "14"
    Info (12134): Parameter "LPM_WIDTHD" = "8"
    Info (12134): Parameter "LPM_NREPRESENTATION" = "UNSIGNED"
    Info (12134): Parameter "LPM_DREPRESENTATION" = "UNSIGNED"
Info (12021): Found 1 design units, including 1 entities, in source file db/lpm_divide_iem.tdf
    Info (12023): Found entity 1: lpm_divide_iem
Info (12021): Found 1 design units, including 1 entities, in source file db/sign_div_unsign_slh.tdf
    Info (12023): Found entity 1: sign_div_unsign_slh
Info (12021): Found 1 design units, including 1 entities, in source file db/alt_u_div_q2f.tdf
    Info (12023): Found entity 1: alt_u_div_q2f
Info (12021): Found 1 design units, including 1 entities, in source file db/add_sub_lkc.tdf
    Info (12023): Found entity 1: add_sub_lkc
Info (12021): Found 1 design units, including 1 entities, in source file db/add_sub_mkc.tdf
    Info (12023): Found entity 1: add_sub_mkc
Info (12130): Elaborated megafunction instantiation "lpm_divide:Div1"
Info (12133): Instantiated megafunction "lpm_divide:Div1" with the following parameter:
    Info (12134): Parameter "LPM_WIDTHN" = "14"
    Info (12134): Parameter "LPM_WIDTHD" = "4"
    Info (12134): Parameter "LPM_NREPRESENTATION" = "UNSIGNED"
    Info (12134): Parameter "LPM_DREPRESENTATION" = "UNSIGNED"
Info (12021): Found 1 design units, including 1 entities, in source file db/lpm_divide_eem.tdf
    Info (12023): Found entity 1: lpm_divide_eem
Info (12021): Found 1 design units, including 1 entities, in source file db/sign_div_unsign_olh.tdf
    Info (12023): Found entity 1: sign_div_unsign_olh
Info (12021): Found 1 design units, including 1 entities, in source file db/alt_u_div_i2f.tdf
    Info (12023): Found entity 1: alt_u_div_i2f
Info (12130): Elaborated megafunction instantiation "lpm_mult:Mult0"
Info (12133): Instantiated megafunction "lpm_mult:Mult0" with the following parameter:
    Info (12134): Parameter "LPM_WIDTHA" = "6"
    Info (12134): Parameter "LPM_WIDTHB" = "8"
    Info (12134): Parameter "LPM_WIDTHP" = "14"
    Info (12134): Parameter "LPM_WIDTHR" = "14"
    Info (12134): Parameter "LPM_WIDTHS" = "1"
    Info (12134): Parameter "LPM_REPRESENTATION" = "UNSIGNED"
    Info (12134): Parameter "INPUT_A_IS_CONSTANT" = "NO"
    Info (12134): Parameter "INPUT_B_IS_CONSTANT" = "YES"
    Info (12134): Parameter "MAXIMIZE_SPEED" = "5"
Info (12131): Elaborated megafunction instantiation "lpm_mult:Mult0|multcore:mult_core", which is child of megafunction instantiation "lpm_mult:Mult0"
Info (12131): Elaborated megafunction instantiation "lpm_mult:Mult0|multcore:mult_core|mpar_add:padder", which is child of megafunction instantiation "lpm_mult:Mult0"
Info (12131): Elaborated megafunction instantiation "lpm_mult:Mult0|multcore:mult_core|mpar_add:padder|lpm_add_sub:adder[0]", which is child of megafunction instantiation "lpm_mult:Mult0"
Info (12021): Found 1 design units, including 1 entities, in source file db/add_sub_3ch.tdf
    Info (12023): Found entity 1: add_sub_3ch
Info (12131): Elaborated megafunction instantiation "lpm_mult:Mult0|altshift:external_latency_ffs", which is child of megafunction instantiation "lpm_mult:Mult0"
Info (17016): Found the following redundant logic cells in design
    Info (17048): Logic cell "lpm_divide:Div1|lpm_divide_eem:auto_generated|sign_div_unsign_olh:divider|alt_u_div_i2f:divider|add_sub_10_result_int[0]~10"
    Info (17048): Logic cell "lpm_divide:Div1|lpm_divide_eem:auto_generated|sign_div_unsign_olh:divider|alt_u_div_i2f:divider|add_sub_11_result_int[0]~10"
Info (16010): Generating hard_block partition "hard_block:auto_generated_inst"
    Info (16011): Adding 0 node(s), including 0 DDIO, 0 PLL, 0 transceiver and 0 LCELL
Info (21057): Implemented 391 device resources after synthesis - the final resource count might be different
    Info (21058): Implemented 6 input pins
    Info (21059): Implemented 17 output pins
    Info (21061): Implemented 368 logic cells
Info: Quartus II 64-Bit Analysis & Synthesis was successful. 0 errors, 9 warnings
    Info: Peak virtual memory: 4619 megabytes
    Info: Processing ended: Fri Nov 29 23:11:56 2024
    Info: Elapsed time: 00:00:02
    Info: Total CPU time (on all processors): 00:00:00


